--------------- Build Started: 02/14/2021 15:45:08 Project: Care_support_system_peripheral, Configuration: ARM GCC 5.4-2016-q2-update Debug ---------------
cydsfit.exe -.appdatapath "C:\Users\d4hhm\AppData\Local\Cypress Semiconductor\PSoC Creator\4.2" -.fdsnotice -.fdswarpdepfile=warp_dependencies.txt -.fdselabdepfile=elab_dependencies.txt -.fdsbldfile=generated_files.txt -.fdsreffile=referenced_files.txt -p C:\Users\d4hhm\Documents\Care-support-system\Peripheral\Care_support_system_peripheral.cydsn\Care_support_system_peripheral.cyprj -d CYBLE-022001-00 -s C:\Users\d4hhm\Documents\Care-support-system\Peripheral\Care_support_system_peripheral.cydsn\Generated_Source\PSoC4 -- -yv2 -q10 -ygs -o2 -v3 -.fftcfgtype=LE
Elaborating Design...
HDL Generation...
Synthesis...
Tech Mapping...
ADD: pft.M0040: information: The following 3 pin(s) will be assigned a location by the fitter: \CapSense_1:Cmod(0)\, SCL_1(0), SDA_1(0)
Analog Placement...
Analog Routing...
Analog Code Generation...
Digital Placement...
Digital Routing...
Bitstream Generation...
Bitstream Verification...
Static timing analysis...
API Generation...
Dependency Generation...
Cleanup...
arm-none-eabi-gcc.exe -mcpu=cortex-m0 -mthumb -I. -IGenerated_Source\PSoC4 -Wa,-alh=.\CortexM0\ARM_GCC_541\Debug/CapSense_1.lst -g -D DEBUG -Wall -ffunction-sections -ffat-lto-objects -O0 -c Generated_Source\PSoC4\CapSense_1.c -o .\CortexM0\ARM_GCC_541\Debug\CapSense_1.o
arm-none-eabi-ar.exe -rs .\CortexM0\ARM_GCC_541\Debug\Care_support_system_peripheral.a .\CortexM0\ARM_GCC_541\Debug\BLE_1.o .\CortexM0\ARM_GCC_541\Debug\BLE_1_gatt.o .\CortexM0\ARM_GCC_541\Debug\BLE_1_eventHandler.o .\CortexM0\ARM_GCC_541\Debug\BLE_1_HAL_INT.o .\CortexM0\ARM_GCC_541\Debug\BLE_1_HAL_PVT.o .\CortexM0\ARM_GCC_541\Debug\BLE_1_bless_isr.o .\CortexM0\ARM_GCC_541\Debug\cy_em_eeprom.o .\CortexM0\ARM_GCC_541\Debug\CyFlash.o .\CortexM0\ARM_GCC_541\Debug\CyLib.o .\CortexM0\ARM_GCC_541\Debug\cyPm.o .\CortexM0\ARM_GCC_541\Debug\cyutils.o .\CortexM0\ARM_GCC_541\Debug\CyLFClk.o .\CortexM0\ARM_GCC_541\Debug\CapSense_1.o .\CortexM0\ARM_GCC_541\Debug\CapSense_1_PM.o .\CortexM0\ARM_GCC_541\Debug\CapSense_1_CSHL.o .\CortexM0\ARM_GCC_541\Debug\CapSense_1_INT.o .\CortexM0\ARM_GCC_541\Debug\CapSense_1_TunerHelper.o .\CortexM0\ARM_GCC_541\Debug\CapSense_1_SampleClk.o .\CortexM0\ARM_GCC_541\Debug\CapSense_1_Sns.o .\CortexM0\ARM_GCC_541\Debug\CapSense_1_Sns_PM.o .\CortexM0\ARM_GCC_541\Debug\CapSense_1_SenseClk.o .\CortexM0\ARM_GCC_541\Debug\SCB_1.o .\CortexM0\ARM_GCC_541\Debug\SCB_1_I2C_INT.o .\CortexM0\ARM_GCC_541\Debug\SCB_1_I2C.o .\CortexM0\ARM_GCC_541\Debug\SCB_1_I2C_BOOT.o .\CortexM0\ARM_GCC_541\Debug\SCB_1_I2C_MASTER.o .\CortexM0\ARM_GCC_541\Debug\SCB_1_PM.o .\CortexM0\ARM_GCC_541\Debug\SCB_1_BOOT.o .\CortexM0\ARM_GCC_541\Debug\SCL_1.o .\CortexM0\ARM_GCC_541\Debug\SCL_1_PM.o .\CortexM0\ARM_GCC_541\Debug\SDA_1.o .\CortexM0\ARM_GCC_541\Debug\SDA_1_PM.o .\CortexM0\ARM_GCC_541\Debug\SCB_1_SCBCLK.o .\CortexM0\ARM_GCC_541\Debug\SCB_1_SCB_IRQ.o .\CortexM0\ARM_GCC_541\Debug\CyBootAsmGnu.o
arm-none-eabi-ar.exe: creating .\CortexM0\ARM_GCC_541\Debug\Care_support_system_peripheral.a
arm-none-eabi-gcc.exe -Wl,--start-group -o C:\Users\d4hhm\Documents\Care-support-system\Peripheral\Care_support_system_peripheral.cydsn\CortexM0\ARM_GCC_541\Debug\Care_support_system_peripheral.elf .\CortexM0\ARM_GCC_541\Debug\main.o .\CortexM0\ARM_GCC_541\Debug\BME280.o .\CortexM0\ARM_GCC_541\Debug\VL6180x.o .\CortexM0\ARM_GCC_541\Debug\cyfitter_cfg.o .\CortexM0\ARM_GCC_541\Debug\cymetadata.o .\CortexM0\ARM_GCC_541\Debug\Cm0Start.o .\CortexM0\ARM_GCC_541\Debug\Care_support_system_peripheral.a "C:\Program Files (x86)\Cypress\PSoC Creator\4.2\PSoC Creator\psoc\content\CyComponentLibrary\CyComponentLibrary.cylib\BLE_v3_50\Library\gccCyBLEStack_BLE_SOC_PERIPHERAL.a" "C:\Program Files (x86)\Cypress\PSoC Creator\4.2\PSoC Creator\psoc\content\CyComponentLibrary\CyComponentLibrary.cylib\CapSense_CSD_P4_v2_60\PSoC4\Library\CapsenseP4Library_GCC.a" -mcpu=cortex-m0 -mthumb -L Generated_Source\PSoC4 -Wl,-Map,.\CortexM0\ARM_GCC_541\Debug/Care_support_system_peripheral.map -T Generated_Source\PSoC4\cm0gcc.ld -specs=nano.specs -Wl,--gc-sections -g -ffunction-sections -O0 -ffat-lto-objects -Wl,--end-group
cyelftool.exe -C C:\Users\d4hhm\Documents\Care-support-system\Peripheral\Care_support_system_peripheral.cydsn\CortexM0\ARM_GCC_541\Debug\Care_support_system_peripheral.elf --flash_row_size 128 --flash_size 131072 --flash_offset 0x00000000
No ELF section .cychecksum found, creating one
Application checksum calculated and stored in ELF section .cychecksum
Checksum calculated and stored in ELF section .cymeta
cyelftool.exe -S C:\Users\d4hhm\Documents\Care-support-system\Peripheral\Care_support_system_peripheral.cydsn\CortexM0\ARM_GCC_541\Debug\Care_support_system_peripheral.elf
Flash used: 98760 of 131072 bytes (75.3%).
SRAM used: 11088 of 16384 bytes (67.7%). Stack: 2048 bytes. Heap: 128 bytes.
--------------- Build Succeeded: 02/14/2021 15:45:17 ---------------
