ARM GAS  C:\Users\d4hhm\AppData\Local\Temp\ccfgdLgN.s 			page 1


   1              		.syntax unified
   2              		.cpu cortex-m0
   3              		.fpu softvfp
   4              		.eabi_attribute 20, 1
   5              		.eabi_attribute 21, 1
   6              		.eabi_attribute 23, 3
   7              		.eabi_attribute 24, 1
   8              		.eabi_attribute 25, 1
   9              		.eabi_attribute 26, 1
  10              		.eabi_attribute 30, 6
  11              		.eabi_attribute 34, 0
  12              		.eabi_attribute 18, 4
  13              		.thumb
  14              		.syntax unified
  15              		.file	"main.c"
  16              		.text
  17              	.Ltext0:
  18              		.cfi_sections	.debug_frame
  19              		.global	initialized
  20              		.bss
  21              		.type	initialized, %object
  22              		.size	initialized, 1
  23              	initialized:
  24 0000 00       		.space	1
  25              		.global	tick
  26              		.type	tick, %object
  27              		.size	tick, 1
  28              	tick:
  29 0001 00       		.space	1
  30              		.global	range_value
  31 0002 0000     		.align	2
  32              		.type	range_value, %object
  33              		.size	range_value, 4
  34              	range_value:
  35 0004 00000000 		.space	4
  36              		.global	TempC
  37              		.align	2
  38              		.type	TempC, %object
  39              		.size	TempC, 4
  40              	TempC:
  41 0008 00000000 		.space	4
  42              		.global	Humidity
  43              		.align	2
  44              		.type	Humidity, %object
  45              		.size	Humidity, 4
  46              	Humidity:
  47 000c 00000000 		.space	4
  48              		.global	Pressure
  49              		.align	2
  50              		.type	Pressure, %object
  51              		.size	Pressure, 4
  52              	Pressure:
  53 0010 00000000 		.space	4
  54              		.global	temp_humi
  55              		.align	2
  56              		.type	temp_humi, %object
  57              		.size	temp_humi, 4
ARM GAS  C:\Users\d4hhm\AppData\Local\Temp\ccfgdLgN.s 			page 2


  58              	temp_humi:
  59 0014 00000000 		.space	4
  60              		.comm	capsense_value,2,2
  61              		.global	__aeabi_fdiv
  62              		.global	__aeabi_fsub
  63              		.global	__aeabi_f2iz
  64              		.section	.text.Wdt_Callback,"ax",%progbits
  65              		.align	2
  66              		.global	Wdt_Callback
  67              		.code	16
  68              		.thumb_func
  69              		.type	Wdt_Callback, %function
  70              	Wdt_Callback:
  71              	.LFB36:
  72              		.file 1 "main.c"
   1:main.c        **** /* ========================================
   2:main.c        ****  *
   3:main.c        ****  * Copyright YOUR COMPANY, THE YEAR
   4:main.c        ****  * All Rights Reserved
   5:main.c        ****  * UNPUBLISHED, LICENSED SOFTWARE.
   6:main.c        ****  *
   7:main.c        ****  * CONFIDENTIAL AND PROPRIETARY INFORMATION
   8:main.c        ****  * WHICH IS THE PROPERTY OF your company.
   9:main.c        ****  *
  10:main.c        ****  * ========================================
  11:main.c        **** */
  12:main.c        **** #include <project.h>
  13:main.c        **** #include <stdio.h>
  14:main.c        **** #include "BME280.h"
  15:main.c        **** #include "VL6180x.h"
  16:main.c        **** 
  17:main.c        **** #define MAJOR_OFFSET_Temp_Humi (25u)
  18:main.c        **** #define MAJOR_OFFSET_Press (26u)
  19:main.c        **** #define MINOR_OFFSET_IR (27u)
  20:main.c        **** #define MINOR_OFFSET_Capsense (28u)
  21:main.c        **** 
  22:main.c        **** // BLE ã®åˆæœŸåŒ–çµ‚äº†ãƒ•ãƒ©ã‚°
  23:main.c        **** uint8   initialized = 0;
  24:main.c        **** 
  25:main.c        **** // ã‚½ãƒ•ãƒˆã‚¦ã‚§ã‚¢ã‚¿ã‚¤ãƒã®ã‚«ã‚¦ãƒ³ã‚¿
  26:main.c        **** uint8   tick = 0;
  27:main.c        **** 
  28:main.c        **** /*ã‚°ãƒ­ãƒ¼ãƒãƒ«å¤‰æ•°ã§å®£è¨€ã•ã‚ŒãŸå€¤ã‚’callbacké–¢æ•°ã§ä½¿ã†ã“ã¨ã§Initializeã®å‰ã«r
  29:main.c        **** 
  30:main.c        **** //æœ€çµ‚çš„ãªrangeã®å€¤
  31:main.c        **** int range_value=0;
  32:main.c        **** int TempC = 0,Humidity = 0;
  33:main.c        **** float Pressure=0;
  34:main.c        **** int temp_humi=0;
  35:main.c        **** //æœ€çµ‚çš„ãªcapsenseã®å€¤ãŒæ ¼ç´ã•ã‚Œã‚‹
  36:main.c        **** uint16 capsense_value;
  37:main.c        **** 
  38:main.c        **** // 500msã”ã¨ã« Advertisement ãƒ‘ã‚±ãƒƒãƒˆã‚’é–‹å§‹ãƒ»åœæ­¢ã™ã‚‹
  39:main.c        **** void Wdt_Callback(void) {
  73              		.loc 1 39 0
  74              		.cfi_startproc
  75              		@ args = 0, pretend = 0, frame = 8
ARM GAS  C:\Users\d4hhm\AppData\Local\Temp\ccfgdLgN.s 			page 3


  76              		@ frame_needed = 1, uses_anonymous_args = 0
  77 0000 80B5     		push	{r7, lr}
  78              		.cfi_def_cfa_offset 8
  79              		.cfi_offset 7, -8
  80              		.cfi_offset 14, -4
  81 0002 82B0     		sub	sp, sp, #8
  82              		.cfi_def_cfa_offset 16
  83 0004 00AF     		add	r7, sp, #0
  84              		.cfi_def_cfa_register 7
  40:main.c        ****     int Pressure_int;
  41:main.c        ****     
  42:main.c        ****     if (initialized) {
  85              		.loc 1 42 0
  86 0006 3A4B     		ldr	r3, .L10
  87 0008 1B78     		ldrb	r3, [r3]
  88 000a 002B     		cmp	r3, #0
  89 000c 6CD0     		beq	.L9
  43:main.c        ****         // åˆæœŸåŒ–ãŒã•ã‚ŒãŸ
  44:main.c        ****         if (tick == 0) {
  90              		.loc 1 44 0
  91 000e 394B     		ldr	r3, .L10+4
  92 0010 1B78     		ldrb	r3, [r3]
  93 0012 002B     		cmp	r3, #0
  94 0014 63D1     		bne	.L3
  45:main.c        ****             // æœ€åˆã®500msã§ Advertisement ãƒ‘ã‚±ãƒƒãƒˆã‚’é€ä¿¡ã™ã‚‹
  46:main.c        ****            
  47:main.c        ****             capsense_value = CapSense_1_ReadSensorRaw(0);//mainé–¢æ•°å†…ã§å®Ÿè¡Œã™ã‚‹ã¨ã†ã¾ã
  95              		.loc 1 47 0
  96 0016 0020     		movs	r0, #0
  97 0018 FFF7FEFF 		bl	CapSense_1_ReadSensorRaw
  98 001c 0300     		movs	r3, r0
  99 001e 1A00     		movs	r2, r3
 100 0020 354B     		ldr	r3, .L10+8
 101 0022 1A80     		strh	r2, [r3]
  48:main.c        ****             
  49:main.c        ****             /* Major ãƒ•ã‚£ãƒ¼ãƒ«ãƒ‰ã®è¨­å®š--------------------------------------------*/
  50:main.c        ****             Pressure_int=(Pressure/100)-900;
 102              		.loc 1 50 0
 103 0024 354B     		ldr	r3, .L10+12
 104 0026 1B68     		ldr	r3, [r3]
 105 0028 3549     		ldr	r1, .L10+16
 106 002a 181C     		adds	r0, r3, #0
 107 002c FFF7FEFF 		bl	__aeabi_fdiv
 108 0030 031C     		adds	r3, r0, #0
 109 0032 3449     		ldr	r1, .L10+20
 110 0034 181C     		adds	r0, r3, #0
 111 0036 FFF7FEFF 		bl	__aeabi_fsub
 112 003a 031C     		adds	r3, r0, #0
 113 003c 181C     		adds	r0, r3, #0
 114 003e FFF7FEFF 		bl	__aeabi_f2iz
 115 0042 0300     		movs	r3, r0
 116 0044 7B60     		str	r3, [r7, #4]
  51:main.c        ****             cyBle_discoveryData.advData[MAJOR_OFFSET_Press] = Pressure_int;
 117              		.loc 1 51 0
 118 0046 7B68     		ldr	r3, [r7, #4]
 119 0048 DAB2     		uxtb	r2, r3
 120 004a 2F4B     		ldr	r3, .L10+24
ARM GAS  C:\Users\d4hhm\AppData\Local\Temp\ccfgdLgN.s 			page 4


 121 004c 9A76     		strb	r2, [r3, #26]
  52:main.c        ****             /*Tempã¨Humiã®å€¤ãŒç¯„å›²å†…ã«åã¾ã‚‹ã‚ˆã†ã«èª¿æ•´----*/
  53:main.c        ****             //Tempã®å€¤ã‚’èª¿æ•´
  54:main.c        ****             if(TempC<10){
 122              		.loc 1 54 0
 123 004e 2F4B     		ldr	r3, .L10+28
 124 0050 1B68     		ldr	r3, [r3]
 125 0052 092B     		cmp	r3, #9
 126 0054 03DC     		bgt	.L4
  55:main.c        ****                 TempC=10;   
 127              		.loc 1 55 0
 128 0056 2D4B     		ldr	r3, .L10+28
 129 0058 0A22     		movs	r2, #10
 130 005a 1A60     		str	r2, [r3]
 131 005c 06E0     		b	.L5
 132              	.L4:
  56:main.c        ****             }else if(TempC>42){
 133              		.loc 1 56 0
 134 005e 2B4B     		ldr	r3, .L10+28
 135 0060 1B68     		ldr	r3, [r3]
 136 0062 2A2B     		cmp	r3, #42
 137 0064 02DD     		ble	.L5
  57:main.c        ****                 TempC=42;   
 138              		.loc 1 57 0
 139 0066 294B     		ldr	r3, .L10+28
 140 0068 2A22     		movs	r2, #42
 141 006a 1A60     		str	r2, [r3]
 142              	.L5:
  58:main.c        ****             }
  59:main.c        ****             //Humiã®å€¤ã‚’èª¿æ•´
  60:main.c        ****             if(Humidity<20){
 143              		.loc 1 60 0
 144 006c 284B     		ldr	r3, .L10+32
 145 006e 1B68     		ldr	r3, [r3]
 146 0070 132B     		cmp	r3, #19
 147 0072 03DC     		bgt	.L6
  61:main.c        ****                 Humidity=20;   
 148              		.loc 1 61 0
 149 0074 264B     		ldr	r3, .L10+32
 150 0076 1422     		movs	r2, #20
 151 0078 1A60     		str	r2, [r3]
 152 007a 06E0     		b	.L7
 153              	.L6:
  62:main.c        ****             }else if(Humidity>84){
 154              		.loc 1 62 0
 155 007c 244B     		ldr	r3, .L10+32
 156 007e 1B68     		ldr	r3, [r3]
 157 0080 542B     		cmp	r3, #84
 158 0082 02DD     		ble	.L7
  63:main.c        ****                 Humidity=84;  
 159              		.loc 1 63 0
 160 0084 224B     		ldr	r3, .L10+32
 161 0086 5422     		movs	r2, #84
 162 0088 1A60     		str	r2, [r3]
 163              	.L7:
  64:main.c        ****             }
  65:main.c        ****             /*---------------------------------------*/
ARM GAS  C:\Users\d4hhm\AppData\Local\Temp\ccfgdLgN.s 			page 5


  66:main.c        ****             temp_humi=((TempC-10)<<3)|((Humidity-20)/2);//ï¼’ã¤ã®å€¤ã‚’åˆã‚ã›ã¦8bitã«ã™ã‚‹
 164              		.loc 1 66 0
 165 008a 204B     		ldr	r3, .L10+28
 166 008c 1B68     		ldr	r3, [r3]
 167 008e 0A3B     		subs	r3, r3, #10
 168 0090 DA00     		lsls	r2, r3, #3
 169 0092 1F4B     		ldr	r3, .L10+32
 170 0094 1B68     		ldr	r3, [r3]
 171 0096 143B     		subs	r3, r3, #20
 172 0098 002B     		cmp	r3, #0
 173 009a 00DA     		bge	.L8
 174 009c 0133     		adds	r3, r3, #1
 175              	.L8:
 176 009e 5B10     		asrs	r3, r3, #1
 177 00a0 1A43     		orrs	r2, r3
 178 00a2 1C4B     		ldr	r3, .L10+36
 179 00a4 1A60     		str	r2, [r3]
  67:main.c        ****             cyBle_discoveryData.advData[MAJOR_OFFSET_Temp_Humi]=temp_humi;
 180              		.loc 1 67 0
 181 00a6 1B4B     		ldr	r3, .L10+36
 182 00a8 1B68     		ldr	r3, [r3]
 183 00aa DAB2     		uxtb	r2, r3
 184 00ac 164B     		ldr	r3, .L10+24
 185 00ae 5A76     		strb	r2, [r3, #25]
  68:main.c        **** 
  69:main.c        ****             /* ---------------------------------------------------------------*/
  70:main.c        ****             
  71:main.c        **** 
  72:main.c        ****             /* Minor ãƒ•ã‚£ãƒ¼ãƒ«ãƒ‰ã®è¨­å®š--------------------------------------------*/
  73:main.c        ****             
  74:main.c        ****             cyBle_discoveryData.advData[MINOR_OFFSET_Capsense] = capsense_value;
 186              		.loc 1 74 0
 187 00b0 114B     		ldr	r3, .L10+8
 188 00b2 1B88     		ldrh	r3, [r3]
 189 00b4 DAB2     		uxtb	r2, r3
 190 00b6 144B     		ldr	r3, .L10+24
 191 00b8 1A77     		strb	r2, [r3, #28]
  75:main.c        ****             
  76:main.c        ****             cyBle_discoveryData.advData[MINOR_OFFSET_IR] = range_value;
 192              		.loc 1 76 0
 193 00ba 174B     		ldr	r3, .L10+40
 194 00bc 1B68     		ldr	r3, [r3]
 195 00be DAB2     		uxtb	r2, r3
 196 00c0 114B     		ldr	r3, .L10+24
 197 00c2 DA76     		strb	r2, [r3, #27]
  77:main.c        **** 
  78:main.c        ****             /* ---------------------------------------------------------------*/
  79:main.c        ****             
  80:main.c        ****             // Advertisement ãƒ‘ã‚±ãƒƒãƒˆã®é€ä¿¡ã‚’é–‹å§‹ã™ã‚‹
  81:main.c        ****             CyBle_GappStartAdvertisement(CYBLE_ADVERTISING_FAST);
 198              		.loc 1 81 0
 199 00c4 0020     		movs	r0, #0
 200 00c6 FFF7FEFF 		bl	CyBle_GappStartAdvertisement
  82:main.c        ****             tick = 1;
 201              		.loc 1 82 0
 202 00ca 0A4B     		ldr	r3, .L10+4
 203 00cc 0122     		movs	r2, #1
ARM GAS  C:\Users\d4hhm\AppData\Local\Temp\ccfgdLgN.s 			page 6


 204 00ce 1A70     		strb	r2, [r3]
  83:main.c        ****             range_value=0;
 205              		.loc 1 83 0
 206 00d0 114B     		ldr	r3, .L10+40
 207 00d2 0022     		movs	r2, #0
 208 00d4 1A60     		str	r2, [r3]
  84:main.c        ****             capsense_value=0;
 209              		.loc 1 84 0
 210 00d6 084B     		ldr	r3, .L10+8
 211 00d8 0022     		movs	r2, #0
 212 00da 1A80     		strh	r2, [r3]
  85:main.c        ****         } else {
  86:main.c        ****             // æ¬¡ã®500msã§ Advertisement ãƒã‚±ãƒƒãƒˆã®é€ä¿¡ã‚’æ­¢ã‚ã‚‹
  87:main.c        ****             CyBle_GappStopAdvertisement();
  88:main.c        ****             tick = 0;
  89:main.c        ****         }
  90:main.c        ****     }
  91:main.c        **** }
 213              		.loc 1 91 0
 214 00dc 04E0     		b	.L9
 215              	.L3:
  87:main.c        ****             tick = 0;
 216              		.loc 1 87 0
 217 00de FFF7FEFF 		bl	CyBle_GappStopAdvertisement
  88:main.c        ****         }
 218              		.loc 1 88 0
 219 00e2 044B     		ldr	r3, .L10+4
 220 00e4 0022     		movs	r2, #0
 221 00e6 1A70     		strb	r2, [r3]
 222              	.L9:
 223              		.loc 1 91 0
 224 00e8 C046     		nop
 225 00ea BD46     		mov	sp, r7
 226 00ec 02B0     		add	sp, sp, #8
 227              		@ sp needed
 228 00ee 80BD     		pop	{r7, pc}
 229              	.L11:
 230              		.align	2
 231              	.L10:
 232 00f0 00000000 		.word	initialized
 233 00f4 00000000 		.word	tick
 234 00f8 00000000 		.word	capsense_value
 235 00fc 00000000 		.word	Pressure
 236 0100 0000C842 		.word	1120403456
 237 0104 00006144 		.word	1147207680
 238 0108 00000000 		.word	cyBle_discoveryData
 239 010c 00000000 		.word	TempC
 240 0110 00000000 		.word	Humidity
 241 0114 00000000 		.word	temp_humi
 242 0118 00000000 		.word	range_value
 243              		.cfi_endproc
 244              	.LFE36:
 245              		.size	Wdt_Callback, .-Wdt_Callback
 246              		.section	.text.StackEventHandler,"ax",%progbits
 247              		.align	2
 248              		.global	StackEventHandler
 249              		.code	16
ARM GAS  C:\Users\d4hhm\AppData\Local\Temp\ccfgdLgN.s 			page 7


 250              		.thumb_func
 251              		.type	StackEventHandler, %function
 252              	StackEventHandler:
 253              	.LFB37:
  92:main.c        **** 
  93:main.c        **** 
  94:main.c        **** 
  95:main.c        **** // BLE ã‚¹ã‚¿ãƒƒã‚¯ã®å‡¦ç†ãƒãƒ³ãƒ‰ãƒ©
  96:main.c        **** void StackEventHandler(uint32 event, void *eventParam) {
 254              		.loc 1 96 0
 255              		.cfi_startproc
 256              		@ args = 0, pretend = 0, frame = 8
 257              		@ frame_needed = 1, uses_anonymous_args = 0
 258 0000 80B5     		push	{r7, lr}
 259              		.cfi_def_cfa_offset 8
 260              		.cfi_offset 7, -8
 261              		.cfi_offset 14, -4
 262 0002 82B0     		sub	sp, sp, #8
 263              		.cfi_def_cfa_offset 16
 264 0004 00AF     		add	r7, sp, #0
 265              		.cfi_def_cfa_register 7
 266 0006 7860     		str	r0, [r7, #4]
 267 0008 3960     		str	r1, [r7]
  97:main.c        ****     switch (event) {
 268              		.loc 1 97 0
 269 000a 7B68     		ldr	r3, [r7, #4]
 270 000c 012B     		cmp	r3, #1
 271 000e 02D0     		beq	.L14
 272 0010 282B     		cmp	r3, #40
 273 0012 00D0     		beq	.L14
  98:main.c        ****         // ã‚¹ã‚¿ãƒƒã‚¯ãŒç«‹ã¡ã‚ãŒã£ãŸã¾ãŸã¯ãƒ‡ãƒã‚¤ã‚¹ãŒåˆ‡æ–­ã•ã‚ŒãŸã‚‰åˆæœŸåŒ–çµ‚ä
  99:main.c        ****         case CYBLE_EVT_STACK_ON:
 100:main.c        ****         case CYBLE_EVT_GAP_DEVICE_DISCONNECTED:
 101:main.c        ****             initialized = 1;
 102:main.c        ****             break;
 103:main.c        ****         // ãã‚Œä»¥å¤–ã®ã‚¤ãƒ™ãƒ³ãƒˆã¯ç„¡è¦–ã™ã‚‹
 104:main.c        ****         default:
 105:main.c        ****             break;
 274              		.loc 1 105 0
 275 0014 03E0     		b	.L15
 276              	.L14:
 101:main.c        ****             break;
 277              		.loc 1 101 0
 278 0016 044B     		ldr	r3, .L16
 279 0018 0122     		movs	r2, #1
 280 001a 1A70     		strb	r2, [r3]
 102:main.c        ****         // ãã‚Œä»¥å¤–ã®ã‚¤ãƒ™ãƒ³ãƒˆã¯ç„¡è¦–ã™ã‚‹
 281              		.loc 1 102 0
 282 001c C046     		nop
 283              	.L15:
 106:main.c        ****     }
 107:main.c        **** }
 284              		.loc 1 107 0
 285 001e C046     		nop
 286 0020 BD46     		mov	sp, r7
 287 0022 02B0     		add	sp, sp, #8
 288              		@ sp needed
ARM GAS  C:\Users\d4hhm\AppData\Local\Temp\ccfgdLgN.s 			page 8


 289 0024 80BD     		pop	{r7, pc}
 290              	.L17:
 291 0026 C046     		.align	2
 292              	.L16:
 293 0028 00000000 		.word	initialized
 294              		.cfi_endproc
 295              	.LFE37:
 296              		.size	StackEventHandler, .-StackEventHandler
 297              		.section	.text.main,"ax",%progbits
 298              		.align	2
 299              		.global	main
 300              		.code	16
 301              		.thumb_func
 302              		.type	main, %function
 303              	main:
 304              	.LFB38:
 108:main.c        **** 
 109:main.c        **** int main() {
 305              		.loc 1 109 0
 306              		.cfi_startproc
 307              		@ args = 0, pretend = 0, frame = 8
 308              		@ frame_needed = 1, uses_anonymous_args = 0
 309 0000 90B5     		push	{r4, r7, lr}
 310              		.cfi_def_cfa_offset 12
 311              		.cfi_offset 4, -12
 312              		.cfi_offset 7, -8
 313              		.cfi_offset 14, -4
 314 0002 83B0     		sub	sp, sp, #12
 315              		.cfi_def_cfa_offset 24
 316 0004 00AF     		add	r7, sp, #0
 317              		.cfi_def_cfa_register 7
 110:main.c        ****     CYBLE_API_RESULT_T apiResult;// ã‚¨ãƒ©ãƒ¼ã‚³ãƒ¼ãƒ‰
 111:main.c        **** 
 112:main.c        ****     // å‰²ã‚Šè¾¼ã¿ã‚’è¨±å¯ã™ã‚‹
 113:main.c        ****     CyGlobalIntEnable;
 318              		.loc 1 113 0
 319              		.syntax divided
 320              	@ 113 "main.c" 1
 321 0006 62B6     		CPSIE   i
 322              	@ 0 "" 2
 114:main.c        ****     
 115:main.c        ****     // ä½é€Ÿã‚¿ã‚¤ãƒ Timer0 ã®ã‚³ãƒ¼ãƒ«ãƒãƒƒã‚¯é–¢æ•°ã‚’è¨­å®šã™ã‚‹
 116:main.c        ****     CySysWdtSetInterruptCallback(CY_SYS_WDT_COUNTER0, Wdt_Callback);
 323              		.loc 1 116 0
 324              		.thumb
 325              		.syntax unified
 326 0008 2A4B     		ldr	r3, .L23
 327 000a 1900     		movs	r1, r3
 328 000c 0020     		movs	r0, #0
 329 000e FFF7FEFF 		bl	CySysWdtSetInterruptCallback
 117:main.c        **** 
 118:main.c        ****     // BLE ãƒ‡ãƒã‚¤ã‚¹ã®åˆæœŸåŒ–ã‚’è¡Œã†
 119:main.c        ****     apiResult = CyBle_Start(StackEventHandler);
 330              		.loc 1 119 0
 331 0012 BC1D     		adds	r4, r7, #6
 332 0014 284B     		ldr	r3, .L23+4
 333 0016 1800     		movs	r0, r3
ARM GAS  C:\Users\d4hhm\AppData\Local\Temp\ccfgdLgN.s 			page 9


 334 0018 FFF7FEFF 		bl	CyBle_Start
 335 001c 0300     		movs	r3, r0
 336 001e 2380     		strh	r3, [r4]
 120:main.c        **** 
 121:main.c        ****     // åˆæœŸåŒ–ãŒæ­£å¸¸ã«çµ‚ã‚ã£ãŸã‹ã‚’ç¢ºèªã™ã‚‹
 122:main.c        ****     CYASSERT(apiResult == CYBLE_ERROR_OK);
 337              		.loc 1 122 0
 338 0020 BB1D     		adds	r3, r7, #6
 339 0022 1B88     		ldrh	r3, [r3]
 340 0024 002B     		cmp	r3, #0
 341 0026 02D0     		beq	.L19
 342              		.loc 1 122 0 is_stmt 0 discriminator 1
 343 0028 0020     		movs	r0, #0
 344 002a FFF7FEFF 		bl	CyHalt
 345              	.L19:
 123:main.c        **** 
 124:main.c        ****     CapSense_1_Start();//CapScanON
 346              		.loc 1 124 0 is_stmt 1
 347 002e FFF7FEFF 		bl	CapSense_1_Start
 125:main.c        ****     CapSense_1_InitializeAllBaselines();//é™é›»å®¹é‡ã®åˆæœŸåŒ–
 348              		.loc 1 125 0
 349 0032 FFF7FEFF 		bl	CapSense_1_InitializeAllBaselines
 126:main.c        ****     CapSense_1_ScanEnabledWidgets();//ä¸€åº¦ã™ã¹ã¦ã‚¹ã‚­ãƒ£ãƒ³
 350              		.loc 1 126 0
 351 0036 FFF7FEFF 		bl	CapSense_1_ScanEnabledWidgets
 127:main.c        ****     while(CapSense_1_IsBusy() != 0);//ã‚»ãƒ³ã‚µãƒ¼ã®ã‚¹ã‚­ãƒ£ãƒ³ãŒå®Œäº†ã™ã‚‹ã¾ã§å¾…ã¤
 352              		.loc 1 127 0
 353 003a C046     		nop
 354              	.L20:
 355              		.loc 1 127 0 is_stmt 0 discriminator 1
 356 003c FFF7FEFF 		bl	CapSense_1_IsBusy
 357 0040 031E     		subs	r3, r0, #0
 358 0042 FBD1     		bne	.L20
 128:main.c        ****    
 129:main.c        ****     /*I2Cã‚’Start,VL6180xã¨BME280ã‚’åˆæœŸåŒ–--------------------------------------*/
 130:main.c        ****     SCB_1_Start();
 359              		.loc 1 130 0 is_stmt 1
 360 0044 FFF7FEFF 		bl	SCB_1_Start
 131:main.c        ****     VL6180_Init();
 361              		.loc 1 131 0
 362 0048 FFF7FEFF 		bl	VL6180_Init
 132:main.c        ****     BME280_init();
 363              		.loc 1 132 0
 364 004c FFF7FEFF 		bl	BME280_init
 365              	.L22:
 133:main.c        **** 
 134:main.c        ****     /*----------------------------------------------------------------------*/
 135:main.c        ****     
 136:main.c        ****     for(;;){
 137:main.c        ****        
 138:main.c        ****         CapSense_1_UpdateEnabledBaselines();//ã‚»ãƒ³ã‚µãƒ¼ã®æœ€ä½å€¤ã‚’æ›´æ–°
 366              		.loc 1 138 0
 367 0050 FFF7FEFF 		bl	CapSense_1_UpdateEnabledBaselines
 139:main.c        ****         CapSense_1_ScanEnabledWidgets();//ã‚»ãƒ³ã‚µãƒ¼ã‚’ã‚¹ã‚­ãƒ£ãƒ³ã™ã‚‹
 368              		.loc 1 139 0
 369 0054 FFF7FEFF 		bl	CapSense_1_ScanEnabledWidgets
 140:main.c        ****         while(CapSense_1_IsBusy() != 0);//ã‚»ãƒ³ã‚µãƒ¼ã®ã‚¹ã‚­ãƒ£ãƒ³ãŒå®Œäº†ã™ã‚‹ã¾ã§å¾…ã¤
ARM GAS  C:\Users\d4hhm\AppData\Local\Temp\ccfgdLgN.s 			page 10


 370              		.loc 1 140 0
 371 0058 C046     		nop
 372              	.L21:
 373              		.loc 1 140 0 is_stmt 0 discriminator 1
 374 005a FFF7FEFF 		bl	CapSense_1_IsBusy
 375 005e 031E     		subs	r3, r0, #0
 376 0060 FBD1     		bne	.L21
 141:main.c        ****         
 142:main.c        ****         BME280_init();
 377              		.loc 1 142 0 is_stmt 1
 378 0062 FFF7FEFF 		bl	BME280_init
 143:main.c        ****         VL6180_Init();
 379              		.loc 1 143 0
 380 0066 FFF7FEFF 		bl	VL6180_Init
 144:main.c        ****         VL6180_Start_Range();
 381              		.loc 1 144 0
 382 006a FFF7FEFF 		bl	VL6180_Start_Range
 145:main.c        ****         VL6180_Poll_Range();
 383              		.loc 1 145 0
 384 006e FFF7FEFF 		bl	VL6180_Poll_Range
 146:main.c        **** 
 147:main.c        ****         /*VL6180xã‹ã‚‰ã®å€¤ã‚’èª­ã¿è¾¼ã‚€----------------------------------------------*/
 148:main.c        ****         range_value = VL6180_Read_Range();
 385              		.loc 1 148 0
 386 0072 FFF7FEFF 		bl	VL6180_Read_Range
 387 0076 0200     		movs	r2, r0
 388 0078 104B     		ldr	r3, .L23+8
 389 007a 1A60     		str	r2, [r3]
 149:main.c        **** 
 150:main.c        ****         /*--------------------------------------------------------------------*/
 151:main.c        ****         
 152:main.c        ****         VL6180_Clear_Interrupts();
 390              		.loc 1 152 0
 391 007c FFF7FEFF 		bl	VL6180_Clear_Interrupts
 153:main.c        **** 
 154:main.c        ****         /*BME280ã‹ã‚‰ã®å€¤ã‚’èª­ã¿è¾¼ã‚€----------------------------------------------*/
 155:main.c        ****         TempC = BME280_readTempC();//æ¸©åº¦ã‚’å…¥ã‚Œã‚‹
 392              		.loc 1 155 0
 393 0080 FFF7FEFF 		bl	BME280_readTempC
 394 0084 031C     		adds	r3, r0, #0
 395 0086 181C     		adds	r0, r3, #0
 396 0088 FFF7FEFF 		bl	__aeabi_f2iz
 397 008c 0200     		movs	r2, r0
 398 008e 0C4B     		ldr	r3, .L23+12
 399 0090 1A60     		str	r2, [r3]
 156:main.c        ****         Pressure = BME280_readFloatPressure();//æ°—åœ§ã‚’å…¥ã‚Œã‚‹
 400              		.loc 1 156 0
 401 0092 FFF7FEFF 		bl	BME280_readFloatPressure
 402 0096 021C     		adds	r2, r0, #0
 403 0098 0A4B     		ldr	r3, .L23+16
 404 009a 1A60     		str	r2, [r3]
 157:main.c        ****         Humidity = BME280_readFloatHumidity();//æ¹¿åº¦ã‚’å…¥ã‚Œã‚‹
 405              		.loc 1 157 0
 406 009c FFF7FEFF 		bl	BME280_readFloatHumidity
 407 00a0 031C     		adds	r3, r0, #0
 408 00a2 181C     		adds	r0, r3, #0
 409 00a4 FFF7FEFF 		bl	__aeabi_f2iz
ARM GAS  C:\Users\d4hhm\AppData\Local\Temp\ccfgdLgN.s 			page 11


 410 00a8 0200     		movs	r2, r0
 411 00aa 074B     		ldr	r3, .L23+20
 412 00ac 1A60     		str	r2, [r3]
 158:main.c        ****          /*------------------------------------------------------------------*/
 159:main.c        **** 
 160:main.c        ****         // BLE ã‚¹ã‚¿ãƒƒã‚¯ã¸ã®ã‚¤ãƒ™ãƒ³ãƒˆã‚’å‡¦ç†ã™ã‚‹
 161:main.c        ****         CyBle_ProcessEvents();
 413              		.loc 1 161 0
 414 00ae FFF7FEFF 		bl	CyBle_ProcessEvents
 162:main.c        ****         
 163:main.c        ****     }
 415              		.loc 1 163 0
 416 00b2 CDE7     		b	.L22
 417              	.L24:
 418              		.align	2
 419              	.L23:
 420 00b4 00000000 		.word	Wdt_Callback
 421 00b8 00000000 		.word	StackEventHandler
 422 00bc 00000000 		.word	range_value
 423 00c0 00000000 		.word	TempC
 424 00c4 00000000 		.word	Pressure
 425 00c8 00000000 		.word	Humidity
 426              		.cfi_endproc
 427              	.LFE38:
 428              		.size	main, .-main
 429              		.text
 430              	.Letext0:
 431              		.file 2 "Generated_Source\\PSoC4/cytypes.h"
 432              		.file 3 "Generated_Source\\PSoC4/BLE_1_Stack.h"
 433              		.file 4 "Generated_Source\\PSoC4/BLE_1_StackGap.h"
 434              		.file 5 "Generated_Source\\PSoC4/BLE_1.h"
 435              		.section	.debug_info,"",%progbits
 436              	.Ldebug_info0:
 437 0000 AC040000 		.4byte	0x4ac
 438 0004 0400     		.2byte	0x4
 439 0006 00000000 		.4byte	.Ldebug_abbrev0
 440 000a 04       		.byte	0x4
 441 000b 01       		.uleb128 0x1
 442 000c F1070000 		.4byte	.LASF143
 443 0010 0C       		.byte	0xc
 444 0011 C9070000 		.4byte	.LASF144
 445 0015 34050000 		.4byte	.LASF145
 446 0019 00000000 		.4byte	.Ldebug_ranges0+0
 447 001d 00000000 		.4byte	0
 448 0021 00000000 		.4byte	.Ldebug_line0
 449 0025 02       		.uleb128 0x2
 450 0026 01       		.byte	0x1
 451 0027 06       		.byte	0x6
 452 0028 08030000 		.4byte	.LASF0
 453 002c 02       		.uleb128 0x2
 454 002d 01       		.byte	0x1
 455 002e 08       		.byte	0x8
 456 002f E90A0000 		.4byte	.LASF1
 457 0033 02       		.uleb128 0x2
 458 0034 02       		.byte	0x2
 459 0035 05       		.byte	0x5
 460 0036 1B0B0000 		.4byte	.LASF2
ARM GAS  C:\Users\d4hhm\AppData\Local\Temp\ccfgdLgN.s 			page 12


 461 003a 02       		.uleb128 0x2
 462 003b 02       		.byte	0x2
 463 003c 07       		.byte	0x7
 464 003d 7E0D0000 		.4byte	.LASF3
 465 0041 02       		.uleb128 0x2
 466 0042 04       		.byte	0x4
 467 0043 05       		.byte	0x5
 468 0044 B5010000 		.4byte	.LASF4
 469 0048 02       		.uleb128 0x2
 470 0049 04       		.byte	0x4
 471 004a 07       		.byte	0x7
 472 004b 25060000 		.4byte	.LASF5
 473 004f 02       		.uleb128 0x2
 474 0050 08       		.byte	0x8
 475 0051 05       		.byte	0x5
 476 0052 FA020000 		.4byte	.LASF6
 477 0056 02       		.uleb128 0x2
 478 0057 08       		.byte	0x8
 479 0058 07       		.byte	0x7
 480 0059 7F080000 		.4byte	.LASF7
 481 005d 03       		.uleb128 0x3
 482 005e 04       		.byte	0x4
 483 005f 05       		.byte	0x5
 484 0060 696E7400 		.ascii	"int\000"
 485 0064 02       		.uleb128 0x2
 486 0065 04       		.byte	0x4
 487 0066 07       		.byte	0x7
 488 0067 930C0000 		.4byte	.LASF8
 489 006b 04       		.uleb128 0x4
 490 006c 2F040000 		.4byte	.LASF9
 491 0070 02       		.byte	0x2
 492 0071 E601     		.2byte	0x1e6
 493 0073 2C000000 		.4byte	0x2c
 494 0077 04       		.uleb128 0x4
 495 0078 3F000000 		.4byte	.LASF10
 496 007c 02       		.byte	0x2
 497 007d E701     		.2byte	0x1e7
 498 007f 3A000000 		.4byte	0x3a
 499 0083 04       		.uleb128 0x4
 500 0084 7E040000 		.4byte	.LASF11
 501 0088 02       		.byte	0x2
 502 0089 E801     		.2byte	0x1e8
 503 008b 48000000 		.4byte	0x48
 504 008f 02       		.uleb128 0x2
 505 0090 04       		.byte	0x4
 506 0091 04       		.byte	0x4
 507 0092 A60A0000 		.4byte	.LASF12
 508 0096 02       		.uleb128 0x2
 509 0097 08       		.byte	0x8
 510 0098 04       		.byte	0x4
 511 0099 54040000 		.4byte	.LASF13
 512 009d 02       		.uleb128 0x2
 513 009e 01       		.byte	0x1
 514 009f 08       		.byte	0x8
 515 00a0 4C0C0000 		.4byte	.LASF14
 516 00a4 02       		.uleb128 0x2
 517 00a5 08       		.byte	0x8
ARM GAS  C:\Users\d4hhm\AppData\Local\Temp\ccfgdLgN.s 			page 13


 518 00a6 04       		.byte	0x4
 519 00a7 400C0000 		.4byte	.LASF15
 520 00ab 02       		.uleb128 0x2
 521 00ac 04       		.byte	0x4
 522 00ad 07       		.byte	0x7
 523 00ae 6F090000 		.4byte	.LASF16
 524 00b2 05       		.uleb128 0x5
 525 00b3 04       		.byte	0x4
 526 00b4 06       		.uleb128 0x6
 527 00b5 01       		.byte	0x1
 528 00b6 2C000000 		.4byte	0x2c
 529 00ba 03       		.byte	0x3
 530 00bb 3201     		.2byte	0x132
 531 00bd 72020000 		.4byte	0x272
 532 00c1 07       		.uleb128 0x7
 533 00c2 11070000 		.4byte	.LASF17
 534 00c6 00       		.byte	0
 535 00c7 07       		.uleb128 0x7
 536 00c8 14030000 		.4byte	.LASF18
 537 00cc 01       		.byte	0x1
 538 00cd 07       		.uleb128 0x7
 539 00ce A3010000 		.4byte	.LASF19
 540 00d2 02       		.byte	0x2
 541 00d3 07       		.uleb128 0x7
 542 00d4 650D0000 		.4byte	.LASF20
 543 00d8 03       		.byte	0x3
 544 00d9 07       		.uleb128 0x7
 545 00da 2F020000 		.4byte	.LASF21
 546 00de 04       		.byte	0x4
 547 00df 07       		.uleb128 0x7
 548 00e0 23000000 		.4byte	.LASF22
 549 00e4 05       		.byte	0x5
 550 00e5 07       		.uleb128 0x7
 551 00e6 46070000 		.4byte	.LASF23
 552 00ea 06       		.byte	0x6
 553 00eb 07       		.uleb128 0x7
 554 00ec CD080000 		.4byte	.LASF24
 555 00f0 20       		.byte	0x20
 556 00f1 07       		.uleb128 0x7
 557 00f2 66030000 		.4byte	.LASF25
 558 00f6 21       		.byte	0x21
 559 00f7 07       		.uleb128 0x7
 560 00f8 69070000 		.4byte	.LASF26
 561 00fc 22       		.byte	0x22
 562 00fd 07       		.uleb128 0x7
 563 00fe 3F0D0000 		.4byte	.LASF27
 564 0102 23       		.byte	0x23
 565 0103 07       		.uleb128 0x7
 566 0104 EE090000 		.4byte	.LASF28
 567 0108 24       		.byte	0x24
 568 0109 07       		.uleb128 0x7
 569 010a 78090000 		.4byte	.LASF29
 570 010e 25       		.byte	0x25
 571 010f 07       		.uleb128 0x7
 572 0110 E4030000 		.4byte	.LASF30
 573 0114 26       		.byte	0x26
 574 0115 07       		.uleb128 0x7
ARM GAS  C:\Users\d4hhm\AppData\Local\Temp\ccfgdLgN.s 			page 14


 575 0116 8D070000 		.4byte	.LASF31
 576 011a 27       		.byte	0x27
 577 011b 07       		.uleb128 0x7
 578 011c 710C0000 		.4byte	.LASF32
 579 0120 28       		.byte	0x28
 580 0121 07       		.uleb128 0x7
 581 0122 98020000 		.4byte	.LASF33
 582 0126 29       		.byte	0x29
 583 0127 07       		.uleb128 0x7
 584 0128 A1000000 		.4byte	.LASF34
 585 012c 2A       		.byte	0x2a
 586 012d 07       		.uleb128 0x7
 587 012e 44020000 		.4byte	.LASF35
 588 0132 2B       		.byte	0x2b
 589 0133 07       		.uleb128 0x7
 590 0134 A10E0000 		.4byte	.LASF36
 591 0138 2C       		.byte	0x2c
 592 0139 07       		.uleb128 0x7
 593 013a C2020000 		.4byte	.LASF37
 594 013e 2D       		.byte	0x2d
 595 013f 07       		.uleb128 0x7
 596 0140 F70A0000 		.4byte	.LASF38
 597 0144 2E       		.byte	0x2e
 598 0145 07       		.uleb128 0x7
 599 0146 1E010000 		.4byte	.LASF39
 600 014a 2F       		.byte	0x2f
 601 014b 07       		.uleb128 0x7
 602 014c CD090000 		.4byte	.LASF40
 603 0150 30       		.byte	0x30
 604 0151 07       		.uleb128 0x7
 605 0152 110F0000 		.4byte	.LASF41
 606 0156 31       		.byte	0x31
 607 0157 07       		.uleb128 0x7
 608 0158 AC090000 		.4byte	.LASF42
 609 015c 32       		.byte	0x32
 610 015d 07       		.uleb128 0x7
 611 015e 020C0000 		.4byte	.LASF43
 612 0162 33       		.byte	0x33
 613 0163 07       		.uleb128 0x7
 614 0164 37060000 		.4byte	.LASF44
 615 0168 34       		.byte	0x34
 616 0169 07       		.uleb128 0x7
 617 016a 17050000 		.4byte	.LASF45
 618 016e 35       		.byte	0x35
 619 016f 07       		.uleb128 0x7
 620 0170 D0070000 		.4byte	.LASF46
 621 0174 36       		.byte	0x36
 622 0175 07       		.uleb128 0x7
 623 0176 F1080000 		.4byte	.LASF47
 624 017a 37       		.byte	0x37
 625 017b 07       		.uleb128 0x7
 626 017c A2040000 		.4byte	.LASF48
 627 0180 40       		.byte	0x40
 628 0181 07       		.uleb128 0x7
 629 0182 96080000 		.4byte	.LASF49
 630 0186 41       		.byte	0x41
 631 0187 07       		.uleb128 0x7
ARM GAS  C:\Users\d4hhm\AppData\Local\Temp\ccfgdLgN.s 			page 15


 632 0188 350F0000 		.4byte	.LASF50
 633 018c 42       		.byte	0x42
 634 018d 07       		.uleb128 0x7
 635 018e AF0D0000 		.4byte	.LASF51
 636 0192 43       		.byte	0x43
 637 0193 07       		.uleb128 0x7
 638 0194 69060000 		.4byte	.LASF52
 639 0198 44       		.byte	0x44
 640 0199 07       		.uleb128 0x7
 641 019a 7F0A0000 		.4byte	.LASF53
 642 019e 45       		.byte	0x45
 643 019f 07       		.uleb128 0x7
 644 01a0 4E090000 		.4byte	.LASF54
 645 01a4 46       		.byte	0x46
 646 01a5 07       		.uleb128 0x7
 647 01a6 28070000 		.4byte	.LASF55
 648 01aa 47       		.byte	0x47
 649 01ab 07       		.uleb128 0x7
 650 01ac 650E0000 		.4byte	.LASF56
 651 01b0 48       		.byte	0x48
 652 01b1 07       		.uleb128 0x7
 653 01b2 7D030000 		.4byte	.LASF57
 654 01b6 49       		.byte	0x49
 655 01b7 07       		.uleb128 0x7
 656 01b8 D80D0000 		.4byte	.LASF58
 657 01bc 4A       		.byte	0x4a
 658 01bd 07       		.uleb128 0x7
 659 01be 47010000 		.4byte	.LASF59
 660 01c2 4B       		.byte	0x4b
 661 01c3 07       		.uleb128 0x7
 662 01c4 4F060000 		.4byte	.LASF60
 663 01c8 4C       		.byte	0x4c
 664 01c9 07       		.uleb128 0x7
 665 01ca 92090000 		.4byte	.LASF61
 666 01ce 4D       		.byte	0x4d
 667 01cf 07       		.uleb128 0x7
 668 01d0 B9030000 		.4byte	.LASF62
 669 01d4 4E       		.byte	0x4e
 670 01d5 07       		.uleb128 0x7
 671 01d6 720B0000 		.4byte	.LASF63
 672 01da 4F       		.byte	0x4f
 673 01db 07       		.uleb128 0x7
 674 01dc 66010000 		.4byte	.LASF64
 675 01e0 50       		.byte	0x50
 676 01e1 07       		.uleb128 0x7
 677 01e2 35040000 		.4byte	.LASF65
 678 01e6 51       		.byte	0x51
 679 01e7 07       		.uleb128 0x7
 680 01e8 270A0000 		.4byte	.LASF66
 681 01ec 52       		.byte	0x52
 682 01ed 07       		.uleb128 0x7
 683 01ee 250B0000 		.4byte	.LASF67
 684 01f2 53       		.byte	0x53
 685 01f3 07       		.uleb128 0x7
 686 01f4 C30B0000 		.4byte	.LASF68
 687 01f8 54       		.byte	0x54
 688 01f9 07       		.uleb128 0x7
ARM GAS  C:\Users\d4hhm\AppData\Local\Temp\ccfgdLgN.s 			page 16


 689 01fa 87060000 		.4byte	.LASF69
 690 01fe 55       		.byte	0x55
 691 01ff 07       		.uleb128 0x7
 692 0200 91050000 		.4byte	.LASF70
 693 0204 56       		.byte	0x56
 694 0205 07       		.uleb128 0x7
 695 0206 A00C0000 		.4byte	.LASF71
 696 020a 57       		.byte	0x57
 697 020b 07       		.uleb128 0x7
 698 020c AB060000 		.4byte	.LASF72
 699 0210 58       		.byte	0x58
 700 0211 07       		.uleb128 0x7
 701 0212 BC040000 		.4byte	.LASF73
 702 0216 70       		.byte	0x70
 703 0217 07       		.uleb128 0x7
 704 0218 E60E0000 		.4byte	.LASF74
 705 021c 71       		.byte	0x71
 706 021d 07       		.uleb128 0x7
 707 021e B1080000 		.4byte	.LASF75
 708 0222 72       		.byte	0x72
 709 0223 07       		.uleb128 0x7
 710 0224 85010000 		.4byte	.LASF76
 711 0228 73       		.byte	0x73
 712 0229 07       		.uleb128 0x7
 713 022a 610A0000 		.4byte	.LASF77
 714 022e 74       		.byte	0x74
 715 022f 07       		.uleb128 0x7
 716 0230 C50E0000 		.4byte	.LASF78
 717 0234 75       		.byte	0x75
 718 0235 07       		.uleb128 0x7
 719 0236 CA000000 		.4byte	.LASF79
 720 023a 76       		.byte	0x76
 721 023b 07       		.uleb128 0x7
 722 023c 46000000 		.4byte	.LASF80
 723 0240 77       		.byte	0x77
 724 0241 07       		.uleb128 0x7
 725 0242 00000000 		.4byte	.LASF81
 726 0246 78       		.byte	0x78
 727 0247 07       		.uleb128 0x7
 728 0248 C90C0000 		.4byte	.LASF82
 729 024c 79       		.byte	0x79
 730 024d 07       		.uleb128 0x7
 731 024e E8040000 		.4byte	.LASF83
 732 0252 7A       		.byte	0x7a
 733 0253 07       		.uleb128 0x7
 734 0254 63020000 		.4byte	.LASF84
 735 0258 FA       		.byte	0xfa
 736 0259 07       		.uleb128 0x7
 737 025a DD050000 		.4byte	.LASF85
 738 025e FB       		.byte	0xfb
 739 025f 07       		.uleb128 0x7
 740 0260 460B0000 		.4byte	.LASF86
 741 0264 FC       		.byte	0xfc
 742 0265 07       		.uleb128 0x7
 743 0266 7B0F0000 		.4byte	.LASF87
 744 026a FD       		.byte	0xfd
 745 026b 07       		.uleb128 0x7
ARM GAS  C:\Users\d4hhm\AppData\Local\Temp\ccfgdLgN.s 			page 17


 746 026c 85040000 		.4byte	.LASF88
 747 0270 FF       		.byte	0xff
 748 0271 00       		.byte	0
 749 0272 06       		.uleb128 0x6
 750 0273 02       		.byte	0x2
 751 0274 3A000000 		.4byte	0x3a
 752 0278 03       		.byte	0x3
 753 0279 E703     		.2byte	0x3e7
 754 027b 51030000 		.4byte	0x351
 755 027f 07       		.uleb128 0x7
 756 0280 93040000 		.4byte	.LASF89
 757 0284 00       		.byte	0
 758 0285 07       		.uleb128 0x7
 759 0286 5B040000 		.4byte	.LASF90
 760 028a 01       		.byte	0x1
 761 028b 07       		.uleb128 0x7
 762 028c 910D0000 		.4byte	.LASF91
 763 0290 02       		.byte	0x2
 764 0291 07       		.uleb128 0x7
 765 0292 65000000 		.4byte	.LASF92
 766 0296 03       		.byte	0x3
 767 0297 07       		.uleb128 0x7
 768 0298 0C020000 		.4byte	.LASF93
 769 029c 04       		.byte	0x4
 770 029d 07       		.uleb128 0x7
 771 029e BF050000 		.4byte	.LASF94
 772 02a2 05       		.byte	0x5
 773 02a3 07       		.uleb128 0x7
 774 02a4 580B0000 		.4byte	.LASF95
 775 02a8 06       		.byte	0x6
 776 02a9 07       		.uleb128 0x7
 777 02aa 49030000 		.4byte	.LASF96
 778 02ae 07       		.byte	0x7
 779 02af 07       		.uleb128 0x7
 780 02b0 E40B0000 		.4byte	.LASF97
 781 02b4 08       		.byte	0x8
 782 02b5 07       		.uleb128 0x7
 783 02b6 8C0E0000 		.4byte	.LASF98
 784 02ba 09       		.byte	0x9
 785 02bb 07       		.uleb128 0x7
 786 02bc AC0A0000 		.4byte	.LASF99
 787 02c0 0A       		.byte	0xa
 788 02c1 07       		.uleb128 0x7
 789 02c2 510C0000 		.4byte	.LASF100
 790 02c6 0B       		.byte	0xb
 791 02c7 07       		.uleb128 0x7
 792 02c8 81020000 		.4byte	.LASF101
 793 02cc 0C       		.byte	0xc
 794 02cd 07       		.uleb128 0x7
 795 02ce E7010000 		.4byte	.LASF102
 796 02d2 0D       		.byte	0xd
 797 02d3 07       		.uleb128 0x7
 798 02d4 FC050000 		.4byte	.LASF103
 799 02d8 0E       		.byte	0xe
 800 02d9 07       		.uleb128 0x7
 801 02da 400E0000 		.4byte	.LASF104
 802 02de 0F       		.byte	0xf
ARM GAS  C:\Users\d4hhm\AppData\Local\Temp\ccfgdLgN.s 			page 18


 803 02df 07       		.uleb128 0x7
 804 02e0 110D0000 		.4byte	.LASF105
 805 02e4 10       		.byte	0x10
 806 02e5 07       		.uleb128 0x7
 807 02e6 CE060000 		.4byte	.LASF106
 808 02ea 11       		.byte	0x11
 809 02eb 07       		.uleb128 0x7
 810 02ec 0C040000 		.4byte	.LASF107
 811 02f0 12       		.byte	0x12
 812 02f1 07       		.uleb128 0x7
 813 02f2 530F0000 		.4byte	.LASF108
 814 02f6 13       		.byte	0x13
 815 02f7 07       		.uleb128 0x7
 816 02f8 27030000 		.4byte	.LASF109
 817 02fc 27       		.byte	0x27
 818 02fd 07       		.uleb128 0x7
 819 02fe EC0C0000 		.4byte	.LASF110
 820 0302 28       		.byte	0x28
 821 0303 07       		.uleb128 0x7
 822 0304 240E0000 		.4byte	.LASF111
 823 0308 29       		.byte	0x29
 824 0309 07       		.uleb128 0x7
 825 030a BE010000 		.4byte	.LASF112
 826 030e 2A       		.byte	0x2a
 827 030f 07       		.uleb128 0x7
 828 0310 EB000000 		.4byte	.LASF113
 829 0314 2B       		.byte	0x2b
 830 0315 07       		.uleb128 0x7
 831 0316 36090000 		.4byte	.LASF114
 832 031a 2C       		.byte	0x2c
 833 031b 07       		.uleb128 0x7
 834 031c 990B0000 		.4byte	.LASF115
 835 0320 2D       		.byte	0x2d
 836 0321 07       		.uleb128 0x7
 837 0322 F60D0000 		.4byte	.LASF116
 838 0326 FE       		.byte	0xfe
 839 0327 07       		.uleb128 0x7
 840 0328 26090000 		.4byte	.LASF117
 841 032c FF       		.byte	0xff
 842 032d 08       		.uleb128 0x8
 843 032e F8060000 		.4byte	.LASF118
 844 0332 0001     		.2byte	0x100
 845 0334 08       		.uleb128 0x8
 846 0335 480A0000 		.4byte	.LASF119
 847 0339 0101     		.2byte	0x101
 848 033b 08       		.uleb128 0x8
 849 033c C60A0000 		.4byte	.LASF120
 850 0340 0201     		.2byte	0x102
 851 0342 08       		.uleb128 0x8
 852 0343 9F030000 		.4byte	.LASF121
 853 0347 0301     		.2byte	0x103
 854 0349 08       		.uleb128 0x8
 855 034a 290C0000 		.4byte	.LASF122
 856 034e 0401     		.2byte	0x104
 857 0350 00       		.byte	0
 858 0351 04       		.uleb128 0x4
 859 0352 140A0000 		.4byte	.LASF123
ARM GAS  C:\Users\d4hhm\AppData\Local\Temp\ccfgdLgN.s 			page 19


 860 0356 03       		.byte	0x3
 861 0357 5904     		.2byte	0x459
 862 0359 72020000 		.4byte	0x272
 863 035d 09       		.uleb128 0x9
 864 035e 20       		.byte	0x20
 865 035f 04       		.byte	0x4
 866 0360 6402     		.2byte	0x264
 867 0362 81030000 		.4byte	0x381
 868 0366 0A       		.uleb128 0xa
 869 0367 910B0000 		.4byte	.LASF124
 870 036b 04       		.byte	0x4
 871 036c 6702     		.2byte	0x267
 872 036e 81030000 		.4byte	0x381
 873 0372 00       		.byte	0
 874 0373 0A       		.uleb128 0xa
 875 0374 0C050000 		.4byte	.LASF125
 876 0378 04       		.byte	0x4
 877 0379 6A02     		.2byte	0x26a
 878 037b 6B000000 		.4byte	0x6b
 879 037f 1F       		.byte	0x1f
 880 0380 00       		.byte	0
 881 0381 0B       		.uleb128 0xb
 882 0382 6B000000 		.4byte	0x6b
 883 0386 91030000 		.4byte	0x391
 884 038a 0C       		.uleb128 0xc
 885 038b AB000000 		.4byte	0xab
 886 038f 1E       		.byte	0x1e
 887 0390 00       		.byte	0
 888 0391 04       		.uleb128 0x4
 889 0392 8A000000 		.4byte	.LASF126
 890 0396 04       		.byte	0x4
 891 0397 6C02     		.2byte	0x26c
 892 0399 5D030000 		.4byte	0x35d
 893 039d 0D       		.uleb128 0xd
 894 039e D7030000 		.4byte	.LASF127
 895 03a2 01       		.byte	0x1
 896 03a3 27       		.byte	0x27
 897 03a4 00000000 		.4byte	.LFB36
 898 03a8 1C010000 		.4byte	.LFE36-.LFB36
 899 03ac 01       		.uleb128 0x1
 900 03ad 9C       		.byte	0x9c
 901 03ae C1030000 		.4byte	0x3c1
 902 03b2 0E       		.uleb128 0xe
 903 03b3 B5020000 		.4byte	.LASF132
 904 03b7 01       		.byte	0x1
 905 03b8 28       		.byte	0x28
 906 03b9 5D000000 		.4byte	0x5d
 907 03bd 02       		.uleb128 0x2
 908 03be 91       		.byte	0x91
 909 03bf 74       		.sleb128 -12
 910 03c0 00       		.byte	0
 911 03c1 0F       		.uleb128 0xf
 912 03c2 120E0000 		.4byte	.LASF128
 913 03c6 01       		.byte	0x1
 914 03c7 60       		.byte	0x60
 915 03c8 00000000 		.4byte	.LFB37
 916 03cc 2C000000 		.4byte	.LFE37-.LFB37
ARM GAS  C:\Users\d4hhm\AppData\Local\Temp\ccfgdLgN.s 			page 20


 917 03d0 01       		.uleb128 0x1
 918 03d1 9C       		.byte	0x9c
 919 03d2 F3030000 		.4byte	0x3f3
 920 03d6 10       		.uleb128 0x10
 921 03d7 F2060000 		.4byte	.LASF129
 922 03db 01       		.byte	0x1
 923 03dc 60       		.byte	0x60
 924 03dd 83000000 		.4byte	0x83
 925 03e1 02       		.uleb128 0x2
 926 03e2 91       		.byte	0x91
 927 03e3 74       		.sleb128 -12
 928 03e4 10       		.uleb128 0x10
 929 03e5 CD0D0000 		.4byte	.LASF130
 930 03e9 01       		.byte	0x1
 931 03ea 60       		.byte	0x60
 932 03eb B2000000 		.4byte	0xb2
 933 03ef 02       		.uleb128 0x2
 934 03f0 91       		.byte	0x91
 935 03f1 70       		.sleb128 -16
 936 03f2 00       		.byte	0
 937 03f3 11       		.uleb128 0x11
 938 03f4 0C0F0000 		.4byte	.LASF131
 939 03f8 01       		.byte	0x1
 940 03f9 6D       		.byte	0x6d
 941 03fa 5D000000 		.4byte	0x5d
 942 03fe 00000000 		.4byte	.LFB38
 943 0402 CC000000 		.4byte	.LFE38-.LFB38
 944 0406 01       		.uleb128 0x1
 945 0407 9C       		.byte	0x9c
 946 0408 1B040000 		.4byte	0x41b
 947 040c 0E       		.uleb128 0xe
 948 040d 0A0A0000 		.4byte	.LASF133
 949 0411 01       		.byte	0x1
 950 0412 6E       		.byte	0x6e
 951 0413 51030000 		.4byte	0x351
 952 0417 02       		.uleb128 0x2
 953 0418 91       		.byte	0x91
 954 0419 6E       		.sleb128 -18
 955 041a 00       		.byte	0
 956 041b 12       		.uleb128 0x12
 957 041c B5070000 		.4byte	.LASF134
 958 0420 05       		.byte	0x5
 959 0421 B302     		.2byte	0x2b3
 960 0423 91030000 		.4byte	0x391
 961 0427 13       		.uleb128 0x13
 962 0428 B3050000 		.4byte	.LASF135
 963 042c 01       		.byte	0x1
 964 042d 17       		.byte	0x17
 965 042e 6B000000 		.4byte	0x6b
 966 0432 05       		.uleb128 0x5
 967 0433 03       		.byte	0x3
 968 0434 00000000 		.4byte	initialized
 969 0438 13       		.uleb128 0x13
 970 0439 79040000 		.4byte	.LASF136
 971 043d 01       		.byte	0x1
 972 043e 1A       		.byte	0x1a
 973 043f 6B000000 		.4byte	0x6b
ARM GAS  C:\Users\d4hhm\AppData\Local\Temp\ccfgdLgN.s 			page 21


 974 0443 05       		.uleb128 0x5
 975 0444 03       		.byte	0x3
 976 0445 00000000 		.4byte	tick
 977 0449 13       		.uleb128 0x13
 978 044a DB010000 		.4byte	.LASF137
 979 044e 01       		.byte	0x1
 980 044f 1F       		.byte	0x1f
 981 0450 5D000000 		.4byte	0x5d
 982 0454 05       		.uleb128 0x5
 983 0455 03       		.byte	0x3
 984 0456 00000000 		.4byte	range_value
 985 045a 13       		.uleb128 0x13
 986 045b E2040000 		.4byte	.LASF138
 987 045f 01       		.byte	0x1
 988 0460 20       		.byte	0x20
 989 0461 5D000000 		.4byte	0x5d
 990 0465 05       		.uleb128 0x5
 991 0466 03       		.byte	0x3
 992 0467 00000000 		.4byte	TempC
 993 046b 13       		.uleb128 0x13
 994 046c AC070000 		.4byte	.LASF139
 995 0470 01       		.byte	0x1
 996 0471 20       		.byte	0x20
 997 0472 5D000000 		.4byte	0x5d
 998 0476 05       		.uleb128 0x5
 999 0477 03       		.byte	0x3
 1000 0478 00000000 		.4byte	Humidity
 1001 047c 13       		.uleb128 0x13
 1002 047d 96030000 		.4byte	.LASF140
 1003 0481 01       		.byte	0x1
 1004 0482 21       		.byte	0x21
 1005 0483 8F000000 		.4byte	0x8f
 1006 0487 05       		.uleb128 0x5
 1007 0488 03       		.byte	0x3
 1008 0489 00000000 		.4byte	Pressure
 1009 048d 13       		.uleb128 0x13
 1010 048e 5F070000 		.4byte	.LASF141
 1011 0492 01       		.byte	0x1
 1012 0493 22       		.byte	0x22
 1013 0494 5D000000 		.4byte	0x5d
 1014 0498 05       		.uleb128 0x5
 1015 0499 03       		.byte	0x3
 1016 049a 00000000 		.4byte	temp_humi
 1017 049e 13       		.uleb128 0x13
 1018 049f EB020000 		.4byte	.LASF142
 1019 04a3 01       		.byte	0x1
 1020 04a4 24       		.byte	0x24
 1021 04a5 77000000 		.4byte	0x77
 1022 04a9 05       		.uleb128 0x5
 1023 04aa 03       		.byte	0x3
 1024 04ab 00000000 		.4byte	capsense_value
 1025 04af 00       		.byte	0
 1026              		.section	.debug_abbrev,"",%progbits
 1027              	.Ldebug_abbrev0:
 1028 0000 01       		.uleb128 0x1
 1029 0001 11       		.uleb128 0x11
 1030 0002 01       		.byte	0x1
ARM GAS  C:\Users\d4hhm\AppData\Local\Temp\ccfgdLgN.s 			page 22


 1031 0003 25       		.uleb128 0x25
 1032 0004 0E       		.uleb128 0xe
 1033 0005 13       		.uleb128 0x13
 1034 0006 0B       		.uleb128 0xb
 1035 0007 03       		.uleb128 0x3
 1036 0008 0E       		.uleb128 0xe
 1037 0009 1B       		.uleb128 0x1b
 1038 000a 0E       		.uleb128 0xe
 1039 000b 55       		.uleb128 0x55
 1040 000c 17       		.uleb128 0x17
 1041 000d 11       		.uleb128 0x11
 1042 000e 01       		.uleb128 0x1
 1043 000f 10       		.uleb128 0x10
 1044 0010 17       		.uleb128 0x17
 1045 0011 00       		.byte	0
 1046 0012 00       		.byte	0
 1047 0013 02       		.uleb128 0x2
 1048 0014 24       		.uleb128 0x24
 1049 0015 00       		.byte	0
 1050 0016 0B       		.uleb128 0xb
 1051 0017 0B       		.uleb128 0xb
 1052 0018 3E       		.uleb128 0x3e
 1053 0019 0B       		.uleb128 0xb
 1054 001a 03       		.uleb128 0x3
 1055 001b 0E       		.uleb128 0xe
 1056 001c 00       		.byte	0
 1057 001d 00       		.byte	0
 1058 001e 03       		.uleb128 0x3
 1059 001f 24       		.uleb128 0x24
 1060 0020 00       		.byte	0
 1061 0021 0B       		.uleb128 0xb
 1062 0022 0B       		.uleb128 0xb
 1063 0023 3E       		.uleb128 0x3e
 1064 0024 0B       		.uleb128 0xb
 1065 0025 03       		.uleb128 0x3
 1066 0026 08       		.uleb128 0x8
 1067 0027 00       		.byte	0
 1068 0028 00       		.byte	0
 1069 0029 04       		.uleb128 0x4
 1070 002a 16       		.uleb128 0x16
 1071 002b 00       		.byte	0
 1072 002c 03       		.uleb128 0x3
 1073 002d 0E       		.uleb128 0xe
 1074 002e 3A       		.uleb128 0x3a
 1075 002f 0B       		.uleb128 0xb
 1076 0030 3B       		.uleb128 0x3b
 1077 0031 05       		.uleb128 0x5
 1078 0032 49       		.uleb128 0x49
 1079 0033 13       		.uleb128 0x13
 1080 0034 00       		.byte	0
 1081 0035 00       		.byte	0
 1082 0036 05       		.uleb128 0x5
 1083 0037 0F       		.uleb128 0xf
 1084 0038 00       		.byte	0
 1085 0039 0B       		.uleb128 0xb
 1086 003a 0B       		.uleb128 0xb
 1087 003b 00       		.byte	0
ARM GAS  C:\Users\d4hhm\AppData\Local\Temp\ccfgdLgN.s 			page 23


 1088 003c 00       		.byte	0
 1089 003d 06       		.uleb128 0x6
 1090 003e 04       		.uleb128 0x4
 1091 003f 01       		.byte	0x1
 1092 0040 0B       		.uleb128 0xb
 1093 0041 0B       		.uleb128 0xb
 1094 0042 49       		.uleb128 0x49
 1095 0043 13       		.uleb128 0x13
 1096 0044 3A       		.uleb128 0x3a
 1097 0045 0B       		.uleb128 0xb
 1098 0046 3B       		.uleb128 0x3b
 1099 0047 05       		.uleb128 0x5
 1100 0048 01       		.uleb128 0x1
 1101 0049 13       		.uleb128 0x13
 1102 004a 00       		.byte	0
 1103 004b 00       		.byte	0
 1104 004c 07       		.uleb128 0x7
 1105 004d 28       		.uleb128 0x28
 1106 004e 00       		.byte	0
 1107 004f 03       		.uleb128 0x3
 1108 0050 0E       		.uleb128 0xe
 1109 0051 1C       		.uleb128 0x1c
 1110 0052 0B       		.uleb128 0xb
 1111 0053 00       		.byte	0
 1112 0054 00       		.byte	0
 1113 0055 08       		.uleb128 0x8
 1114 0056 28       		.uleb128 0x28
 1115 0057 00       		.byte	0
 1116 0058 03       		.uleb128 0x3
 1117 0059 0E       		.uleb128 0xe
 1118 005a 1C       		.uleb128 0x1c
 1119 005b 05       		.uleb128 0x5
 1120 005c 00       		.byte	0
 1121 005d 00       		.byte	0
 1122 005e 09       		.uleb128 0x9
 1123 005f 13       		.uleb128 0x13
 1124 0060 01       		.byte	0x1
 1125 0061 0B       		.uleb128 0xb
 1126 0062 0B       		.uleb128 0xb
 1127 0063 3A       		.uleb128 0x3a
 1128 0064 0B       		.uleb128 0xb
 1129 0065 3B       		.uleb128 0x3b
 1130 0066 05       		.uleb128 0x5
 1131 0067 01       		.uleb128 0x1
 1132 0068 13       		.uleb128 0x13
 1133 0069 00       		.byte	0
 1134 006a 00       		.byte	0
 1135 006b 0A       		.uleb128 0xa
 1136 006c 0D       		.uleb128 0xd
 1137 006d 00       		.byte	0
 1138 006e 03       		.uleb128 0x3
 1139 006f 0E       		.uleb128 0xe
 1140 0070 3A       		.uleb128 0x3a
 1141 0071 0B       		.uleb128 0xb
 1142 0072 3B       		.uleb128 0x3b
 1143 0073 05       		.uleb128 0x5
 1144 0074 49       		.uleb128 0x49
ARM GAS  C:\Users\d4hhm\AppData\Local\Temp\ccfgdLgN.s 			page 24


 1145 0075 13       		.uleb128 0x13
 1146 0076 38       		.uleb128 0x38
 1147 0077 0B       		.uleb128 0xb
 1148 0078 00       		.byte	0
 1149 0079 00       		.byte	0
 1150 007a 0B       		.uleb128 0xb
 1151 007b 01       		.uleb128 0x1
 1152 007c 01       		.byte	0x1
 1153 007d 49       		.uleb128 0x49
 1154 007e 13       		.uleb128 0x13
 1155 007f 01       		.uleb128 0x1
 1156 0080 13       		.uleb128 0x13
 1157 0081 00       		.byte	0
 1158 0082 00       		.byte	0
 1159 0083 0C       		.uleb128 0xc
 1160 0084 21       		.uleb128 0x21
 1161 0085 00       		.byte	0
 1162 0086 49       		.uleb128 0x49
 1163 0087 13       		.uleb128 0x13
 1164 0088 2F       		.uleb128 0x2f
 1165 0089 0B       		.uleb128 0xb
 1166 008a 00       		.byte	0
 1167 008b 00       		.byte	0
 1168 008c 0D       		.uleb128 0xd
 1169 008d 2E       		.uleb128 0x2e
 1170 008e 01       		.byte	0x1
 1171 008f 3F       		.uleb128 0x3f
 1172 0090 19       		.uleb128 0x19
 1173 0091 03       		.uleb128 0x3
 1174 0092 0E       		.uleb128 0xe
 1175 0093 3A       		.uleb128 0x3a
 1176 0094 0B       		.uleb128 0xb
 1177 0095 3B       		.uleb128 0x3b
 1178 0096 0B       		.uleb128 0xb
 1179 0097 27       		.uleb128 0x27
 1180 0098 19       		.uleb128 0x19
 1181 0099 11       		.uleb128 0x11
 1182 009a 01       		.uleb128 0x1
 1183 009b 12       		.uleb128 0x12
 1184 009c 06       		.uleb128 0x6
 1185 009d 40       		.uleb128 0x40
 1186 009e 18       		.uleb128 0x18
 1187 009f 9642     		.uleb128 0x2116
 1188 00a1 19       		.uleb128 0x19
 1189 00a2 01       		.uleb128 0x1
 1190 00a3 13       		.uleb128 0x13
 1191 00a4 00       		.byte	0
 1192 00a5 00       		.byte	0
 1193 00a6 0E       		.uleb128 0xe
 1194 00a7 34       		.uleb128 0x34
 1195 00a8 00       		.byte	0
 1196 00a9 03       		.uleb128 0x3
 1197 00aa 0E       		.uleb128 0xe
 1198 00ab 3A       		.uleb128 0x3a
 1199 00ac 0B       		.uleb128 0xb
 1200 00ad 3B       		.uleb128 0x3b
 1201 00ae 0B       		.uleb128 0xb
ARM GAS  C:\Users\d4hhm\AppData\Local\Temp\ccfgdLgN.s 			page 25


 1202 00af 49       		.uleb128 0x49
 1203 00b0 13       		.uleb128 0x13
 1204 00b1 02       		.uleb128 0x2
 1205 00b2 18       		.uleb128 0x18
 1206 00b3 00       		.byte	0
 1207 00b4 00       		.byte	0
 1208 00b5 0F       		.uleb128 0xf
 1209 00b6 2E       		.uleb128 0x2e
 1210 00b7 01       		.byte	0x1
 1211 00b8 3F       		.uleb128 0x3f
 1212 00b9 19       		.uleb128 0x19
 1213 00ba 03       		.uleb128 0x3
 1214 00bb 0E       		.uleb128 0xe
 1215 00bc 3A       		.uleb128 0x3a
 1216 00bd 0B       		.uleb128 0xb
 1217 00be 3B       		.uleb128 0x3b
 1218 00bf 0B       		.uleb128 0xb
 1219 00c0 27       		.uleb128 0x27
 1220 00c1 19       		.uleb128 0x19
 1221 00c2 11       		.uleb128 0x11
 1222 00c3 01       		.uleb128 0x1
 1223 00c4 12       		.uleb128 0x12
 1224 00c5 06       		.uleb128 0x6
 1225 00c6 40       		.uleb128 0x40
 1226 00c7 18       		.uleb128 0x18
 1227 00c8 9742     		.uleb128 0x2117
 1228 00ca 19       		.uleb128 0x19
 1229 00cb 01       		.uleb128 0x1
 1230 00cc 13       		.uleb128 0x13
 1231 00cd 00       		.byte	0
 1232 00ce 00       		.byte	0
 1233 00cf 10       		.uleb128 0x10
 1234 00d0 05       		.uleb128 0x5
 1235 00d1 00       		.byte	0
 1236 00d2 03       		.uleb128 0x3
 1237 00d3 0E       		.uleb128 0xe
 1238 00d4 3A       		.uleb128 0x3a
 1239 00d5 0B       		.uleb128 0xb
 1240 00d6 3B       		.uleb128 0x3b
 1241 00d7 0B       		.uleb128 0xb
 1242 00d8 49       		.uleb128 0x49
 1243 00d9 13       		.uleb128 0x13
 1244 00da 02       		.uleb128 0x2
 1245 00db 18       		.uleb128 0x18
 1246 00dc 00       		.byte	0
 1247 00dd 00       		.byte	0
 1248 00de 11       		.uleb128 0x11
 1249 00df 2E       		.uleb128 0x2e
 1250 00e0 01       		.byte	0x1
 1251 00e1 3F       		.uleb128 0x3f
 1252 00e2 19       		.uleb128 0x19
 1253 00e3 03       		.uleb128 0x3
 1254 00e4 0E       		.uleb128 0xe
 1255 00e5 3A       		.uleb128 0x3a
 1256 00e6 0B       		.uleb128 0xb
 1257 00e7 3B       		.uleb128 0x3b
 1258 00e8 0B       		.uleb128 0xb
ARM GAS  C:\Users\d4hhm\AppData\Local\Temp\ccfgdLgN.s 			page 26


 1259 00e9 49       		.uleb128 0x49
 1260 00ea 13       		.uleb128 0x13
 1261 00eb 11       		.uleb128 0x11
 1262 00ec 01       		.uleb128 0x1
 1263 00ed 12       		.uleb128 0x12
 1264 00ee 06       		.uleb128 0x6
 1265 00ef 40       		.uleb128 0x40
 1266 00f0 18       		.uleb128 0x18
 1267 00f1 9642     		.uleb128 0x2116
 1268 00f3 19       		.uleb128 0x19
 1269 00f4 01       		.uleb128 0x1
 1270 00f5 13       		.uleb128 0x13
 1271 00f6 00       		.byte	0
 1272 00f7 00       		.byte	0
 1273 00f8 12       		.uleb128 0x12
 1274 00f9 34       		.uleb128 0x34
 1275 00fa 00       		.byte	0
 1276 00fb 03       		.uleb128 0x3
 1277 00fc 0E       		.uleb128 0xe
 1278 00fd 3A       		.uleb128 0x3a
 1279 00fe 0B       		.uleb128 0xb
 1280 00ff 3B       		.uleb128 0x3b
 1281 0100 05       		.uleb128 0x5
 1282 0101 49       		.uleb128 0x49
 1283 0102 13       		.uleb128 0x13
 1284 0103 3F       		.uleb128 0x3f
 1285 0104 19       		.uleb128 0x19
 1286 0105 3C       		.uleb128 0x3c
 1287 0106 19       		.uleb128 0x19
 1288 0107 00       		.byte	0
 1289 0108 00       		.byte	0
 1290 0109 13       		.uleb128 0x13
 1291 010a 34       		.uleb128 0x34
 1292 010b 00       		.byte	0
 1293 010c 03       		.uleb128 0x3
 1294 010d 0E       		.uleb128 0xe
 1295 010e 3A       		.uleb128 0x3a
 1296 010f 0B       		.uleb128 0xb
 1297 0110 3B       		.uleb128 0x3b
 1298 0111 0B       		.uleb128 0xb
 1299 0112 49       		.uleb128 0x49
 1300 0113 13       		.uleb128 0x13
 1301 0114 3F       		.uleb128 0x3f
 1302 0115 19       		.uleb128 0x19
 1303 0116 02       		.uleb128 0x2
 1304 0117 18       		.uleb128 0x18
 1305 0118 00       		.byte	0
 1306 0119 00       		.byte	0
 1307 011a 00       		.byte	0
 1308              		.section	.debug_aranges,"",%progbits
 1309 0000 2C000000 		.4byte	0x2c
 1310 0004 0200     		.2byte	0x2
 1311 0006 00000000 		.4byte	.Ldebug_info0
 1312 000a 04       		.byte	0x4
 1313 000b 00       		.byte	0
 1314 000c 0000     		.2byte	0
 1315 000e 0000     		.2byte	0
ARM GAS  C:\Users\d4hhm\AppData\Local\Temp\ccfgdLgN.s 			page 27


 1316 0010 00000000 		.4byte	.LFB36
 1317 0014 1C010000 		.4byte	.LFE36-.LFB36
 1318 0018 00000000 		.4byte	.LFB37
 1319 001c 2C000000 		.4byte	.LFE37-.LFB37
 1320 0020 00000000 		.4byte	.LFB38
 1321 0024 CC000000 		.4byte	.LFE38-.LFB38
 1322 0028 00000000 		.4byte	0
 1323 002c 00000000 		.4byte	0
 1324              		.section	.debug_ranges,"",%progbits
 1325              	.Ldebug_ranges0:
 1326 0000 00000000 		.4byte	.LFB36
 1327 0004 1C010000 		.4byte	.LFE36
 1328 0008 00000000 		.4byte	.LFB37
 1329 000c 2C000000 		.4byte	.LFE37
 1330 0010 00000000 		.4byte	.LFB38
 1331 0014 CC000000 		.4byte	.LFE38
 1332 0018 00000000 		.4byte	0
 1333 001c 00000000 		.4byte	0
 1334              		.section	.debug_line,"",%progbits
 1335              	.Ldebug_line0:
 1336 0000 F3000000 		.section	.debug_str,"MS",%progbits,1
 1336      02007100 
 1336      00000201 
 1336      FB0E0D00 
 1336      01010101 
 1337              	.LASF81:
 1338 0000 4359424C 		.ascii	"CYBLE_EVT_L2CAP_CBFC_RX_CREDIT_IND\000"
 1338      455F4556 
 1338      545F4C32 
 1338      4341505F 
 1338      43424643 
 1339              	.LASF22:
 1340 0023 4359424C 		.ascii	"CYBLE_EVT_STACK_BUSY_STATUS\000"
 1340      455F4556 
 1340      545F5354 
 1340      41434B5F 
 1340      42555359 
 1341              	.LASF10:
 1342 003f 75696E74 		.ascii	"uint16\000"
 1342      313600
 1343              	.LASF80:
 1344 0046 4359424C 		.ascii	"CYBLE_EVT_L2CAP_CBFC_DATA_READ\000"
 1344      455F4556 
 1344      545F4C32 
 1344      4341505F 
 1344      43424643 
 1345              	.LASF92:
 1346 0065 4359424C 		.ascii	"CYBLE_ERROR_MEMORY_ALLOCATION_FAILED\000"
 1346      455F4552 
 1346      524F525F 
 1346      4D454D4F 
 1346      52595F41 
 1347              	.LASF126:
 1348 008a 4359424C 		.ascii	"CYBLE_GAPP_DISC_DATA_T\000"
 1348      455F4741 
 1348      50505F44 
 1348      4953435F 
ARM GAS  C:\Users\d4hhm\AppData\Local\Temp\ccfgdLgN.s 			page 28


 1348      44415441 
 1349              	.LASF34:
 1350 00a1 4359424C 		.ascii	"CYBLE_EVT_GAP_CONNECTION_UPDATE_COMPLETE\000"
 1350      455F4556 
 1350      545F4741 
 1350      505F434F 
 1350      4E4E4543 
 1351              	.LASF79:
 1352 00ca 4359424C 		.ascii	"CYBLE_EVT_L2CAP_CBFC_DISCONN_CNF\000"
 1352      455F4556 
 1352      545F4C32 
 1352      4341505F 
 1352      43424643 
 1353              	.LASF113:
 1354 00eb 4359424C 		.ascii	"CYBLE_ERROR_UNSUPPORTED_FEATURE_OR_PARAMETER_VALUE\000"
 1354      455F4552 
 1354      524F525F 
 1354      554E5355 
 1354      50504F52 
 1355              	.LASF39:
 1356 011e 4359424C 		.ascii	"CYBLE_EVT_GAP_OOB_GENERATED_NOTIFICATION\000"
 1356      455F4556 
 1356      545F4741 
 1356      505F4F4F 
 1356      425F4745 
 1357              	.LASF59:
 1358 0147 4359424C 		.ascii	"CYBLE_EVT_GATTC_READ_MULTI_RSP\000"
 1358      455F4556 
 1358      545F4741 
 1358      5454435F 
 1358      52454144 
 1359              	.LASF64:
 1360 0166 4359424C 		.ascii	"CYBLE_EVT_GATTS_EXEC_WRITE_REQ\000"
 1360      455F4556 
 1360      545F4741 
 1360      5454535F 
 1360      45584543 
 1361              	.LASF76:
 1362 0185 4359424C 		.ascii	"CYBLE_EVT_L2CAP_CBFC_CONN_IND\000"
 1362      455F4556 
 1362      545F4C32 
 1362      4341505F 
 1362      43424643 
 1363              	.LASF19:
 1364 01a3 4359424C 		.ascii	"CYBLE_EVT_TIMEOUT\000"
 1364      455F4556 
 1364      545F5449 
 1364      4D454F55 
 1364      5400
 1365              	.LASF4:
 1366 01b5 6C6F6E67 		.ascii	"long int\000"
 1366      20696E74 
 1366      00
 1367              	.LASF112:
 1368 01be 4359424C 		.ascii	"CYBLE_ERROR_HARDWARE_FAILURE\000"
 1368      455F4552 
 1368      524F525F 
ARM GAS  C:\Users\d4hhm\AppData\Local\Temp\ccfgdLgN.s 			page 29


 1368      48415244 
 1368      57415245 
 1369              	.LASF137:
 1370 01db 72616E67 		.ascii	"range_value\000"
 1370      655F7661 
 1370      6C756500 
 1371              	.LASF102:
 1372 01e7 4359424C 		.ascii	"CYBLE_ERROR_L2CAP_PSM_WRONG_ENCODING\000"
 1372      455F4552 
 1372      524F525F 
 1372      4C324341 
 1372      505F5053 
 1373              	.LASF93:
 1374 020c 4359424C 		.ascii	"CYBLE_ERROR_INSUFFICIENT_RESOURCES\000"
 1374      455F4552 
 1374      524F525F 
 1374      494E5355 
 1374      46464943 
 1375              	.LASF21:
 1376 022f 4359424C 		.ascii	"CYBLE_EVT_HCI_STATUS\000"
 1376      455F4556 
 1376      545F4843 
 1376      495F5354 
 1376      41545553 
 1377              	.LASF35:
 1378 0244 4359424C 		.ascii	"CYBLE_EVT_GAPC_SCAN_START_STOP\000"
 1378      455F4556 
 1378      545F4741 
 1378      50435F53 
 1378      43414E5F 
 1379              	.LASF84:
 1380 0263 4359424C 		.ascii	"CYBLE_EVT_PENDING_FLASH_WRITE\000"
 1380      455F4556 
 1380      545F5045 
 1380      4E44494E 
 1380      475F464C 
 1381              	.LASF101:
 1382 0281 4359424C 		.ascii	"CYBLE_ERROR_SEC_FAILED\000"
 1382      455F4552 
 1382      524F525F 
 1382      5345435F 
 1382      4641494C 
 1383              	.LASF33:
 1384 0298 4359424C 		.ascii	"CYBLE_EVT_GAP_ENCRYPT_CHANGE\000"
 1384      455F4556 
 1384      545F4741 
 1384      505F454E 
 1384      43525950 
 1385              	.LASF132:
 1386 02b5 50726573 		.ascii	"Pressure_int\000"
 1386      73757265 
 1386      5F696E74 
 1386      00
 1387              	.LASF37:
 1388 02c2 4359424C 		.ascii	"CYBLE_EVT_GAP_NUMERIC_COMPARISON_REQUEST\000"
 1388      455F4556 
 1388      545F4741 
ARM GAS  C:\Users\d4hhm\AppData\Local\Temp\ccfgdLgN.s 			page 30


 1388      505F4E55 
 1388      4D455249 
 1389              	.LASF142:
 1390 02eb 63617073 		.ascii	"capsense_value\000"
 1390      656E7365 
 1390      5F76616C 
 1390      756500
 1391              	.LASF6:
 1392 02fa 6C6F6E67 		.ascii	"long long int\000"
 1392      206C6F6E 
 1392      6720696E 
 1392      7400
 1393              	.LASF0:
 1394 0308 7369676E 		.ascii	"signed char\000"
 1394      65642063 
 1394      68617200 
 1395              	.LASF18:
 1396 0314 4359424C 		.ascii	"CYBLE_EVT_STACK_ON\000"
 1396      455F4556 
 1396      545F5354 
 1396      41434B5F 
 1396      4F4E00
 1397              	.LASF109:
 1398 0327 4359424C 		.ascii	"CYBLE_ERROR_DEVICE_ALREADY_EXISTS\000"
 1398      455F4552 
 1398      524F525F 
 1398      44455649 
 1398      43455F41 
 1399              	.LASF96:
 1400 0349 4359424C 		.ascii	"CYBLE_ERROR_NO_DEVICE_ENTITY\000"
 1400      455F4552 
 1400      524F525F 
 1400      4E4F5F44 
 1400      45564943 
 1401              	.LASF25:
 1402 0366 4359424C 		.ascii	"CYBLE_EVT_GAP_AUTH_REQ\000"
 1402      455F4556 
 1402      545F4741 
 1402      505F4155 
 1402      54485F52 
 1403              	.LASF57:
 1404 037d 4359424C 		.ascii	"CYBLE_EVT_GATTC_READ_RSP\000"
 1404      455F4556 
 1404      545F4741 
 1404      5454435F 
 1404      52454144 
 1405              	.LASF140:
 1406 0396 50726573 		.ascii	"Pressure\000"
 1406      73757265 
 1406      00
 1407              	.LASF121:
 1408 039f 4359424C 		.ascii	"CYBLE_ERROR_INVALID_STATE\000"
 1408      455F4552 
 1408      524F525F 
 1408      494E5641 
 1408      4C49445F 
 1409              	.LASF62:
ARM GAS  C:\Users\d4hhm\AppData\Local\Temp\ccfgdLgN.s 			page 31


 1410 03b9 4359424C 		.ascii	"CYBLE_EVT_GATTS_WRITE_CMD_REQ\000"
 1410      455F4556 
 1410      545F4741 
 1410      5454535F 
 1410      57524954 
 1411              	.LASF127:
 1412 03d7 5764745F 		.ascii	"Wdt_Callback\000"
 1412      43616C6C 
 1412      6261636B 
 1412      00
 1413              	.LASF30:
 1414 03e4 4359424C 		.ascii	"CYBLE_EVT_GAPP_ADVERTISEMENT_START_STOP\000"
 1414      455F4556 
 1414      545F4741 
 1414      50505F41 
 1414      44564552 
 1415              	.LASF107:
 1416 040c 4359424C 		.ascii	"CYBLE_ERROR_L2CAP_PSM_NOT_IN_RANGE\000"
 1416      455F4552 
 1416      524F525F 
 1416      4C324341 
 1416      505F5053 
 1417              	.LASF9:
 1418 042f 75696E74 		.ascii	"uint8\000"
 1418      3800
 1419              	.LASF65:
 1420 0435 4359424C 		.ascii	"CYBLE_EVT_GATTC_EXEC_WRITE_RSP\000"
 1420      455F4556 
 1420      545F4741 
 1420      5454435F 
 1420      45584543 
 1421              	.LASF13:
 1422 0454 646F7562 		.ascii	"double\000"
 1422      6C6500
 1423              	.LASF90:
 1424 045b 4359424C 		.ascii	"CYBLE_ERROR_INVALID_PARAMETER\000"
 1424      455F4552 
 1424      524F525F 
 1424      494E5641 
 1424      4C49445F 
 1425              	.LASF136:
 1426 0479 7469636B 		.ascii	"tick\000"
 1426      00
 1427              	.LASF11:
 1428 047e 75696E74 		.ascii	"uint32\000"
 1428      333200
 1429              	.LASF88:
 1430 0485 4359424C 		.ascii	"CYBLE_EVT_MAX\000"
 1430      455F4556 
 1430      545F4D41 
 1430      5800
 1431              	.LASF89:
 1432 0493 4359424C 		.ascii	"CYBLE_ERROR_OK\000"
 1432      455F4552 
 1432      524F525F 
 1432      4F4B00
 1433              	.LASF48:
ARM GAS  C:\Users\d4hhm\AppData\Local\Temp\ccfgdLgN.s 			page 32


 1434 04a2 4359424C 		.ascii	"CYBLE_EVT_GATTC_ERROR_RSP\000"
 1434      455F4556 
 1434      545F4741 
 1434      5454435F 
 1434      4552524F 
 1435              	.LASF73:
 1436 04bc 4359424C 		.ascii	"CYBLE_EVT_L2CAP_CONN_PARAM_UPDATE_REQ\000"
 1436      455F4556 
 1436      545F4C32 
 1436      4341505F 
 1436      434F4E4E 
 1437              	.LASF138:
 1438 04e2 54656D70 		.ascii	"TempC\000"
 1438      4300
 1439              	.LASF83:
 1440 04e8 4359424C 		.ascii	"CYBLE_EVT_L2CAP_CBFC_DATA_WRITE_IND\000"
 1440      455F4556 
 1440      545F4C32 
 1440      4341505F 
 1440      43424643 
 1441              	.LASF125:
 1442 050c 61647644 		.ascii	"advDataLen\000"
 1442      6174614C 
 1442      656E00
 1443              	.LASF45:
 1444 0517 4359424C 		.ascii	"CYBLE_EVT_GAP_SCAN_REQ_RECVD\000"
 1444      455F4556 
 1444      545F4741 
 1444      505F5343 
 1444      414E5F52 
 1445              	.LASF145:
 1446 0534 433A5C55 		.ascii	"C:\\Users\\d4hhm\\Documents\\Care-support-system\\P"
 1446      73657273 
 1446      5C643468 
 1446      686D5C44 
 1446      6F63756D 
 1447 0562 65726970 		.ascii	"eripheral\\Care_support_system_peripheral.cydsn\000"
 1447      68657261 
 1447      6C5C4361 
 1447      72655F73 
 1447      7570706F 
 1448              	.LASF70:
 1449 0591 4359424C 		.ascii	"CYBLE_EVT_GATTC_STOP_CMD_COMPLETE\000"
 1449      455F4556 
 1449      545F4741 
 1449      5454435F 
 1449      53544F50 
 1450              	.LASF135:
 1451 05b3 696E6974 		.ascii	"initialized\000"
 1451      69616C69 
 1451      7A656400 
 1452              	.LASF94:
 1453 05bf 4359424C 		.ascii	"CYBLE_ERROR_OOB_NOT_AVAILABLE\000"
 1453      455F4552 
 1453      524F525F 
 1453      4F4F425F 
 1453      4E4F545F 
ARM GAS  C:\Users\d4hhm\AppData\Local\Temp\ccfgdLgN.s 			page 33


 1454              	.LASF85:
 1455 05dd 4359424C 		.ascii	"CYBLE_EVT_LE_PING_AUTH_TIMEOUT\000"
 1455      455F4556 
 1455      545F4C45 
 1455      5F50494E 
 1455      475F4155 
 1456              	.LASF103:
 1457 05fc 4359424C 		.ascii	"CYBLE_ERROR_L2CAP_PSM_ALREADY_REGISTERED\000"
 1457      455F4552 
 1457      524F525F 
 1457      4C324341 
 1457      505F5053 
 1458              	.LASF5:
 1459 0625 6C6F6E67 		.ascii	"long unsigned int\000"
 1459      20756E73 
 1459      69676E65 
 1459      6420696E 
 1459      7400
 1460              	.LASF44:
 1461 0637 4359424C 		.ascii	"CYBLE_EVT_GAP_CONN_ESTB\000"
 1461      455F4556 
 1461      545F4741 
 1461      505F434F 
 1461      4E4E5F45 
 1462              	.LASF60:
 1463 064f 4359424C 		.ascii	"CYBLE_EVT_GATTS_WRITE_REQ\000"
 1463      455F4556 
 1463      545F4741 
 1463      5454535F 
 1463      57524954 
 1464              	.LASF52:
 1465 0669 4359424C 		.ascii	"CYBLE_EVT_GATTC_XCHNG_MTU_RSP\000"
 1465      455F4556 
 1465      545F4741 
 1465      5454435F 
 1465      5843484E 
 1466              	.LASF69:
 1467 0687 4359424C 		.ascii	"CYBLE_EVT_GATTS_DATA_SIGNED_CMD_REQ\000"
 1467      455F4556 
 1467      545F4741 
 1467      5454535F 
 1467      44415441 
 1468              	.LASF72:
 1469 06ab 4359424C 		.ascii	"CYBLE_EVT_GATTC_LONG_PROCEDURE_END\000"
 1469      455F4556 
 1469      545F4741 
 1469      5454435F 
 1469      4C4F4E47 
 1470              	.LASF106:
 1471 06ce 4359424C 		.ascii	"CYBLE_ERROR_L2CAP_CHANNEL_NOT_FOUND\000"
 1471      455F4552 
 1471      524F525F 
 1471      4C324341 
 1471      505F4348 
 1472              	.LASF129:
 1473 06f2 6576656E 		.ascii	"event\000"
 1473      7400
ARM GAS  C:\Users\d4hhm\AppData\Local\Temp\ccfgdLgN.s 			page 34


 1474              	.LASF118:
 1475 06f8 4359424C 		.ascii	"CYBLE_ERROR_NTF_DISABLED\000"
 1475      455F4552 
 1475      524F525F 
 1475      4E54465F 
 1475      44495341 
 1476              	.LASF17:
 1477 0711 4359424C 		.ascii	"CYBLE_EVT_HOST_INVALID\000"
 1477      455F4556 
 1477      545F484F 
 1477      53545F49 
 1477      4E56414C 
 1478              	.LASF55:
 1479 0728 4359424C 		.ascii	"CYBLE_EVT_GATTC_FIND_INFO_RSP\000"
 1479      455F4556 
 1479      545F4741 
 1479      5454435F 
 1479      46494E44 
 1480              	.LASF23:
 1481 0746 4359424C 		.ascii	"CYBLE_EVT_MEMORY_REQUEST\000"
 1481      455F4556 
 1481      545F4D45 
 1481      4D4F5259 
 1481      5F524551 
 1482              	.LASF141:
 1483 075f 74656D70 		.ascii	"temp_humi\000"
 1483      5F68756D 
 1483      6900
 1484              	.LASF26:
 1485 0769 4359424C 		.ascii	"CYBLE_EVT_GAP_PASSKEY_ENTRY_REQUEST\000"
 1485      455F4556 
 1485      545F4741 
 1485      505F5041 
 1485      53534B45 
 1486              	.LASF31:
 1487 078d 4359424C 		.ascii	"CYBLE_EVT_GAP_DEVICE_CONNECTED\000"
 1487      455F4556 
 1487      545F4741 
 1487      505F4445 
 1487      56494345 
 1488              	.LASF139:
 1489 07ac 48756D69 		.ascii	"Humidity\000"
 1489      64697479 
 1489      00
 1490              	.LASF134:
 1491 07b5 6379426C 		.ascii	"cyBle_discoveryData\000"
 1491      655F6469 
 1491      73636F76 
 1491      65727944 
 1491      61746100 
 1492              	.LASF144:
 1493 07c9 6D61696E 		.ascii	"main.c\000"
 1493      2E6300
 1494              	.LASF46:
 1495 07d0 4359424C 		.ascii	"CYBLE_EVT_GAP_AUTH_REQ_REPLY_ERR\000"
 1495      455F4556 
 1495      545F4741 
ARM GAS  C:\Users\d4hhm\AppData\Local\Temp\ccfgdLgN.s 			page 35


 1495      505F4155 
 1495      54485F52 
 1496              	.LASF143:
 1497 07f1 474E5520 		.ascii	"GNU C11 5.4.1 20160609 (release) [ARM/embedded-5-br"
 1497      43313120 
 1497      352E342E 
 1497      31203230 
 1497      31363036 
 1498 0824 616E6368 		.ascii	"anch revision 237715] -mcpu=cortex-m0 -mthumb -g -O"
 1498      20726576 
 1498      6973696F 
 1498      6E203233 
 1498      37373135 
 1499 0857 30202D66 		.ascii	"0 -ffunction-sections -ffat-lto-objects\000"
 1499      66756E63 
 1499      74696F6E 
 1499      2D736563 
 1499      74696F6E 
 1500              	.LASF7:
 1501 087f 6C6F6E67 		.ascii	"long long unsigned int\000"
 1501      206C6F6E 
 1501      6720756E 
 1501      7369676E 
 1501      65642069 
 1502              	.LASF49:
 1503 0896 4359424C 		.ascii	"CYBLE_EVT_GATT_CONNECT_IND\000"
 1503      455F4556 
 1503      545F4741 
 1503      54545F43 
 1503      4F4E4E45 
 1504              	.LASF75:
 1505 08b1 4359424C 		.ascii	"CYBLE_EVT_L2CAP_COMMAND_REJ\000"
 1505      455F4556 
 1505      545F4C32 
 1505      4341505F 
 1505      434F4D4D 
 1506              	.LASF24:
 1507 08cd 4359424C 		.ascii	"CYBLE_EVT_GAPC_SCAN_PROGRESS_RESULT\000"
 1507      455F4556 
 1507      545F4741 
 1507      50435F53 
 1507      43414E5F 
 1508              	.LASF47:
 1509 08f1 4359424C 		.ascii	"CYBLE_EVT_GAP_SMP_LOC_P256_KEYS_GEN_AND_SET_COMPLET"
 1509      455F4556 
 1509      545F4741 
 1509      505F534D 
 1509      505F4C4F 
 1510 0924 4500     		.ascii	"E\000"
 1511              	.LASF117:
 1512 0926 4359424C 		.ascii	"CYBLE_ERROR_MAX\000"
 1512      455F4552 
 1512      524F525F 
 1512      4D415800 
 1513              	.LASF114:
 1514 0936 4359424C 		.ascii	"CYBLE_ERROR_FLASH_WRITE\000"
 1514      455F4552 
ARM GAS  C:\Users\d4hhm\AppData\Local\Temp\ccfgdLgN.s 			page 36


 1514      524F525F 
 1514      464C4153 
 1514      485F5752 
 1515              	.LASF54:
 1516 094e 4359424C 		.ascii	"CYBLE_EVT_GATTC_READ_BY_TYPE_RSP\000"
 1516      455F4556 
 1516      545F4741 
 1516      5454435F 
 1516      52454144 
 1517              	.LASF16:
 1518 096f 73697A65 		.ascii	"sizetype\000"
 1518      74797065 
 1518      00
 1519              	.LASF29:
 1520 0978 4359424C 		.ascii	"CYBLE_EVT_GAP_AUTH_FAILED\000"
 1520      455F4556 
 1520      545F4741 
 1520      505F4155 
 1520      54485F46 
 1521              	.LASF61:
 1522 0992 4359424C 		.ascii	"CYBLE_EVT_GATTC_WRITE_RSP\000"
 1522      455F4556 
 1522      545F4741 
 1522      5454435F 
 1522      57524954 
 1523              	.LASF42:
 1524 09ac 4359424C 		.ascii	"CYBLE_EVT_GAPC_DIRECT_ADV_REPORT\000"
 1524      455F4556 
 1524      545F4741 
 1524      50435F44 
 1524      49524543 
 1525              	.LASF40:
 1526 09cd 4359424C 		.ascii	"CYBLE_EVT_GAP_DATA_LENGTH_CHANGE\000"
 1526      455F4556 
 1526      545F4741 
 1526      505F4441 
 1526      54415F4C 
 1527              	.LASF28:
 1528 09ee 4359424C 		.ascii	"CYBLE_EVT_GAP_AUTH_COMPLETE\000"
 1528      455F4556 
 1528      545F4741 
 1528      505F4155 
 1528      54485F43 
 1529              	.LASF133:
 1530 0a0a 61706952 		.ascii	"apiResult\000"
 1530      6573756C 
 1530      7400
 1531              	.LASF123:
 1532 0a14 4359424C 		.ascii	"CYBLE_API_RESULT_T\000"
 1532      455F4150 
 1532      495F5245 
 1532      53554C54 
 1532      5F5400
 1533              	.LASF66:
 1534 0a27 4359424C 		.ascii	"CYBLE_EVT_GATTC_HANDLE_VALUE_NTF\000"
 1534      455F4556 
 1534      545F4741 
ARM GAS  C:\Users\d4hhm\AppData\Local\Temp\ccfgdLgN.s 			page 37


 1534      5454435F 
 1534      48414E44 
 1535              	.LASF119:
 1536 0a48 4359424C 		.ascii	"CYBLE_ERROR_IND_DISABLED\000"
 1536      455F4552 
 1536      524F525F 
 1536      494E445F 
 1536      44495341 
 1537              	.LASF77:
 1538 0a61 4359424C 		.ascii	"CYBLE_EVT_L2CAP_CBFC_CONN_CNF\000"
 1538      455F4556 
 1538      545F4C32 
 1538      4341505F 
 1538      43424643 
 1539              	.LASF53:
 1540 0a7f 4359424C 		.ascii	"CYBLE_EVT_GATTC_READ_BY_GROUP_TYPE_RSP\000"
 1540      455F4556 
 1540      545F4741 
 1540      5454435F 
 1540      52454144 
 1541              	.LASF12:
 1542 0aa6 666C6F61 		.ascii	"float\000"
 1542      7400
 1543              	.LASF99:
 1544 0aac 4359424C 		.ascii	"CYBLE_ERROR_TX_POWER_READ\000"
 1544      455F4552 
 1544      524F525F 
 1544      54585F50 
 1544      4F574552 
 1545              	.LASF120:
 1546 0ac6 4359424C 		.ascii	"CYBLE_ERROR_CHAR_IS_NOT_DISCOVERED\000"
 1546      455F4552 
 1546      524F525F 
 1546      43484152 
 1546      5F49535F 
 1547              	.LASF1:
 1548 0ae9 756E7369 		.ascii	"unsigned char\000"
 1548      676E6564 
 1548      20636861 
 1548      7200
 1549              	.LASF38:
 1550 0af7 4359424C 		.ascii	"CYBLE_EVT_GAP_KEYPRESS_NOTIFICATION\000"
 1550      455F4556 
 1550      545F4741 
 1550      505F4B45 
 1550      59505245 
 1551              	.LASF2:
 1552 0b1b 73686F72 		.ascii	"short int\000"
 1552      7420696E 
 1552      7400
 1553              	.LASF67:
 1554 0b25 4359424C 		.ascii	"CYBLE_EVT_GATTC_HANDLE_VALUE_IND\000"
 1554      455F4556 
 1554      545F4741 
 1554      5454435F 
 1554      48414E44 
 1555              	.LASF86:
ARM GAS  C:\Users\d4hhm\AppData\Local\Temp\ccfgdLgN.s 			page 38


 1556 0b46 4359424C 		.ascii	"CYBLE_EVT_HCI_PKT\000"
 1556      455F4556 
 1556      545F4843 
 1556      495F504B 
 1556      5400
 1557              	.LASF95:
 1558 0b58 4359424C 		.ascii	"CYBLE_ERROR_NO_CONNECTION\000"
 1558      455F4552 
 1558      524F525F 
 1558      4E4F5F43 
 1558      4F4E4E45 
 1559              	.LASF63:
 1560 0b72 4359424C 		.ascii	"CYBLE_EVT_GATTS_PREP_WRITE_REQ\000"
 1560      455F4556 
 1560      545F4741 
 1560      5454535F 
 1560      50524550 
 1561              	.LASF124:
 1562 0b91 61647644 		.ascii	"advData\000"
 1562      61746100 
 1563              	.LASF115:
 1564 0b99 4359424C 		.ascii	"CYBLE_ERROR_LL_SAME_TRANSACTION_COLLISION\000"
 1564      455F4552 
 1564      524F525F 
 1564      4C4C5F53 
 1564      414D455F 
 1565              	.LASF68:
 1566 0bc3 4359424C 		.ascii	"CYBLE_EVT_GATTS_HANDLE_VALUE_CNF\000"
 1566      455F4556 
 1566      545F4741 
 1566      5454535F 
 1566      48414E44 
 1567              	.LASF97:
 1568 0be4 4359424C 		.ascii	"CYBLE_ERROR_REPEATED_ATTEMPTS\000"
 1568      455F4552 
 1568      524F525F 
 1568      52455045 
 1568      41544544 
 1569              	.LASF43:
 1570 0c02 4359424C 		.ascii	"CYBLE_EVT_GAP_SMP_NEGOTIATED_AUTH_INFO\000"
 1570      455F4556 
 1570      545F4741 
 1570      505F534D 
 1570      505F4E45 
 1571              	.LASF122:
 1572 0c29 4359424C 		.ascii	"CYBLE_ERROR_STACK_BUSY\000"
 1572      455F4552 
 1572      524F525F 
 1572      53544143 
 1572      4B5F4255 
 1573              	.LASF15:
 1574 0c40 6C6F6E67 		.ascii	"long double\000"
 1574      20646F75 
 1574      626C6500 
 1575              	.LASF14:
 1576 0c4c 63686172 		.ascii	"char\000"
 1576      00
ARM GAS  C:\Users\d4hhm\AppData\Local\Temp\ccfgdLgN.s 			page 39


 1577              	.LASF100:
 1578 0c51 4359424C 		.ascii	"CYBLE_ERROR_BT_ON_NOT_COMPLETED\000"
 1578      455F4552 
 1578      524F525F 
 1578      42545F4F 
 1578      4E5F4E4F 
 1579              	.LASF32:
 1580 0c71 4359424C 		.ascii	"CYBLE_EVT_GAP_DEVICE_DISCONNECTED\000"
 1580      455F4556 
 1580      545F4741 
 1580      505F4445 
 1580      56494345 
 1581              	.LASF8:
 1582 0c93 756E7369 		.ascii	"unsigned int\000"
 1582      676E6564 
 1582      20696E74 
 1582      00
 1583              	.LASF71:
 1584 0ca0 4359424C 		.ascii	"CYBLE_EVT_GATTS_READ_CHAR_VAL_ACCESS_REQ\000"
 1584      455F4556 
 1584      545F4741 
 1584      5454535F 
 1584      52454144 
 1585              	.LASF82:
 1586 0cc9 4359424C 		.ascii	"CYBLE_EVT_L2CAP_CBFC_TX_CREDIT_IND\000"
 1586      455F4556 
 1586      545F4C32 
 1586      4341505F 
 1586      43424643 
 1587              	.LASF110:
 1588 0cec 4359424C 		.ascii	"CYBLE_ERROR_FLASH_WRITE_NOT_PERMITED\000"
 1588      455F4552 
 1588      524F525F 
 1588      464C4153 
 1588      485F5752 
 1589              	.LASF105:
 1590 0d11 4359424C 		.ascii	"CYBLE_ERROR_L2CAP_CONNECTION_ENTITY_NOT_FOUND\000"
 1590      455F4552 
 1590      524F525F 
 1590      4C324341 
 1590      505F434F 
 1591              	.LASF27:
 1592 0d3f 4359424C 		.ascii	"CYBLE_EVT_GAP_PASSKEY_DISPLAY_REQUEST\000"
 1592      455F4556 
 1592      545F4741 
 1592      505F5041 
 1592      53534B45 
 1593              	.LASF20:
 1594 0d65 4359424C 		.ascii	"CYBLE_EVT_HARDWARE_ERROR\000"
 1594      455F4556 
 1594      545F4841 
 1594      52445741 
 1594      52455F45 
 1595              	.LASF3:
 1596 0d7e 73686F72 		.ascii	"short unsigned int\000"
 1596      7420756E 
 1596      7369676E 
ARM GAS  C:\Users\d4hhm\AppData\Local\Temp\ccfgdLgN.s 			page 40


 1596      65642069 
 1596      6E7400
 1597              	.LASF91:
 1598 0d91 4359424C 		.ascii	"CYBLE_ERROR_INVALID_OPERATION\000"
 1598      455F4552 
 1598      524F525F 
 1598      494E5641 
 1598      4C49445F 
 1599              	.LASF51:
 1600 0daf 4359424C 		.ascii	"CYBLE_EVT_GATTS_XCNHG_MTU_REQ\000"
 1600      455F4556 
 1600      545F4741 
 1600      5454535F 
 1600      58434E48 
 1601              	.LASF130:
 1602 0dcd 6576656E 		.ascii	"eventParam\000"
 1602      74506172 
 1602      616D00
 1603              	.LASF58:
 1604 0dd8 4359424C 		.ascii	"CYBLE_EVT_GATTC_READ_BLOB_RSP\000"
 1604      455F4556 
 1604      545F4741 
 1604      5454435F 
 1604      52454144 
 1605              	.LASF116:
 1606 0df6 4359424C 		.ascii	"CYBLE_ERROR_CONTROLLER_BUSY\000"
 1606      455F4552 
 1606      524F525F 
 1606      434F4E54 
 1606      524F4C4C 
 1607              	.LASF128:
 1608 0e12 53746163 		.ascii	"StackEventHandler\000"
 1608      6B457665 
 1608      6E744861 
 1608      6E646C65 
 1608      7200
 1609              	.LASF111:
 1610 0e24 4359424C 		.ascii	"CYBLE_ERROR_MIC_AUTH_FAILED\000"
 1610      455F4552 
 1610      524F525F 
 1610      4D49435F 
 1610      41555448 
 1611              	.LASF104:
 1612 0e40 4359424C 		.ascii	"CYBLE_ERROR_L2CAP_PSM_NOT_REGISTERED\000"
 1612      455F4552 
 1612      524F525F 
 1612      4C324341 
 1612      505F5053 
 1613              	.LASF56:
 1614 0e65 4359424C 		.ascii	"CYBLE_EVT_GATTC_FIND_BY_TYPE_VALUE_RSP\000"
 1614      455F4556 
 1614      545F4741 
 1614      5454435F 
 1614      46494E44 
 1615              	.LASF98:
 1616 0e8c 4359424C 		.ascii	"CYBLE_ERROR_GAP_ROLE\000"
 1616      455F4552 
ARM GAS  C:\Users\d4hhm\AppData\Local\Temp\ccfgdLgN.s 			page 41


 1616      524F525F 
 1616      4741505F 
 1616      524F4C45 
 1617              	.LASF36:
 1618 0ea1 4359424C 		.ascii	"CYBLE_EVT_GAP_KEYINFO_EXCHNGE_CMPLT\000"
 1618      455F4556 
 1618      545F4741 
 1618      505F4B45 
 1618      59494E46 
 1619              	.LASF78:
 1620 0ec5 4359424C 		.ascii	"CYBLE_EVT_L2CAP_CBFC_DISCONN_IND\000"
 1620      455F4556 
 1620      545F4C32 
 1620      4341505F 
 1620      43424643 
 1621              	.LASF74:
 1622 0ee6 4359424C 		.ascii	"CYBLE_EVT_L2CAP_CONN_PARAM_UPDATE_RSP\000"
 1622      455F4556 
 1622      545F4C32 
 1622      4341505F 
 1622      434F4E4E 
 1623              	.LASF131:
 1624 0f0c 6D61696E 		.ascii	"main\000"
 1624      00
 1625              	.LASF41:
 1626 0f11 4359424C 		.ascii	"CYBLE_EVT_GAP_ENHANCE_CONN_COMPLETE\000"
 1626      455F4556 
 1626      545F4741 
 1626      505F454E 
 1626      48414E43 
 1627              	.LASF50:
 1628 0f35 4359424C 		.ascii	"CYBLE_EVT_GATT_DISCONNECT_IND\000"
 1628      455F4556 
 1628      545F4741 
 1628      54545F44 
 1628      4953434F 
 1629              	.LASF108:
 1630 0f53 4359424C 		.ascii	"CYBLE_ERROR_GATT_DB_INVALID_ATTR_HANDLE\000"
 1630      455F4552 
 1630      524F525F 
 1630      47415454 
 1630      5F44425F 
 1631              	.LASF87:
 1632 0f7b 4359424C 		.ascii	"CYBLE_EVT_FLASH_CORRUPT\000"
 1632      455F4556 
 1632      545F464C 
 1632      4153485F 
 1632      434F5252 
 1633              		.ident	"GCC: (GNU Tools for ARM Embedded Processors) 5.4.1 20160609 (release) [ARM/embedded-5-bran
