ARM GAS  C:\Users\d4hhm\AppData\Local\Temp\cctgvVIF.s 			page 1


   1              		.syntax unified
   2              		.cpu cortex-m0
   3              		.fpu softvfp
   4              		.eabi_attribute 20, 1
   5              		.eabi_attribute 21, 1
   6              		.eabi_attribute 23, 3
   7              		.eabi_attribute 24, 1
   8              		.eabi_attribute 25, 1
   9              		.eabi_attribute 26, 1
  10              		.eabi_attribute 30, 6
  11              		.eabi_attribute 34, 0
  12              		.eabi_attribute 18, 4
  13              		.thumb
  14              		.syntax unified
  15              		.file	"VL6180x.c"
  16              		.text
  17              	.Ltext0:
  18              		.cfi_sections	.debug_frame
  19              		.section	.text.VL6180x_WriteByte,"ax",%progbits
  20              		.align	2
  21              		.global	VL6180x_WriteByte
  22              		.code	16
  23              		.thumb_func
  24              		.type	VL6180x_WriteByte, %function
  25              	VL6180x_WriteByte:
  26              	.LFB35:
  27              		.file 1 "VL6180x.c"
   1:VL6180x.c     **** /*VL6180x.c*/
   2:VL6180x.c     **** #include "VL6180x.h"
   3:VL6180x.c     **** #include <math.h>
   4:VL6180x.c     **** 
   5:VL6180x.c     **** 
   6:VL6180x.c     **** //****************************************************************************//
   7:VL6180x.c     **** //WriteByte„Å®ReadByte„Å´Èñ¢„Åó„Å¶„ÅØ„ÄÅBME280„ÅØÊõ∏„ÅçËæº„Åø„Å´„Çà„ÇäË§áÈõë„Å™„Ç≥„Éº„Éâ„ÅåÂøÖË¶Å„Å
   8:VL6180x.c     **** //„É©„Ç§„Éñ„É©„É™„ÅåÂ≠òÂú®„Åó„Å¶„ÅÑ„Çã„Åü„ÇÅÂà•„ÄÖ„ÅÆÈñ¢Êï∞„ÅßÂãï„Åã„Åó„Å¶„ÅÑ„Çã
   9:VL6180x.c     **** //***************************************************************************//
  10:VL6180x.c     **** 
  11:VL6180x.c     **** void VL6180x_WriteByte(uint16 reg,uint8 data) {
  28              		.loc 1 11 0
  29              		.cfi_startproc
  30              		@ args = 0, pretend = 0, frame = 32
  31              		@ frame_needed = 1, uses_anonymous_args = 0
  32 0000 80B5     		push	{r7, lr}
  33              		.cfi_def_cfa_offset 8
  34              		.cfi_offset 7, -8
  35              		.cfi_offset 14, -4
  36 0002 88B0     		sub	sp, sp, #32
  37              		.cfi_def_cfa_offset 40
  38 0004 00AF     		add	r7, sp, #0
  39              		.cfi_def_cfa_register 7
  40 0006 0200     		movs	r2, r0
  41 0008 BB1D     		adds	r3, r7, #6
  42 000a 1A80     		strh	r2, [r3]
  43 000c 7B1D     		adds	r3, r7, #5
  44 000e 0A1C     		adds	r2, r1, #0
  45 0010 1A70     		strb	r2, [r3]
  12:VL6180x.c     ****     
ARM GAS  C:\Users\d4hhm\AppData\Local\Temp\cctgvVIF.s 			page 2


  13:VL6180x.c     ****     uint8 data_write[3];
  14:VL6180x.c     ****     uint8 SlaveAddress = addr;
  46              		.loc 1 14 0
  47 0012 1F23     		movs	r3, #31
  48 0014 FB18     		adds	r3, r7, r3
  49 0016 2922     		movs	r2, #41
  50 0018 1A70     		strb	r2, [r3]
  15:VL6180x.c     ****     data_write[0] = (reg >> 8) & 0xFF; // MSB of register address 
  51              		.loc 1 15 0
  52 001a BB1D     		adds	r3, r7, #6
  53 001c 1B88     		ldrh	r3, [r3]
  54 001e 1B0A     		lsrs	r3, r3, #8
  55 0020 9BB2     		uxth	r3, r3
  56 0022 DAB2     		uxtb	r2, r3
  57 0024 1823     		movs	r3, #24
  58 0026 FB18     		adds	r3, r7, r3
  59 0028 1A70     		strb	r2, [r3]
  16:VL6180x.c     ****     data_write[1] = reg & 0xFF; // LSB of register address 
  60              		.loc 1 16 0
  61 002a BB1D     		adds	r3, r7, #6
  62 002c 1B88     		ldrh	r3, [r3]
  63 002e DAB2     		uxtb	r2, r3
  64 0030 1823     		movs	r3, #24
  65 0032 FB18     		adds	r3, r7, r3
  66 0034 5A70     		strb	r2, [r3, #1]
  17:VL6180x.c     ****     data_write[2] = data & 0xFF;
  67              		.loc 1 17 0
  68 0036 1823     		movs	r3, #24
  69 0038 FB18     		adds	r3, r7, r3
  70 003a 7A1D     		adds	r2, r7, #5
  71 003c 1278     		ldrb	r2, [r2]
  72 003e 9A70     		strb	r2, [r3, #2]
  18:VL6180x.c     ****     char out[10];
  19:VL6180x.c     ****     
  20:VL6180x.c     ****     uint8 temp;
  21:VL6180x.c     ****     
  22:VL6180x.c     ****     SCB_1_I2CMasterClearStatus();
  73              		.loc 1 22 0
  74 0040 FFF7FEFF 		bl	SCB_1_I2CMasterClearStatus
  23:VL6180x.c     ****     temp = SCB_1_I2CMasterWriteBuf(addr,data_write,3,SCB_1_I2C_MODE_COMPLETE_XFER);
  75              		.loc 1 23 0
  76 0044 1823     		movs	r3, #24
  77 0046 F918     		adds	r1, r7, r3
  78 0048 0023     		movs	r3, #0
  79 004a 0322     		movs	r2, #3
  80 004c 2920     		movs	r0, #41
  81 004e FFF7FEFF 		bl	SCB_1_I2CMasterWriteBuf
  82 0052 0200     		movs	r2, r0
  83 0054 1E23     		movs	r3, #30
  84 0056 FB18     		adds	r3, r7, r3
  85 0058 1A70     		strb	r2, [r3]
  86              	.L2:
  24:VL6180x.c     ****     
  25:VL6180x.c     ****     while (temp != SCB_1_I2C_MSTR_NO_ERROR);
  87              		.loc 1 25 0 discriminator 1
  88 005a 1E23     		movs	r3, #30
  89 005c FB18     		adds	r3, r7, r3
ARM GAS  C:\Users\d4hhm\AppData\Local\Temp\cctgvVIF.s 			page 3


  90 005e 1B78     		ldrb	r3, [r3]
  91 0060 002B     		cmp	r3, #0
  92 0062 FAD1     		bne	.L2
  26:VL6180x.c     ****     while(SCB_1_I2CMasterStatus() & SCB_1_I2C_MSTAT_XFER_INP);
  93              		.loc 1 26 0
  94 0064 C046     		nop
  95              	.L3:
  96              		.loc 1 26 0 is_stmt 0 discriminator 1
  97 0066 FFF7FEFF 		bl	SCB_1_I2CMasterStatus
  98 006a 0200     		movs	r2, r0
  99 006c 0423     		movs	r3, #4
 100 006e 1340     		ands	r3, r2
 101 0070 F9D1     		bne	.L3
  27:VL6180x.c     ****     temp = SCB_1_I2CMasterClearStatus();
 102              		.loc 1 27 0 is_stmt 1
 103 0072 FFF7FEFF 		bl	SCB_1_I2CMasterClearStatus
 104 0076 0200     		movs	r2, r0
 105 0078 1E23     		movs	r3, #30
 106 007a FB18     		adds	r3, r7, r3
 107 007c 1A70     		strb	r2, [r3]
  28:VL6180x.c     ****     
  29:VL6180x.c     **** }
 108              		.loc 1 29 0
 109 007e C046     		nop
 110 0080 BD46     		mov	sp, r7
 111 0082 08B0     		add	sp, sp, #32
 112              		@ sp needed
 113 0084 80BD     		pop	{r7, pc}
 114              		.cfi_endproc
 115              	.LFE35:
 116              		.size	VL6180x_WriteByte, .-VL6180x_WriteByte
 117 0086 C046     		.section	.text.VL6180x_ReadByte,"ax",%progbits
 118              		.align	2
 119              		.global	VL6180x_ReadByte
 120              		.code	16
 121              		.thumb_func
 122              		.type	VL6180x_ReadByte, %function
 123              	VL6180x_ReadByte:
 124              	.LFB36:
  30:VL6180x.c     **** 
  31:VL6180x.c     **** //****************************************************************************//
  32:VL6180x.c     **** // 16„Éì„ÉÉ„Éà„ÅÆ„É¨„Ç∏„Çπ„Çø„Ç¢„Éâ„É¨„Çπ„Çí2„Éê„Ç§„Éà„Å´ÂàÜÂâ≤„Åó„ÄÅ
  33:VL6180x.c     **** //ÂøÖË¶Å„Å™„É¨„Ç∏„Çπ„Çø„Ç¢„Éâ„É¨„Çπ„ÇíVL6180„Å´Êõ∏„ÅçËæº„Åø„ÄÅ„Éá„Éº„Çø„ÇíË™≠„ÅøÂá∫„Åô„ÄÇ
  34:VL6180x.c     **** //***************************************************************************//
  35:VL6180x.c     **** uint8 VL6180x_ReadByte(uint8_t reg) {
 125              		.loc 1 35 0
 126              		.cfi_startproc
 127              		@ args = 0, pretend = 0, frame = 32
 128              		@ frame_needed = 1, uses_anonymous_args = 0
 129 0000 80B5     		push	{r7, lr}
 130              		.cfi_def_cfa_offset 8
 131              		.cfi_offset 7, -8
 132              		.cfi_offset 14, -4
 133 0002 88B0     		sub	sp, sp, #32
 134              		.cfi_def_cfa_offset 40
 135 0004 00AF     		add	r7, sp, #0
 136              		.cfi_def_cfa_register 7
ARM GAS  C:\Users\d4hhm\AppData\Local\Temp\cctgvVIF.s 			page 4


 137 0006 0200     		movs	r2, r0
 138 0008 FB1D     		adds	r3, r7, #7
 139 000a 1A70     		strb	r2, [r3]
  36:VL6180x.c     ****     uint8 data_write[2]; 
  37:VL6180x.c     ****     uint8 data_read[1];
  38:VL6180x.c     ****     uint8 SlaveAddress = addr;
 140              		.loc 1 38 0
 141 000c 1F23     		movs	r3, #31
 142 000e FB18     		adds	r3, r7, r3
 143 0010 2922     		movs	r2, #41
 144 0012 1A70     		strb	r2, [r3]
  39:VL6180x.c     ****     uint8_t result;
  40:VL6180x.c     ****     char out[10];
  41:VL6180x.c     ****     uint8 temp;
  42:VL6180x.c     ****     
  43:VL6180x.c     ****     data_write[0] = (reg >> 8) & 0xFF; // MSB of register address 
 145              		.loc 1 43 0
 146 0014 1C23     		movs	r3, #28
 147 0016 FB18     		adds	r3, r7, r3
 148 0018 0022     		movs	r2, #0
 149 001a 1A70     		strb	r2, [r3]
  44:VL6180x.c     ****     data_write[1] = reg & 0xFF; // LSB of register address
 150              		.loc 1 44 0
 151 001c 1C23     		movs	r3, #28
 152 001e FB18     		adds	r3, r7, r3
 153 0020 FA1D     		adds	r2, r7, #7
 154 0022 1278     		ldrb	r2, [r2]
 155 0024 5A70     		strb	r2, [r3, #1]
  45:VL6180x.c     ****     
  46:VL6180x.c     ****     SCB_1_I2CMasterClearStatus();
 156              		.loc 1 46 0
 157 0026 FFF7FEFF 		bl	SCB_1_I2CMasterClearStatus
  47:VL6180x.c     ****     temp = SCB_1_I2CMasterWriteBuf(addr,data_write,2,SCB_1_I2C_MODE_COMPLETE_XFER);
 158              		.loc 1 47 0
 159 002a 1C23     		movs	r3, #28
 160 002c F918     		adds	r1, r7, r3
 161 002e 0023     		movs	r3, #0
 162 0030 0222     		movs	r2, #2
 163 0032 2920     		movs	r0, #41
 164 0034 FFF7FEFF 		bl	SCB_1_I2CMasterWriteBuf
 165 0038 0200     		movs	r2, r0
 166 003a 1E23     		movs	r3, #30
 167 003c FB18     		adds	r3, r7, r3
 168 003e 1A70     		strb	r2, [r3]
 169              	.L5:
  48:VL6180x.c     ****     
  49:VL6180x.c     ****     while (temp != SCB_1_I2C_MSTR_NO_ERROR);
 170              		.loc 1 49 0 discriminator 1
 171 0040 1E23     		movs	r3, #30
 172 0042 FB18     		adds	r3, r7, r3
 173 0044 1B78     		ldrb	r3, [r3]
 174 0046 002B     		cmp	r3, #0
 175 0048 FAD1     		bne	.L5
  50:VL6180x.c     ****     while(SCB_1_I2CMasterStatus() & SCB_1_I2C_MSTAT_XFER_INP);
 176              		.loc 1 50 0
 177 004a C046     		nop
 178              	.L6:
ARM GAS  C:\Users\d4hhm\AppData\Local\Temp\cctgvVIF.s 			page 5


 179              		.loc 1 50 0 is_stmt 0 discriminator 1
 180 004c FFF7FEFF 		bl	SCB_1_I2CMasterStatus
 181 0050 0200     		movs	r2, r0
 182 0052 0423     		movs	r3, #4
 183 0054 1340     		ands	r3, r2
 184 0056 F9D1     		bne	.L6
  51:VL6180x.c     ****     temp = SCB_1_I2CMasterClearStatus();
 185              		.loc 1 51 0 is_stmt 1
 186 0058 FFF7FEFF 		bl	SCB_1_I2CMasterClearStatus
 187 005c 0200     		movs	r2, r0
 188 005e 1E23     		movs	r3, #30
 189 0060 FB18     		adds	r3, r7, r3
 190 0062 1A70     		strb	r2, [r3]
  52:VL6180x.c     **** 
  53:VL6180x.c     ****     temp = SCB_1_I2CMasterReadBuf(SlaveAddress,data_read,1,SCB_1_I2C_MODE_COMPLETE_XFER);
 191              		.loc 1 53 0
 192 0064 1F23     		movs	r3, #31
 193 0066 FB18     		adds	r3, r7, r3
 194 0068 1878     		ldrb	r0, [r3]
 195 006a 1823     		movs	r3, #24
 196 006c F918     		adds	r1, r7, r3
 197 006e 0023     		movs	r3, #0
 198 0070 0122     		movs	r2, #1
 199 0072 FFF7FEFF 		bl	SCB_1_I2CMasterReadBuf
 200 0076 0200     		movs	r2, r0
 201 0078 1E23     		movs	r3, #30
 202 007a FB18     		adds	r3, r7, r3
 203 007c 1A70     		strb	r2, [r3]
 204              	.L7:
  54:VL6180x.c     ****     while (temp != SCB_1_I2C_MSTR_NO_ERROR);
 205              		.loc 1 54 0 discriminator 1
 206 007e 1E23     		movs	r3, #30
 207 0080 FB18     		adds	r3, r7, r3
 208 0082 1B78     		ldrb	r3, [r3]
 209 0084 002B     		cmp	r3, #0
 210 0086 FAD1     		bne	.L7
  55:VL6180x.c     ****     while(SCB_1_I2CMasterStatus() & SCB_1_I2C_MSTAT_XFER_INP);
 211              		.loc 1 55 0
 212 0088 C046     		nop
 213              	.L8:
 214              		.loc 1 55 0 is_stmt 0 discriminator 1
 215 008a FFF7FEFF 		bl	SCB_1_I2CMasterStatus
 216 008e 0200     		movs	r2, r0
 217 0090 0423     		movs	r3, #4
 218 0092 1340     		ands	r3, r2
 219 0094 F9D1     		bne	.L8
  56:VL6180x.c     ****     temp = SCB_1_I2CMasterClearStatus();
 220              		.loc 1 56 0 is_stmt 1
 221 0096 FFF7FEFF 		bl	SCB_1_I2CMasterClearStatus
 222 009a 0200     		movs	r2, r0
 223 009c 1E23     		movs	r3, #30
 224 009e FB18     		adds	r3, r7, r3
 225 00a0 1A70     		strb	r2, [r3]
  57:VL6180x.c     ****     return data_read[0];
 226              		.loc 1 57 0
 227 00a2 1823     		movs	r3, #24
 228 00a4 FB18     		adds	r3, r7, r3
ARM GAS  C:\Users\d4hhm\AppData\Local\Temp\cctgvVIF.s 			page 6


 229 00a6 1B78     		ldrb	r3, [r3]
  58:VL6180x.c     ****      
  59:VL6180x.c     **** }
 230              		.loc 1 59 0
 231 00a8 1800     		movs	r0, r3
 232 00aa BD46     		mov	sp, r7
 233 00ac 08B0     		add	sp, sp, #32
 234              		@ sp needed
 235 00ae 80BD     		pop	{r7, pc}
 236              		.cfi_endproc
 237              	.LFE36:
 238              		.size	VL6180x_ReadByte, .-VL6180x_ReadByte
 239              		.section	.text.VL6180_Init,"ax",%progbits
 240              		.align	2
 241              		.global	VL6180_Init
 242              		.code	16
 243              		.thumb_func
 244              		.type	VL6180_Init, %function
 245              	VL6180_Init:
 246              	.LFB37:
  60:VL6180x.c     **** 
  61:VL6180x.c     **** //***************************************************************************//
  62:VL6180x.c     **** // ÂêÑ„É¨„Ç∏„Çπ„Çø„ÇíÂàùÊúüÂåñ
  63:VL6180x.c     **** //***************************************************************************//
  64:VL6180x.c     **** 
  65:VL6180x.c     **** int VL6180_Init() {
 247              		.loc 1 65 0
 248              		.cfi_startproc
 249              		@ args = 0, pretend = 0, frame = 16
 250              		@ frame_needed = 1, uses_anonymous_args = 0
 251 0000 90B5     		push	{r4, r7, lr}
 252              		.cfi_def_cfa_offset 12
 253              		.cfi_offset 4, -12
 254              		.cfi_offset 7, -8
 255              		.cfi_offset 14, -4
 256 0002 85B0     		sub	sp, sp, #20
 257              		.cfi_def_cfa_offset 32
 258 0004 00AF     		add	r7, sp, #0
 259              		.cfi_def_cfa_register 7
  66:VL6180x.c     **** uint8 reset;
  67:VL6180x.c     **** uint8 reset_16;
  68:VL6180x.c     **** char out[10];
  69:VL6180x.c     **** reset = VL6180x_ReadByte(0x016);
 260              		.loc 1 69 0
 261 0006 0F23     		movs	r3, #15
 262 0008 FC18     		adds	r4, r7, r3
 263 000a 1620     		movs	r0, #22
 264 000c FFF7FEFF 		bl	VL6180x_ReadByte
 265 0010 0300     		movs	r3, r0
 266 0012 2370     		strb	r3, [r4]
  70:VL6180x.c     ****  
  71:VL6180x.c     **** if (reset==0x01){  // check to see has it be Initialised already
 267              		.loc 1 71 0
 268 0014 0F23     		movs	r3, #15
 269 0016 FB18     		adds	r3, r7, r3
 270 0018 1B78     		ldrb	r3, [r3]
 271 001a 012B     		cmp	r3, #1
ARM GAS  C:\Users\d4hhm\AppData\Local\Temp\cctgvVIF.s 			page 7


 272 001c 00D0     		beq	.LCB213
 273 001e BDE0     		b	.L11	@long jump
 274              	.LCB213:
  72:VL6180x.c     ****        
  73:VL6180x.c     ****         //ÂêÑ„É¨„Ç∏„Çπ„Çø„ÅÆÂàùÊúüÂåñ***********************************//
  74:VL6180x.c     ****         VL6180x_WriteByte(0x207, 0x01);
 275              		.loc 1 74 0
 276 0020 614B     		ldr	r3, .L13
 277 0022 0121     		movs	r1, #1
 278 0024 1800     		movs	r0, r3
 279 0026 FFF7FEFF 		bl	VL6180x_WriteByte
  75:VL6180x.c     ****         VL6180x_WriteByte(0x208, 0x01);
 280              		.loc 1 75 0
 281 002a 8223     		movs	r3, #130
 282 002c 9B00     		lsls	r3, r3, #2
 283 002e 0121     		movs	r1, #1
 284 0030 1800     		movs	r0, r3
 285 0032 FFF7FEFF 		bl	VL6180x_WriteByte
  76:VL6180x.c     ****         VL6180x_WriteByte(0x096, 0x00);
 286              		.loc 1 76 0
 287 0036 0021     		movs	r1, #0
 288 0038 9620     		movs	r0, #150
 289 003a FFF7FEFF 		bl	VL6180x_WriteByte
  77:VL6180x.c     ****         VL6180x_WriteByte(0x097, 0xFD); // RANGE_SCALER = 253
 290              		.loc 1 77 0
 291 003e FD21     		movs	r1, #253
 292 0040 9720     		movs	r0, #151
 293 0042 FFF7FEFF 		bl	VL6180x_WriteByte
  78:VL6180x.c     ****         VL6180x_WriteByte(0x0E3, 0x00);
 294              		.loc 1 78 0
 295 0046 0021     		movs	r1, #0
 296 0048 E320     		movs	r0, #227
 297 004a FFF7FEFF 		bl	VL6180x_WriteByte
  79:VL6180x.c     ****         VL6180x_WriteByte(0x0E4, 0x04);
 298              		.loc 1 79 0
 299 004e 0421     		movs	r1, #4
 300 0050 E420     		movs	r0, #228
 301 0052 FFF7FEFF 		bl	VL6180x_WriteByte
  80:VL6180x.c     ****         VL6180x_WriteByte(0x0E5, 0x02);
 302              		.loc 1 80 0
 303 0056 0221     		movs	r1, #2
 304 0058 E520     		movs	r0, #229
 305 005a FFF7FEFF 		bl	VL6180x_WriteByte
  81:VL6180x.c     ****         VL6180x_WriteByte(0x0E6, 0x01);
 306              		.loc 1 81 0
 307 005e 0121     		movs	r1, #1
 308 0060 E620     		movs	r0, #230
 309 0062 FFF7FEFF 		bl	VL6180x_WriteByte
  82:VL6180x.c     ****         VL6180x_WriteByte(0x0E7, 0x03);
 310              		.loc 1 82 0
 311 0066 0321     		movs	r1, #3
 312 0068 E720     		movs	r0, #231
 313 006a FFF7FEFF 		bl	VL6180x_WriteByte
  83:VL6180x.c     ****         VL6180x_WriteByte(0x0F5, 0x02);
 314              		.loc 1 83 0
 315 006e 0221     		movs	r1, #2
 316 0070 F520     		movs	r0, #245
ARM GAS  C:\Users\d4hhm\AppData\Local\Temp\cctgvVIF.s 			page 8


 317 0072 FFF7FEFF 		bl	VL6180x_WriteByte
  84:VL6180x.c     ****         VL6180x_WriteByte(0x0D9, 0x05);
 318              		.loc 1 84 0
 319 0076 0521     		movs	r1, #5
 320 0078 D920     		movs	r0, #217
 321 007a FFF7FEFF 		bl	VL6180x_WriteByte
  85:VL6180x.c     ****         VL6180x_WriteByte(0x0DB, 0xCE);
 322              		.loc 1 85 0
 323 007e CE21     		movs	r1, #206
 324 0080 DB20     		movs	r0, #219
 325 0082 FFF7FEFF 		bl	VL6180x_WriteByte
  86:VL6180x.c     ****         VL6180x_WriteByte(0x0DC, 0x03);
 326              		.loc 1 86 0
 327 0086 0321     		movs	r1, #3
 328 0088 DC20     		movs	r0, #220
 329 008a FFF7FEFF 		bl	VL6180x_WriteByte
  87:VL6180x.c     ****         VL6180x_WriteByte(0x0DD, 0xF8);
 330              		.loc 1 87 0
 331 008e F821     		movs	r1, #248
 332 0090 DD20     		movs	r0, #221
 333 0092 FFF7FEFF 		bl	VL6180x_WriteByte
  88:VL6180x.c     ****         VL6180x_WriteByte(0x09F, 0x00);
 334              		.loc 1 88 0
 335 0096 0021     		movs	r1, #0
 336 0098 9F20     		movs	r0, #159
 337 009a FFF7FEFF 		bl	VL6180x_WriteByte
  89:VL6180x.c     ****         VL6180x_WriteByte(0x0A3, 0x3C);
 338              		.loc 1 89 0
 339 009e 3C21     		movs	r1, #60
 340 00a0 A320     		movs	r0, #163
 341 00a2 FFF7FEFF 		bl	VL6180x_WriteByte
  90:VL6180x.c     ****         VL6180x_WriteByte(0x0B7, 0x00);
 342              		.loc 1 90 0
 343 00a6 0021     		movs	r1, #0
 344 00a8 B720     		movs	r0, #183
 345 00aa FFF7FEFF 		bl	VL6180x_WriteByte
  91:VL6180x.c     ****         VL6180x_WriteByte(0x0BB, 0x3C);
 346              		.loc 1 91 0
 347 00ae 3C21     		movs	r1, #60
 348 00b0 BB20     		movs	r0, #187
 349 00b2 FFF7FEFF 		bl	VL6180x_WriteByte
  92:VL6180x.c     ****         VL6180x_WriteByte(0x0B2, 0x09);
 350              		.loc 1 92 0
 351 00b6 0921     		movs	r1, #9
 352 00b8 B220     		movs	r0, #178
 353 00ba FFF7FEFF 		bl	VL6180x_WriteByte
  93:VL6180x.c     ****         VL6180x_WriteByte(0x0CA, 0x09);
 354              		.loc 1 93 0
 355 00be 0921     		movs	r1, #9
 356 00c0 CA20     		movs	r0, #202
 357 00c2 FFF7FEFF 		bl	VL6180x_WriteByte
  94:VL6180x.c     ****         VL6180x_WriteByte(0x198, 0x01);
 358              		.loc 1 94 0
 359 00c6 CC23     		movs	r3, #204
 360 00c8 5B00     		lsls	r3, r3, #1
 361 00ca 0121     		movs	r1, #1
 362 00cc 1800     		movs	r0, r3
ARM GAS  C:\Users\d4hhm\AppData\Local\Temp\cctgvVIF.s 			page 9


 363 00ce FFF7FEFF 		bl	VL6180x_WriteByte
  95:VL6180x.c     ****         VL6180x_WriteByte(0x1B0, 0x17);
 364              		.loc 1 95 0
 365 00d2 D823     		movs	r3, #216
 366 00d4 5B00     		lsls	r3, r3, #1
 367 00d6 1721     		movs	r1, #23
 368 00d8 1800     		movs	r0, r3
 369 00da FFF7FEFF 		bl	VL6180x_WriteByte
  96:VL6180x.c     ****         VL6180x_WriteByte(0x1AD, 0x00);
 370              		.loc 1 96 0
 371 00de AE23     		movs	r3, #174
 372 00e0 FF33     		adds	r3, r3, #255
 373 00e2 0021     		movs	r1, #0
 374 00e4 1800     		movs	r0, r3
 375 00e6 FFF7FEFF 		bl	VL6180x_WriteByte
  97:VL6180x.c     ****         VL6180x_WriteByte(0x0FF, 0x05);
 376              		.loc 1 97 0
 377 00ea 0521     		movs	r1, #5
 378 00ec FF20     		movs	r0, #255
 379 00ee FFF7FEFF 		bl	VL6180x_WriteByte
  98:VL6180x.c     ****         VL6180x_WriteByte(0x100, 0x05);
 380              		.loc 1 98 0
 381 00f2 8023     		movs	r3, #128
 382 00f4 5B00     		lsls	r3, r3, #1
 383 00f6 0521     		movs	r1, #5
 384 00f8 1800     		movs	r0, r3
 385 00fa FFF7FEFF 		bl	VL6180x_WriteByte
  99:VL6180x.c     ****         VL6180x_WriteByte(0x199, 0x05);
 386              		.loc 1 99 0
 387 00fe 9A23     		movs	r3, #154
 388 0100 FF33     		adds	r3, r3, #255
 389 0102 0521     		movs	r1, #5
 390 0104 1800     		movs	r0, r3
 391 0106 FFF7FEFF 		bl	VL6180x_WriteByte
 100:VL6180x.c     ****         VL6180x_WriteByte(0x1A6, 0x1B);
 392              		.loc 1 100 0
 393 010a D323     		movs	r3, #211
 394 010c 5B00     		lsls	r3, r3, #1
 395 010e 1B21     		movs	r1, #27
 396 0110 1800     		movs	r0, r3
 397 0112 FFF7FEFF 		bl	VL6180x_WriteByte
 101:VL6180x.c     ****         VL6180x_WriteByte(0x1AC, 0x3E);
 398              		.loc 1 101 0
 399 0116 D623     		movs	r3, #214
 400 0118 5B00     		lsls	r3, r3, #1
 401 011a 3E21     		movs	r1, #62
 402 011c 1800     		movs	r0, r3
 403 011e FFF7FEFF 		bl	VL6180x_WriteByte
 102:VL6180x.c     ****         VL6180x_WriteByte(0x1A7, 0x1F);
 404              		.loc 1 102 0
 405 0122 A823     		movs	r3, #168
 406 0124 FF33     		adds	r3, r3, #255
 407 0126 1F21     		movs	r1, #31
 408 0128 1800     		movs	r0, r3
 409 012a FFF7FEFF 		bl	VL6180x_WriteByte
 103:VL6180x.c     ****         VL6180x_WriteByte(0x030, 0x00);
 410              		.loc 1 103 0
ARM GAS  C:\Users\d4hhm\AppData\Local\Temp\cctgvVIF.s 			page 10


 411 012e 0021     		movs	r1, #0
 412 0130 3020     		movs	r0, #48
 413 0132 FFF7FEFF 		bl	VL6180x_WriteByte
 104:VL6180x.c     ****         
 105:VL6180x.c     ****         VL6180x_WriteByte(0x0011, 0x10); // Enables polling for ‚ÄòNew Sample ready‚Äô
 414              		.loc 1 105 0
 415 0136 1021     		movs	r1, #16
 416 0138 1120     		movs	r0, #17
 417 013a FFF7FEFF 		bl	VL6180x_WriteByte
 106:VL6180x.c     ****                                  // when measurement completes
 107:VL6180x.c     ****         VL6180x_WriteByte(0x010a, 0x30); // Set the averaging sample period
 418              		.loc 1 107 0
 419 013e 8523     		movs	r3, #133
 420 0140 5B00     		lsls	r3, r3, #1
 421 0142 3021     		movs	r1, #48
 422 0144 1800     		movs	r0, r3
 423 0146 FFF7FEFF 		bl	VL6180x_WriteByte
 108:VL6180x.c     ****                                  // (compromise between lower noise and
 109:VL6180x.c     ****                                  // increased execution time)
 110:VL6180x.c     **** 
 111:VL6180x.c     ****         VL6180x_WriteByte(0x003f, 0x46); // Sets the light and dark gain (upper
 424              		.loc 1 111 0
 425 014a 4621     		movs	r1, #70
 426 014c 3F20     		movs	r0, #63
 427 014e FFF7FEFF 		bl	VL6180x_WriteByte
 112:VL6180x.c     ****                                  // nibble). Dark gain should not be
 113:VL6180x.c     ****                                  // changed.
 114:VL6180x.c     ****         VL6180x_WriteByte(0x0031, 0xFF); // sets the # of range measurements after
 428              		.loc 1 114 0
 429 0152 FF21     		movs	r1, #255
 430 0154 3120     		movs	r0, #49
 431 0156 FFF7FEFF 		bl	VL6180x_WriteByte
 115:VL6180x.c     ****                                  // which auto calibration of system is
 116:VL6180x.c     ****                                  // performed
 117:VL6180x.c     **** 
 118:VL6180x.c     ****         VL6180x_WriteByte(0x0041, 0x63); // Set ALS integration time to 100ms
 432              		.loc 1 118 0
 433 015a 6321     		movs	r1, #99
 434 015c 4120     		movs	r0, #65
 435 015e FFF7FEFF 		bl	VL6180x_WriteByte
 119:VL6180x.c     ****         VL6180x_WriteByte(0x02E,0x01);
 436              		.loc 1 119 0
 437 0162 0121     		movs	r1, #1
 438 0164 2E20     		movs	r0, #46
 439 0166 FFF7FEFF 		bl	VL6180x_WriteByte
 120:VL6180x.c     ****         VL6180x_WriteByte(0x01B,0x09);
 440              		.loc 1 120 0
 441 016a 0921     		movs	r1, #9
 442 016c 1B20     		movs	r0, #27
 443 016e FFF7FEFF 		bl	VL6180x_WriteByte
 121:VL6180x.c     ****         VL6180x_WriteByte(0x03E,0x31);
 444              		.loc 1 121 0
 445 0172 3121     		movs	r1, #49
 446 0174 3E20     		movs	r0, #62
 447 0176 FFF7FEFF 		bl	VL6180x_WriteByte
 122:VL6180x.c     ****         VL6180x_WriteByte(0x014,0x24);
 448              		.loc 1 122 0
ARM GAS  C:\Users\d4hhm\AppData\Local\Temp\cctgvVIF.s 			page 11


 449 017a 2421     		movs	r1, #36
 450 017c 1420     		movs	r0, #20
 451 017e FFF7FEFF 		bl	VL6180x_WriteByte
 123:VL6180x.c     ****         VL6180x_WriteByte(0x01C,0x31);
 452              		.loc 1 123 0
 453 0182 3121     		movs	r1, #49
 454 0184 1C20     		movs	r0, #28
 455 0186 FFF7FEFF 		bl	VL6180x_WriteByte
 124:VL6180x.c     ****         VL6180x_WriteByte(0x2A3,0);
 456              		.loc 1 124 0
 457 018a 084B     		ldr	r3, .L13+4
 458 018c 0021     		movs	r1, #0
 459 018e 1800     		movs	r0, r3
 460 0190 FFF7FEFF 		bl	VL6180x_WriteByte
 125:VL6180x.c     ****         //***************************************************//
 126:VL6180x.c     **** 
 127:VL6180x.c     ****         /*status„ÇíÂ§âÊõ¥*/
 128:VL6180x.c     ****         VL6180x_WriteByte(0x016, 0);
 461              		.loc 1 128 0
 462 0194 0021     		movs	r1, #0
 463 0196 1620     		movs	r0, #22
 464 0198 FFF7FEFF 		bl	VL6180x_WriteByte
 465              	.L11:
 129:VL6180x.c     ****         
 130:VL6180x.c     ****     }
 131:VL6180x.c     ****     return 0; 
 466              		.loc 1 131 0
 467 019c 0023     		movs	r3, #0
 132:VL6180x.c     **** }
 468              		.loc 1 132 0
 469 019e 1800     		movs	r0, r3
 470 01a0 BD46     		mov	sp, r7
 471 01a2 05B0     		add	sp, sp, #20
 472              		@ sp needed
 473 01a4 90BD     		pop	{r4, r7, pc}
 474              	.L14:
 475 01a6 C046     		.align	2
 476              	.L13:
 477 01a8 07020000 		.word	519
 478 01ac A3020000 		.word	675
 479              		.cfi_endproc
 480              	.LFE37:
 481              		.size	VL6180_Init, .-VL6180_Init
 482              		.section	.text.VL6180_Start_Range,"ax",%progbits
 483              		.align	2
 484              		.global	VL6180_Start_Range
 485              		.code	16
 486              		.thumb_func
 487              		.type	VL6180_Start_Range, %function
 488              	VL6180_Start_Range:
 489              	.LFB38:
 133:VL6180x.c     **** 
 134:VL6180x.c     **** //***************************************************************************//
 135:VL6180x.c     **** // single shot mode„Åß„É¨„É≥„Ç∏Ê∏¨ÂÆö„ÇíÈñãÂßã 
 136:VL6180x.c     **** //***************************************************************************//
 137:VL6180x.c     **** 
 138:VL6180x.c     **** int VL6180_Start_Range() {
ARM GAS  C:\Users\d4hhm\AppData\Local\Temp\cctgvVIF.s 			page 12


 490              		.loc 1 138 0
 491              		.cfi_startproc
 492              		@ args = 0, pretend = 0, frame = 0
 493              		@ frame_needed = 1, uses_anonymous_args = 0
 494 0000 80B5     		push	{r7, lr}
 495              		.cfi_def_cfa_offset 8
 496              		.cfi_offset 7, -8
 497              		.cfi_offset 14, -4
 498 0002 00AF     		add	r7, sp, #0
 499              		.cfi_def_cfa_register 7
 139:VL6180x.c     ****     VL6180x_WriteByte(0x018,0x01);
 500              		.loc 1 139 0
 501 0004 0121     		movs	r1, #1
 502 0006 1820     		movs	r0, #24
 503 0008 FFF7FEFF 		bl	VL6180x_WriteByte
 140:VL6180x.c     ****     return 0; 
 504              		.loc 1 140 0
 505 000c 0023     		movs	r3, #0
 141:VL6180x.c     **** }
 506              		.loc 1 141 0
 507 000e 1800     		movs	r0, r3
 508 0010 BD46     		mov	sp, r7
 509              		@ sp needed
 510 0012 80BD     		pop	{r7, pc}
 511              		.cfi_endproc
 512              	.LFE38:
 513              		.size	VL6180_Start_Range, .-VL6180_Start_Range
 514              		.section	.text.VL6180_Poll_Range,"ax",%progbits
 515              		.align	2
 516              		.global	VL6180_Poll_Range
 517              		.code	16
 518              		.thumb_func
 519              		.type	VL6180_Poll_Range, %function
 520              	VL6180_Poll_Range:
 521              	.LFB39:
 142:VL6180x.c     **** 
 143:VL6180x.c     **** //***************************************************************************//
 144:VL6180x.c     **** // Êñ∞„Åó„ÅÑ„Çµ„É≥„Éó„É´„ÅÆÊ∫ñÂÇô„Åå„Åß„Åç„Å¶„ÅÑ„Çã„Åã„Å©„ÅÜ„Åã„ÅÆÁ¢∫Ë™ç
 145:VL6180x.c     **** //***************************************************************************//
 146:VL6180x.c     **** 
 147:VL6180x.c     **** int VL6180_Poll_Range() {
 522              		.loc 1 147 0
 523              		.cfi_startproc
 524              		@ args = 0, pretend = 0, frame = 16
 525              		@ frame_needed = 1, uses_anonymous_args = 0
 526 0000 90B5     		push	{r4, r7, lr}
 527              		.cfi_def_cfa_offset 12
 528              		.cfi_offset 4, -12
 529              		.cfi_offset 7, -8
 530              		.cfi_offset 14, -4
 531 0002 85B0     		sub	sp, sp, #20
 532              		.cfi_def_cfa_offset 32
 533 0004 00AF     		add	r7, sp, #0
 534              		.cfi_def_cfa_register 7
 148:VL6180x.c     ****     char status;
 149:VL6180x.c     ****     char range_status;
 150:VL6180x.c     ****     char out[10];
ARM GAS  C:\Users\d4hhm\AppData\Local\Temp\cctgvVIF.s 			page 13


 151:VL6180x.c     ****     // status„Çí„ÉÅ„Çß„ÉÉ„ÇØ„Åô„Çã
 152:VL6180x.c     ****     status = VL6180x_ReadByte(0x04f); 
 535              		.loc 1 152 0
 536 0006 0E23     		movs	r3, #14
 537 0008 FC18     		adds	r4, r7, r3
 538 000a 4F20     		movs	r0, #79
 539 000c FFF7FEFF 		bl	VL6180x_ReadByte
 540 0010 0300     		movs	r3, r0
 541 0012 2370     		strb	r3, [r4]
 153:VL6180x.c     ****     range_status = status & 0x07;
 542              		.loc 1 153 0
 543 0014 0F23     		movs	r3, #15
 544 0016 FB18     		adds	r3, r7, r3
 545 0018 0E22     		movs	r2, #14
 546 001a BA18     		adds	r2, r7, r2
 547 001c 1278     		ldrb	r2, [r2]
 548 001e 0721     		movs	r1, #7
 549 0020 0A40     		ands	r2, r1
 550 0022 1A70     		strb	r2, [r3]
 154:VL6180x.c     ****     
 155:VL6180x.c     ****     // Ê∏¨ÂÆöÊ∫ñÂÇô„ÅåÂÆå‰∫Ü„Åô„Çã„Åæ„Åß„ÇíÂæÖ„Å§
 156:VL6180x.c     ****     while (range_status != 0x04) {
 551              		.loc 1 156 0
 552 0024 11E0     		b	.L18
 553              	.L19:
 157:VL6180x.c     ****         status = VL6180x_ReadByte(0x04f); 
 554              		.loc 1 157 0
 555 0026 0E23     		movs	r3, #14
 556 0028 FC18     		adds	r4, r7, r3
 557 002a 4F20     		movs	r0, #79
 558 002c FFF7FEFF 		bl	VL6180x_ReadByte
 559 0030 0300     		movs	r3, r0
 560 0032 2370     		strb	r3, [r4]
 158:VL6180x.c     ****         range_status = status & 0x07; 
 561              		.loc 1 158 0
 562 0034 0F23     		movs	r3, #15
 563 0036 FB18     		adds	r3, r7, r3
 564 0038 0E22     		movs	r2, #14
 565 003a BA18     		adds	r2, r7, r2
 566 003c 1278     		ldrb	r2, [r2]
 567 003e 0721     		movs	r1, #7
 568 0040 0A40     		ands	r2, r1
 569 0042 1A70     		strb	r2, [r3]
 159:VL6180x.c     ****         CyDelay(1); 
 570              		.loc 1 159 0
 571 0044 0120     		movs	r0, #1
 572 0046 FFF7FEFF 		bl	CyDelay
 573              	.L18:
 156:VL6180x.c     ****         status = VL6180x_ReadByte(0x04f); 
 574              		.loc 1 156 0
 575 004a 0F23     		movs	r3, #15
 576 004c FB18     		adds	r3, r7, r3
 577 004e 1B78     		ldrb	r3, [r3]
 578 0050 042B     		cmp	r3, #4
 579 0052 E8D1     		bne	.L19
 160:VL6180x.c     ****     }
 161:VL6180x.c     ****       
ARM GAS  C:\Users\d4hhm\AppData\Local\Temp\cctgvVIF.s 			page 14


 162:VL6180x.c     ****     return 0; 
 580              		.loc 1 162 0
 581 0054 0023     		movs	r3, #0
 163:VL6180x.c     **** 
 164:VL6180x.c     **** }
 582              		.loc 1 164 0
 583 0056 1800     		movs	r0, r3
 584 0058 BD46     		mov	sp, r7
 585 005a 05B0     		add	sp, sp, #20
 586              		@ sp needed
 587 005c 90BD     		pop	{r4, r7, pc}
 588              		.cfi_endproc
 589              	.LFE39:
 590              		.size	VL6180_Poll_Range, .-VL6180_Poll_Range
 591 005e C046     		.section	.text.VL6180_Read_Range,"ax",%progbits
 592              		.align	2
 593              		.global	VL6180_Read_Range
 594              		.code	16
 595              		.thumb_func
 596              		.type	VL6180_Read_Range, %function
 597              	VL6180_Read_Range:
 598              	.LFB40:
 165:VL6180x.c     **** 
 166:VL6180x.c     **** //***************************************************************************//
 167:VL6180x.c     **** //range result(mm)„ÇíË™≠„ÅøÂá∫„Åô 
 168:VL6180x.c     **** //***************************************************************************//
 169:VL6180x.c     **** 
 170:VL6180x.c     **** int VL6180_Read_Range() {
 599              		.loc 1 170 0
 600              		.cfi_startproc
 601              		@ args = 0, pretend = 0, frame = 8
 602              		@ frame_needed = 1, uses_anonymous_args = 0
 603 0000 80B5     		push	{r7, lr}
 604              		.cfi_def_cfa_offset 8
 605              		.cfi_offset 7, -8
 606              		.cfi_offset 14, -4
 607 0002 82B0     		sub	sp, sp, #8
 608              		.cfi_def_cfa_offset 16
 609 0004 00AF     		add	r7, sp, #0
 610              		.cfi_def_cfa_register 7
 171:VL6180x.c     ****     int range; 
 172:VL6180x.c     ****     range=VL6180x_ReadByte(0x062); 
 611              		.loc 1 172 0
 612 0006 6220     		movs	r0, #98
 613 0008 FFF7FEFF 		bl	VL6180x_ReadByte
 614 000c 0300     		movs	r3, r0
 615 000e 7B60     		str	r3, [r7, #4]
 173:VL6180x.c     ****     return range;
 616              		.loc 1 173 0
 617 0010 7B68     		ldr	r3, [r7, #4]
 174:VL6180x.c     **** }
 618              		.loc 1 174 0
 619 0012 1800     		movs	r0, r3
 620 0014 BD46     		mov	sp, r7
 621 0016 02B0     		add	sp, sp, #8
 622              		@ sp needed
 623 0018 80BD     		pop	{r7, pc}
ARM GAS  C:\Users\d4hhm\AppData\Local\Temp\cctgvVIF.s 			page 15


 624              		.cfi_endproc
 625              	.LFE40:
 626              		.size	VL6180_Read_Range, .-VL6180_Read_Range
 627 001a C046     		.section	.text.VL6180_Clear_Interrupts,"ax",%progbits
 628              		.align	2
 629              		.global	VL6180_Clear_Interrupts
 630              		.code	16
 631              		.thumb_func
 632              		.type	VL6180_Clear_Interrupts, %function
 633              	VL6180_Clear_Interrupts:
 634              	.LFB41:
 175:VL6180x.c     **** //***************************************************************************//
 176:VL6180x.c     **** // clear interrupts 
 177:VL6180x.c     **** //***************************************************************************//
 178:VL6180x.c     **** 
 179:VL6180x.c     **** int VL6180_Clear_Interrupts() {
 635              		.loc 1 179 0
 636              		.cfi_startproc
 637              		@ args = 0, pretend = 0, frame = 0
 638              		@ frame_needed = 1, uses_anonymous_args = 0
 639 0000 80B5     		push	{r7, lr}
 640              		.cfi_def_cfa_offset 8
 641              		.cfi_offset 7, -8
 642              		.cfi_offset 14, -4
 643 0002 00AF     		add	r7, sp, #0
 644              		.cfi_def_cfa_register 7
 180:VL6180x.c     ****     VL6180x_WriteByte(0x015,0x07);
 645              		.loc 1 180 0
 646 0004 0721     		movs	r1, #7
 647 0006 1520     		movs	r0, #21
 648 0008 FFF7FEFF 		bl	VL6180x_WriteByte
 181:VL6180x.c     ****     return 0; 
 649              		.loc 1 181 0
 650 000c 0023     		movs	r3, #0
 182:VL6180x.c     **** }
 651              		.loc 1 182 0
 652 000e 1800     		movs	r0, r3
 653 0010 BD46     		mov	sp, r7
 654              		@ sp needed
 655 0012 80BD     		pop	{r7, pc}
 656              		.cfi_endproc
 657              	.LFE41:
 658              		.size	VL6180_Clear_Interrupts, .-VL6180_Clear_Interrupts
 659              		.global	__aeabi_ui2f
 660              		.global	__aeabi_i2d
 661              		.global	__aeabi_dadd
 662              		.global	__aeabi_f2d
 663              		.global	__aeabi_dmul
 664              		.global	__aeabi_d2f
 665              		.section	.text.VL6180_Current_Consumption,"ax",%progbits
 666              		.align	2
 667              		.global	VL6180_Current_Consumption
 668              		.code	16
 669              		.thumb_func
 670              		.type	VL6180_Current_Consumption, %function
 671              	VL6180_Current_Consumption:
 672              	.LFB42:
ARM GAS  C:\Users\d4hhm\AppData\Local\Temp\cctgvVIF.s 			page 16


 183:VL6180x.c     **** 
 184:VL6180x.c     **** float VL6180_Current_Consumption(){
 673              		.loc 1 184 0
 674              		.cfi_startproc
 675              		@ args = 0, pretend = 0, frame = 16
 676              		@ frame_needed = 1, uses_anonymous_args = 0
 677 0000 B0B5     		push	{r4, r5, r7, lr}
 678              		.cfi_def_cfa_offset 16
 679              		.cfi_offset 4, -16
 680              		.cfi_offset 5, -12
 681              		.cfi_offset 7, -8
 682              		.cfi_offset 14, -4
 683 0002 84B0     		sub	sp, sp, #16
 684              		.cfi_def_cfa_offset 32
 685 0004 00AF     		add	r7, sp, #0
 686              		.cfi_def_cfa_register 7
 185:VL6180x.c     ****     int result_range_return_conv_time;
 186:VL6180x.c     ****     float readout_averasing_sample_period;
 187:VL6180x.c     **** 
 188:VL6180x.c     ****     result_range_return_conv_time=VL6180x_ReadByte(RESULT__RANGE_RETURN_CONV_TIME);
 687              		.loc 1 188 0
 688 0006 7C20     		movs	r0, #124
 689 0008 FFF7FEFF 		bl	VL6180x_ReadByte
 690 000c 0300     		movs	r3, r0
 691 000e FB60     		str	r3, [r7, #12]
 189:VL6180x.c     ****     readout_averasing_sample_period=VL6180x_ReadByte(READOUT__AVERAGING_SAMPLE_PERIOD);
 692              		.loc 1 189 0
 693 0010 0A20     		movs	r0, #10
 694 0012 FFF7FEFF 		bl	VL6180x_ReadByte
 695 0016 0300     		movs	r3, r0
 696 0018 1800     		movs	r0, r3
 697 001a FFF7FEFF 		bl	__aeabi_ui2f
 698 001e 031C     		adds	r3, r0, #0
 699 0020 BB60     		str	r3, [r7, #8]
 190:VL6180x.c     **** 
 191:VL6180x.c     ****     float current_consumption= 10 * (Q1 + (Q2 * result_range_return_conv_time) + Q3 * (1.3 + (reado
 700              		.loc 1 191 0
 701 0022 FB68     		ldr	r3, [r7, #12]
 702 0024 1622     		movs	r2, #22
 703 0026 5343     		muls	r3, r2
 704 0028 1800     		movs	r0, r3
 705 002a FFF7FEFF 		bl	__aeabi_i2d
 706 002e 1D4A     		ldr	r2, .L27
 707 0030 1D4B     		ldr	r3, .L27+4
 708 0032 FFF7FEFF 		bl	__aeabi_dadd
 709 0036 0300     		movs	r3, r0
 710 0038 0C00     		movs	r4, r1
 711 003a 2500     		movs	r5, r4
 712 003c 1C00     		movs	r4, r3
 713 003e B868     		ldr	r0, [r7, #8]
 714 0040 FFF7FEFF 		bl	__aeabi_f2d
 715 0044 194A     		ldr	r2, .L27+8
 716 0046 1A4B     		ldr	r3, .L27+12
 717 0048 FFF7FEFF 		bl	__aeabi_dmul
 718 004c 0200     		movs	r2, r0
 719 004e 0B00     		movs	r3, r1
 720 0050 1000     		movs	r0, r2
ARM GAS  C:\Users\d4hhm\AppData\Local\Temp\cctgvVIF.s 			page 17


 721 0052 1900     		movs	r1, r3
 722 0054 134A     		ldr	r2, .L27
 723 0056 174B     		ldr	r3, .L27+16
 724 0058 FFF7FEFF 		bl	__aeabi_dadd
 725 005c 0200     		movs	r2, r0
 726 005e 0B00     		movs	r3, r1
 727 0060 1000     		movs	r0, r2
 728 0062 1900     		movs	r1, r3
 729 0064 0022     		movs	r2, #0
 730 0066 144B     		ldr	r3, .L27+20
 731 0068 FFF7FEFF 		bl	__aeabi_dmul
 732 006c 0200     		movs	r2, r0
 733 006e 0B00     		movs	r3, r1
 734 0070 2000     		movs	r0, r4
 735 0072 2900     		movs	r1, r5
 736 0074 FFF7FEFF 		bl	__aeabi_dadd
 737 0078 0300     		movs	r3, r0
 738 007a 0C00     		movs	r4, r1
 739 007c 1800     		movs	r0, r3
 740 007e 2100     		movs	r1, r4
 741 0080 0022     		movs	r2, #0
 742 0082 0E4B     		ldr	r3, .L27+24
 743 0084 FFF7FEFF 		bl	__aeabi_dmul
 744 0088 0300     		movs	r3, r0
 745 008a 0C00     		movs	r4, r1
 746 008c 1800     		movs	r0, r3
 747 008e 2100     		movs	r1, r4
 748 0090 FFF7FEFF 		bl	__aeabi_d2f
 749 0094 031C     		adds	r3, r0, #0
 750 0096 7B60     		str	r3, [r7, #4]
 192:VL6180x.c     ****     return current_consumption;
 751              		.loc 1 192 0
 752 0098 7B68     		ldr	r3, [r7, #4]
 193:VL6180x.c     **** }...
 753              		.loc 1 193 0
 754 009a 181C     		adds	r0, r3, #0
 755 009c BD46     		mov	sp, r7
 756 009e 04B0     		add	sp, sp, #16
 757              		@ sp needed
 758 00a0 B0BD     		pop	{r4, r5, r7, pc}
 759              	.L28:
 760 00a2 C046     		.align	2
 761              	.L27:
 762 00a4 CDCCCCCC 		.word	-858993459
 763 00a8 CCCC4440 		.word	1078250700
 764 00ac 508D976E 		.word	1855425872
 765 00b0 1283B03F 		.word	1068532498
 766 00b4 CCCCF43F 		.word	1073007820
 767 00b8 00003940 		.word	1077477376
 768 00bc 00002440 		.word	1076101120
 769              		.cfi_endproc
 770              	.LFE42:
 771              		.size	VL6180_Current_Consumption, .-VL6180_Current_Consumption
 772              		.text
 773              	.Letext0:
 774              		.file 2 "c:\\program files (x86)\\cypress\\psoc creator\\4.2\\psoc creator\\import\\gnu\\arm\\5.4.
 775              		.file 3 "c:\\program files (x86)\\cypress\\psoc creator\\4.2\\psoc creator\\import\\gnu\\arm\\5.4.
ARM GAS  C:\Users\d4hhm\AppData\Local\Temp\cctgvVIF.s 			page 18


 776              		.file 4 "Generated_Source\\PSoC4/cytypes.h"
 777              		.section	.debug_info,"",%progbits
 778              	.Ldebug_info0:
 779 0000 F3020000 		.4byte	0x2f3
 780 0004 0400     		.2byte	0x4
 781 0006 00000000 		.4byte	.Ldebug_abbrev0
 782 000a 04       		.byte	0x4
 783 000b 01       		.uleb128 0x1
 784 000c 64010000 		.4byte	.LASF38
 785 0010 0C       		.byte	0xc
 786 0011 73020000 		.4byte	.LASF39
 787 0015 39000000 		.4byte	.LASF40
 788 0019 00000000 		.4byte	.Ldebug_ranges0+0
 789 001d 00000000 		.4byte	0
 790 0021 00000000 		.4byte	.Ldebug_line0
 791 0025 02       		.uleb128 0x2
 792 0026 01       		.byte	0x1
 793 0027 06       		.byte	0x6
 794 0028 E2020000 		.4byte	.LASF0
 795 002c 03       		.uleb128 0x3
 796 002d 2F000000 		.4byte	.LASF9
 797 0031 02       		.byte	0x2
 798 0032 1D       		.byte	0x1d
 799 0033 37000000 		.4byte	0x37
 800 0037 02       		.uleb128 0x2
 801 0038 01       		.byte	0x1
 802 0039 08       		.byte	0x8
 803 003a 15010000 		.4byte	.LASF1
 804 003e 02       		.uleb128 0x2
 805 003f 02       		.byte	0x2
 806 0040 05       		.byte	0x5
 807 0041 BD020000 		.4byte	.LASF2
 808 0045 02       		.uleb128 0x2
 809 0046 02       		.byte	0x2
 810 0047 07       		.byte	0x7
 811 0048 AE000000 		.4byte	.LASF3
 812 004c 02       		.uleb128 0x2
 813 004d 04       		.byte	0x4
 814 004e 05       		.byte	0x5
 815 004f CD020000 		.4byte	.LASF4
 816 0053 02       		.uleb128 0x2
 817 0054 04       		.byte	0x4
 818 0055 07       		.byte	0x7
 819 0056 23010000 		.4byte	.LASF5
 820 005a 02       		.uleb128 0x2
 821 005b 08       		.byte	0x8
 822 005c 05       		.byte	0x5
 823 005d 8F020000 		.4byte	.LASF6
 824 0061 02       		.uleb128 0x2
 825 0062 08       		.byte	0x8
 826 0063 07       		.byte	0x7
 827 0064 FE000000 		.4byte	.LASF7
 828 0068 04       		.uleb128 0x4
 829 0069 04       		.byte	0x4
 830 006a 05       		.byte	0x5
 831 006b 696E7400 		.ascii	"int\000"
 832 006f 02       		.uleb128 0x2
ARM GAS  C:\Users\d4hhm\AppData\Local\Temp\cctgvVIF.s 			page 19


 833 0070 04       		.byte	0x4
 834 0071 07       		.byte	0x7
 835 0072 C1000000 		.4byte	.LASF8
 836 0076 03       		.uleb128 0x3
 837 0077 64020000 		.4byte	.LASF10
 838 007b 03       		.byte	0x3
 839 007c 18       		.byte	0x18
 840 007d 2C000000 		.4byte	0x2c
 841 0081 05       		.uleb128 0x5
 842 0082 C7020000 		.4byte	.LASF11
 843 0086 04       		.byte	0x4
 844 0087 E601     		.2byte	0x1e6
 845 0089 37000000 		.4byte	0x37
 846 008d 05       		.uleb128 0x5
 847 008e 0C020000 		.4byte	.LASF12
 848 0092 04       		.byte	0x4
 849 0093 E701     		.2byte	0x1e7
 850 0095 45000000 		.4byte	0x45
 851 0099 02       		.uleb128 0x2
 852 009a 04       		.byte	0x4
 853 009b 04       		.byte	0x4
 854 009c F3000000 		.4byte	.LASF13
 855 00a0 02       		.uleb128 0x2
 856 00a1 08       		.byte	0x8
 857 00a2 04       		.byte	0x4
 858 00a3 05020000 		.4byte	.LASF14
 859 00a7 02       		.uleb128 0x2
 860 00a8 01       		.byte	0x1
 861 00a9 08       		.byte	0x8
 862 00aa 5F020000 		.4byte	.LASF15
 863 00ae 02       		.uleb128 0x2
 864 00af 08       		.byte	0x8
 865 00b0 04       		.byte	0x4
 866 00b1 D6020000 		.4byte	.LASF16
 867 00b5 02       		.uleb128 0x2
 868 00b6 04       		.byte	0x4
 869 00b7 07       		.byte	0x7
 870 00b8 86020000 		.4byte	.LASF17
 871 00bc 06       		.uleb128 0x6
 872 00bd 9C000000 		.4byte	.LASF23
 873 00c1 01       		.byte	0x1
 874 00c2 0B       		.byte	0xb
 875 00c3 00000000 		.4byte	.LFB35
 876 00c7 86000000 		.4byte	.LFE35-.LFB35
 877 00cb 01       		.uleb128 0x1
 878 00cc 9C       		.byte	0x9c
 879 00cd 26010000 		.4byte	0x126
 880 00d1 07       		.uleb128 0x7
 881 00d2 72656700 		.ascii	"reg\000"
 882 00d6 01       		.byte	0x1
 883 00d7 0B       		.byte	0xb
 884 00d8 8D000000 		.4byte	0x8d
 885 00dc 02       		.uleb128 0x2
 886 00dd 91       		.byte	0x91
 887 00de 5E       		.sleb128 -34
 888 00df 08       		.uleb128 0x8
 889 00e0 F9000000 		.4byte	.LASF18
ARM GAS  C:\Users\d4hhm\AppData\Local\Temp\cctgvVIF.s 			page 20


 890 00e4 01       		.byte	0x1
 891 00e5 0B       		.byte	0xb
 892 00e6 81000000 		.4byte	0x81
 893 00ea 02       		.uleb128 0x2
 894 00eb 91       		.byte	0x91
 895 00ec 5D       		.sleb128 -35
 896 00ed 09       		.uleb128 0x9
 897 00ee 54020000 		.4byte	.LASF19
 898 00f2 01       		.byte	0x1
 899 00f3 0D       		.byte	0xd
 900 00f4 26010000 		.4byte	0x126
 901 00f8 02       		.uleb128 0x2
 902 00f9 91       		.byte	0x91
 903 00fa 70       		.sleb128 -16
 904 00fb 09       		.uleb128 0x9
 905 00fc F2010000 		.4byte	.LASF20
 906 0100 01       		.byte	0x1
 907 0101 0E       		.byte	0xe
 908 0102 81000000 		.4byte	0x81
 909 0106 02       		.uleb128 0x2
 910 0107 91       		.byte	0x91
 911 0108 77       		.sleb128 -9
 912 0109 0A       		.uleb128 0xa
 913 010a 6F757400 		.ascii	"out\000"
 914 010e 01       		.byte	0x1
 915 010f 12       		.byte	0x12
 916 0110 36010000 		.4byte	0x136
 917 0114 02       		.uleb128 0x2
 918 0115 91       		.byte	0x91
 919 0116 64       		.sleb128 -28
 920 0117 09       		.uleb128 0x9
 921 0118 35010000 		.4byte	.LASF21
 922 011c 01       		.byte	0x1
 923 011d 14       		.byte	0x14
 924 011e 81000000 		.4byte	0x81
 925 0122 02       		.uleb128 0x2
 926 0123 91       		.byte	0x91
 927 0124 76       		.sleb128 -10
 928 0125 00       		.byte	0
 929 0126 0B       		.uleb128 0xb
 930 0127 81000000 		.4byte	0x81
 931 012b 36010000 		.4byte	0x136
 932 012f 0C       		.uleb128 0xc
 933 0130 B5000000 		.4byte	0xb5
 934 0134 02       		.byte	0x2
 935 0135 00       		.byte	0
 936 0136 0B       		.uleb128 0xb
 937 0137 A7000000 		.4byte	0xa7
 938 013b 46010000 		.4byte	0x146
 939 013f 0C       		.uleb128 0xc
 940 0140 B5000000 		.4byte	0xb5
 941 0144 09       		.byte	0x9
 942 0145 00       		.byte	0
 943 0146 0D       		.uleb128 0xd
 944 0147 00000000 		.4byte	.LASF41
 945 014b 01       		.byte	0x1
 946 014c 23       		.byte	0x23
ARM GAS  C:\Users\d4hhm\AppData\Local\Temp\cctgvVIF.s 			page 21


 947 014d 81000000 		.4byte	0x81
 948 0151 00000000 		.4byte	.LFB36
 949 0155 B0000000 		.4byte	.LFE36-.LFB36
 950 0159 01       		.uleb128 0x1
 951 015a 9C       		.byte	0x9c
 952 015b BF010000 		.4byte	0x1bf
 953 015f 07       		.uleb128 0x7
 954 0160 72656700 		.ascii	"reg\000"
 955 0164 01       		.byte	0x1
 956 0165 23       		.byte	0x23
 957 0166 76000000 		.4byte	0x76
 958 016a 02       		.uleb128 0x2
 959 016b 91       		.byte	0x91
 960 016c 5F       		.sleb128 -33
 961 016d 09       		.uleb128 0x9
 962 016e 54020000 		.4byte	.LASF19
 963 0172 01       		.byte	0x1
 964 0173 24       		.byte	0x24
 965 0174 BF010000 		.4byte	0x1bf
 966 0178 02       		.uleb128 0x2
 967 0179 91       		.byte	0x91
 968 017a 74       		.sleb128 -12
 969 017b 09       		.uleb128 0x9
 970 017c 3A010000 		.4byte	.LASF22
 971 0180 01       		.byte	0x1
 972 0181 25       		.byte	0x25
 973 0182 CF010000 		.4byte	0x1cf
 974 0186 02       		.uleb128 0x2
 975 0187 91       		.byte	0x91
 976 0188 70       		.sleb128 -16
 977 0189 09       		.uleb128 0x9
 978 018a F2010000 		.4byte	.LASF20
 979 018e 01       		.byte	0x1
 980 018f 26       		.byte	0x26
 981 0190 81000000 		.4byte	0x81
 982 0194 02       		.uleb128 0x2
 983 0195 91       		.byte	0x91
 984 0196 77       		.sleb128 -9
 985 0197 0E       		.uleb128 0xe
 986 0198 6C020000 		.4byte	.LASF26
 987 019c 01       		.byte	0x1
 988 019d 27       		.byte	0x27
 989 019e 76000000 		.4byte	0x76
 990 01a2 0A       		.uleb128 0xa
 991 01a3 6F757400 		.ascii	"out\000"
 992 01a7 01       		.byte	0x1
 993 01a8 28       		.byte	0x28
 994 01a9 36010000 		.4byte	0x136
 995 01ad 02       		.uleb128 0x2
 996 01ae 91       		.byte	0x91
 997 01af 64       		.sleb128 -28
 998 01b0 09       		.uleb128 0x9
 999 01b1 35010000 		.4byte	.LASF21
 1000 01b5 01       		.byte	0x1
 1001 01b6 29       		.byte	0x29
 1002 01b7 81000000 		.4byte	0x81
 1003 01bb 02       		.uleb128 0x2
ARM GAS  C:\Users\d4hhm\AppData\Local\Temp\cctgvVIF.s 			page 22


 1004 01bc 91       		.byte	0x91
 1005 01bd 76       		.sleb128 -10
 1006 01be 00       		.byte	0
 1007 01bf 0B       		.uleb128 0xb
 1008 01c0 81000000 		.4byte	0x81
 1009 01c4 CF010000 		.4byte	0x1cf
 1010 01c8 0C       		.uleb128 0xc
 1011 01c9 B5000000 		.4byte	0xb5
 1012 01cd 01       		.byte	0x1
 1013 01ce 00       		.byte	0
 1014 01cf 0B       		.uleb128 0xb
 1015 01d0 81000000 		.4byte	0x81
 1016 01d4 DF010000 		.4byte	0x1df
 1017 01d8 0C       		.uleb128 0xc
 1018 01d9 B5000000 		.4byte	0xb5
 1019 01dd 00       		.byte	0
 1020 01de 00       		.byte	0
 1021 01df 0F       		.uleb128 0xf
 1022 01e0 CE000000 		.4byte	.LASF24
 1023 01e4 01       		.byte	0x1
 1024 01e5 41       		.byte	0x41
 1025 01e6 68000000 		.4byte	0x68
 1026 01ea 00000000 		.4byte	.LFB37
 1027 01ee B0010000 		.4byte	.LFE37-.LFB37
 1028 01f2 01       		.uleb128 0x1
 1029 01f3 9C       		.byte	0x9c
 1030 01f4 20020000 		.4byte	0x220
 1031 01f8 09       		.uleb128 0x9
 1032 01f9 96000000 		.4byte	.LASF25
 1033 01fd 01       		.byte	0x1
 1034 01fe 42       		.byte	0x42
 1035 01ff 81000000 		.4byte	0x81
 1036 0203 02       		.uleb128 0x2
 1037 0204 91       		.byte	0x91
 1038 0205 6F       		.sleb128 -17
 1039 0206 0E       		.uleb128 0xe
 1040 0207 7D020000 		.4byte	.LASF27
 1041 020b 01       		.byte	0x1
 1042 020c 43       		.byte	0x43
 1043 020d 81000000 		.4byte	0x81
 1044 0211 0A       		.uleb128 0xa
 1045 0212 6F757400 		.ascii	"out\000"
 1046 0216 01       		.byte	0x1
 1047 0217 44       		.byte	0x44
 1048 0218 36010000 		.4byte	0x136
 1049 021c 02       		.uleb128 0x2
 1050 021d 91       		.byte	0x91
 1051 021e 64       		.sleb128 -28
 1052 021f 00       		.byte	0
 1053 0220 10       		.uleb128 0x10
 1054 0221 AA020000 		.4byte	.LASF33
 1055 0225 01       		.byte	0x1
 1056 0226 8A       		.byte	0x8a
 1057 0227 68000000 		.4byte	0x68
 1058 022b 00000000 		.4byte	.LFB38
 1059 022f 14000000 		.4byte	.LFE38-.LFB38
 1060 0233 01       		.uleb128 0x1
ARM GAS  C:\Users\d4hhm\AppData\Local\Temp\cctgvVIF.s 			page 23


 1061 0234 9C       		.byte	0x9c
 1062 0235 0F       		.uleb128 0xf
 1063 0236 E1000000 		.4byte	.LASF28
 1064 023a 01       		.byte	0x1
 1065 023b 93       		.byte	0x93
 1066 023c 68000000 		.4byte	0x68
 1067 0240 00000000 		.4byte	.LFB39
 1068 0244 5E000000 		.4byte	.LFE39-.LFB39
 1069 0248 01       		.uleb128 0x1
 1070 0249 9C       		.byte	0x9c
 1071 024a 79020000 		.4byte	0x279
 1072 024e 09       		.uleb128 0x9
 1073 024f DA000000 		.4byte	.LASF29
 1074 0253 01       		.byte	0x1
 1075 0254 94       		.byte	0x94
 1076 0255 A7000000 		.4byte	0xa7
 1077 0259 02       		.uleb128 0x2
 1078 025a 91       		.byte	0x91
 1079 025b 6E       		.sleb128 -18
 1080 025c 09       		.uleb128 0x9
 1081 025d 9D020000 		.4byte	.LASF30
 1082 0261 01       		.byte	0x1
 1083 0262 95       		.byte	0x95
 1084 0263 A7000000 		.4byte	0xa7
 1085 0267 02       		.uleb128 0x2
 1086 0268 91       		.byte	0x91
 1087 0269 6F       		.sleb128 -17
 1088 026a 0A       		.uleb128 0xa
 1089 026b 6F757400 		.ascii	"out\000"
 1090 026f 01       		.byte	0x1
 1091 0270 96       		.byte	0x96
 1092 0271 36010000 		.4byte	0x136
 1093 0275 02       		.uleb128 0x2
 1094 0276 91       		.byte	0x91
 1095 0277 64       		.sleb128 -28
 1096 0278 00       		.byte	0
 1097 0279 0F       		.uleb128 0xf
 1098 027a 2E020000 		.4byte	.LASF31
 1099 027e 01       		.byte	0x1
 1100 027f AA       		.byte	0xaa
 1101 0280 68000000 		.4byte	0x68
 1102 0284 00000000 		.4byte	.LFB40
 1103 0288 1A000000 		.4byte	.LFE40-.LFB40
 1104 028c 01       		.uleb128 0x1
 1105 028d 9C       		.byte	0x9c
 1106 028e A1020000 		.4byte	0x2a1
 1107 0292 09       		.uleb128 0x9
 1108 0293 FF010000 		.4byte	.LASF32
 1109 0297 01       		.byte	0x1
 1110 0298 AB       		.byte	0xab
 1111 0299 68000000 		.4byte	0x68
 1112 029d 02       		.uleb128 0x2
 1113 029e 91       		.byte	0x91
 1114 029f 74       		.sleb128 -12
 1115 02a0 00       		.byte	0
 1116 02a1 10       		.uleb128 0x10
 1117 02a2 EE020000 		.4byte	.LASF34
ARM GAS  C:\Users\d4hhm\AppData\Local\Temp\cctgvVIF.s 			page 24


 1118 02a6 01       		.byte	0x1
 1119 02a7 B3       		.byte	0xb3
 1120 02a8 68000000 		.4byte	0x68
 1121 02ac 00000000 		.4byte	.LFB41
 1122 02b0 14000000 		.4byte	.LFE41-.LFB41
 1123 02b4 01       		.uleb128 0x1
 1124 02b5 9C       		.byte	0x9c
 1125 02b6 11       		.uleb128 0x11
 1126 02b7 13020000 		.4byte	.LASF42
 1127 02bb 01       		.byte	0x1
 1128 02bc B8       		.byte	0xb8
 1129 02bd 99000000 		.4byte	0x99
 1130 02c1 00000000 		.4byte	.LFB42
 1131 02c5 C0000000 		.4byte	.LFE42-.LFB42
 1132 02c9 01       		.uleb128 0x1
 1133 02ca 9C       		.byte	0x9c
 1134 02cb 09       		.uleb128 0x9
 1135 02cc 11000000 		.4byte	.LASF35
 1136 02d0 01       		.byte	0x1
 1137 02d1 B9       		.byte	0xb9
 1138 02d2 68000000 		.4byte	0x68
 1139 02d6 02       		.uleb128 0x2
 1140 02d7 91       		.byte	0x91
 1141 02d8 6C       		.sleb128 -20
 1142 02d9 09       		.uleb128 0x9
 1143 02da 44010000 		.4byte	.LASF36
 1144 02de 01       		.byte	0x1
 1145 02df BA       		.byte	0xba
 1146 02e0 99000000 		.4byte	0x99
 1147 02e4 02       		.uleb128 0x2
 1148 02e5 91       		.byte	0x91
 1149 02e6 68       		.sleb128 -24
 1150 02e7 09       		.uleb128 0x9
 1151 02e8 40020000 		.4byte	.LASF37
 1152 02ec 01       		.byte	0x1
 1153 02ed BF       		.byte	0xbf
 1154 02ee 99000000 		.4byte	0x99
 1155 02f2 02       		.uleb128 0x2
 1156 02f3 91       		.byte	0x91
 1157 02f4 64       		.sleb128 -28
 1158 02f5 00       		.byte	0
 1159 02f6 00       		.byte	0
 1160              		.section	.debug_abbrev,"",%progbits
 1161              	.Ldebug_abbrev0:
 1162 0000 01       		.uleb128 0x1
 1163 0001 11       		.uleb128 0x11
 1164 0002 01       		.byte	0x1
 1165 0003 25       		.uleb128 0x25
 1166 0004 0E       		.uleb128 0xe
 1167 0005 13       		.uleb128 0x13
 1168 0006 0B       		.uleb128 0xb
 1169 0007 03       		.uleb128 0x3
 1170 0008 0E       		.uleb128 0xe
 1171 0009 1B       		.uleb128 0x1b
 1172 000a 0E       		.uleb128 0xe
 1173 000b 55       		.uleb128 0x55
 1174 000c 17       		.uleb128 0x17
ARM GAS  C:\Users\d4hhm\AppData\Local\Temp\cctgvVIF.s 			page 25


 1175 000d 11       		.uleb128 0x11
 1176 000e 01       		.uleb128 0x1
 1177 000f 10       		.uleb128 0x10
 1178 0010 17       		.uleb128 0x17
 1179 0011 00       		.byte	0
 1180 0012 00       		.byte	0
 1181 0013 02       		.uleb128 0x2
 1182 0014 24       		.uleb128 0x24
 1183 0015 00       		.byte	0
 1184 0016 0B       		.uleb128 0xb
 1185 0017 0B       		.uleb128 0xb
 1186 0018 3E       		.uleb128 0x3e
 1187 0019 0B       		.uleb128 0xb
 1188 001a 03       		.uleb128 0x3
 1189 001b 0E       		.uleb128 0xe
 1190 001c 00       		.byte	0
 1191 001d 00       		.byte	0
 1192 001e 03       		.uleb128 0x3
 1193 001f 16       		.uleb128 0x16
 1194 0020 00       		.byte	0
 1195 0021 03       		.uleb128 0x3
 1196 0022 0E       		.uleb128 0xe
 1197 0023 3A       		.uleb128 0x3a
 1198 0024 0B       		.uleb128 0xb
 1199 0025 3B       		.uleb128 0x3b
 1200 0026 0B       		.uleb128 0xb
 1201 0027 49       		.uleb128 0x49
 1202 0028 13       		.uleb128 0x13
 1203 0029 00       		.byte	0
 1204 002a 00       		.byte	0
 1205 002b 04       		.uleb128 0x4
 1206 002c 24       		.uleb128 0x24
 1207 002d 00       		.byte	0
 1208 002e 0B       		.uleb128 0xb
 1209 002f 0B       		.uleb128 0xb
 1210 0030 3E       		.uleb128 0x3e
 1211 0031 0B       		.uleb128 0xb
 1212 0032 03       		.uleb128 0x3
 1213 0033 08       		.uleb128 0x8
 1214 0034 00       		.byte	0
 1215 0035 00       		.byte	0
 1216 0036 05       		.uleb128 0x5
 1217 0037 16       		.uleb128 0x16
 1218 0038 00       		.byte	0
 1219 0039 03       		.uleb128 0x3
 1220 003a 0E       		.uleb128 0xe
 1221 003b 3A       		.uleb128 0x3a
 1222 003c 0B       		.uleb128 0xb
 1223 003d 3B       		.uleb128 0x3b
 1224 003e 05       		.uleb128 0x5
 1225 003f 49       		.uleb128 0x49
 1226 0040 13       		.uleb128 0x13
 1227 0041 00       		.byte	0
 1228 0042 00       		.byte	0
 1229 0043 06       		.uleb128 0x6
 1230 0044 2E       		.uleb128 0x2e
 1231 0045 01       		.byte	0x1
ARM GAS  C:\Users\d4hhm\AppData\Local\Temp\cctgvVIF.s 			page 26


 1232 0046 3F       		.uleb128 0x3f
 1233 0047 19       		.uleb128 0x19
 1234 0048 03       		.uleb128 0x3
 1235 0049 0E       		.uleb128 0xe
 1236 004a 3A       		.uleb128 0x3a
 1237 004b 0B       		.uleb128 0xb
 1238 004c 3B       		.uleb128 0x3b
 1239 004d 0B       		.uleb128 0xb
 1240 004e 27       		.uleb128 0x27
 1241 004f 19       		.uleb128 0x19
 1242 0050 11       		.uleb128 0x11
 1243 0051 01       		.uleb128 0x1
 1244 0052 12       		.uleb128 0x12
 1245 0053 06       		.uleb128 0x6
 1246 0054 40       		.uleb128 0x40
 1247 0055 18       		.uleb128 0x18
 1248 0056 9642     		.uleb128 0x2116
 1249 0058 19       		.uleb128 0x19
 1250 0059 01       		.uleb128 0x1
 1251 005a 13       		.uleb128 0x13
 1252 005b 00       		.byte	0
 1253 005c 00       		.byte	0
 1254 005d 07       		.uleb128 0x7
 1255 005e 05       		.uleb128 0x5
 1256 005f 00       		.byte	0
 1257 0060 03       		.uleb128 0x3
 1258 0061 08       		.uleb128 0x8
 1259 0062 3A       		.uleb128 0x3a
 1260 0063 0B       		.uleb128 0xb
 1261 0064 3B       		.uleb128 0x3b
 1262 0065 0B       		.uleb128 0xb
 1263 0066 49       		.uleb128 0x49
 1264 0067 13       		.uleb128 0x13
 1265 0068 02       		.uleb128 0x2
 1266 0069 18       		.uleb128 0x18
 1267 006a 00       		.byte	0
 1268 006b 00       		.byte	0
 1269 006c 08       		.uleb128 0x8
 1270 006d 05       		.uleb128 0x5
 1271 006e 00       		.byte	0
 1272 006f 03       		.uleb128 0x3
 1273 0070 0E       		.uleb128 0xe
 1274 0071 3A       		.uleb128 0x3a
 1275 0072 0B       		.uleb128 0xb
 1276 0073 3B       		.uleb128 0x3b
 1277 0074 0B       		.uleb128 0xb
 1278 0075 49       		.uleb128 0x49
 1279 0076 13       		.uleb128 0x13
 1280 0077 02       		.uleb128 0x2
 1281 0078 18       		.uleb128 0x18
 1282 0079 00       		.byte	0
 1283 007a 00       		.byte	0
 1284 007b 09       		.uleb128 0x9
 1285 007c 34       		.uleb128 0x34
 1286 007d 00       		.byte	0
 1287 007e 03       		.uleb128 0x3
 1288 007f 0E       		.uleb128 0xe
ARM GAS  C:\Users\d4hhm\AppData\Local\Temp\cctgvVIF.s 			page 27


 1289 0080 3A       		.uleb128 0x3a
 1290 0081 0B       		.uleb128 0xb
 1291 0082 3B       		.uleb128 0x3b
 1292 0083 0B       		.uleb128 0xb
 1293 0084 49       		.uleb128 0x49
 1294 0085 13       		.uleb128 0x13
 1295 0086 02       		.uleb128 0x2
 1296 0087 18       		.uleb128 0x18
 1297 0088 00       		.byte	0
 1298 0089 00       		.byte	0
 1299 008a 0A       		.uleb128 0xa
 1300 008b 34       		.uleb128 0x34
 1301 008c 00       		.byte	0
 1302 008d 03       		.uleb128 0x3
 1303 008e 08       		.uleb128 0x8
 1304 008f 3A       		.uleb128 0x3a
 1305 0090 0B       		.uleb128 0xb
 1306 0091 3B       		.uleb128 0x3b
 1307 0092 0B       		.uleb128 0xb
 1308 0093 49       		.uleb128 0x49
 1309 0094 13       		.uleb128 0x13
 1310 0095 02       		.uleb128 0x2
 1311 0096 18       		.uleb128 0x18
 1312 0097 00       		.byte	0
 1313 0098 00       		.byte	0
 1314 0099 0B       		.uleb128 0xb
 1315 009a 01       		.uleb128 0x1
 1316 009b 01       		.byte	0x1
 1317 009c 49       		.uleb128 0x49
 1318 009d 13       		.uleb128 0x13
 1319 009e 01       		.uleb128 0x1
 1320 009f 13       		.uleb128 0x13
 1321 00a0 00       		.byte	0
 1322 00a1 00       		.byte	0
 1323 00a2 0C       		.uleb128 0xc
 1324 00a3 21       		.uleb128 0x21
 1325 00a4 00       		.byte	0
 1326 00a5 49       		.uleb128 0x49
 1327 00a6 13       		.uleb128 0x13
 1328 00a7 2F       		.uleb128 0x2f
 1329 00a8 0B       		.uleb128 0xb
 1330 00a9 00       		.byte	0
 1331 00aa 00       		.byte	0
 1332 00ab 0D       		.uleb128 0xd
 1333 00ac 2E       		.uleb128 0x2e
 1334 00ad 01       		.byte	0x1
 1335 00ae 3F       		.uleb128 0x3f
 1336 00af 19       		.uleb128 0x19
 1337 00b0 03       		.uleb128 0x3
 1338 00b1 0E       		.uleb128 0xe
 1339 00b2 3A       		.uleb128 0x3a
 1340 00b3 0B       		.uleb128 0xb
 1341 00b4 3B       		.uleb128 0x3b
 1342 00b5 0B       		.uleb128 0xb
 1343 00b6 27       		.uleb128 0x27
 1344 00b7 19       		.uleb128 0x19
 1345 00b8 49       		.uleb128 0x49
ARM GAS  C:\Users\d4hhm\AppData\Local\Temp\cctgvVIF.s 			page 28


 1346 00b9 13       		.uleb128 0x13
 1347 00ba 11       		.uleb128 0x11
 1348 00bb 01       		.uleb128 0x1
 1349 00bc 12       		.uleb128 0x12
 1350 00bd 06       		.uleb128 0x6
 1351 00be 40       		.uleb128 0x40
 1352 00bf 18       		.uleb128 0x18
 1353 00c0 9642     		.uleb128 0x2116
 1354 00c2 19       		.uleb128 0x19
 1355 00c3 01       		.uleb128 0x1
 1356 00c4 13       		.uleb128 0x13
 1357 00c5 00       		.byte	0
 1358 00c6 00       		.byte	0
 1359 00c7 0E       		.uleb128 0xe
 1360 00c8 34       		.uleb128 0x34
 1361 00c9 00       		.byte	0
 1362 00ca 03       		.uleb128 0x3
 1363 00cb 0E       		.uleb128 0xe
 1364 00cc 3A       		.uleb128 0x3a
 1365 00cd 0B       		.uleb128 0xb
 1366 00ce 3B       		.uleb128 0x3b
 1367 00cf 0B       		.uleb128 0xb
 1368 00d0 49       		.uleb128 0x49
 1369 00d1 13       		.uleb128 0x13
 1370 00d2 00       		.byte	0
 1371 00d3 00       		.byte	0
 1372 00d4 0F       		.uleb128 0xf
 1373 00d5 2E       		.uleb128 0x2e
 1374 00d6 01       		.byte	0x1
 1375 00d7 3F       		.uleb128 0x3f
 1376 00d8 19       		.uleb128 0x19
 1377 00d9 03       		.uleb128 0x3
 1378 00da 0E       		.uleb128 0xe
 1379 00db 3A       		.uleb128 0x3a
 1380 00dc 0B       		.uleb128 0xb
 1381 00dd 3B       		.uleb128 0x3b
 1382 00de 0B       		.uleb128 0xb
 1383 00df 49       		.uleb128 0x49
 1384 00e0 13       		.uleb128 0x13
 1385 00e1 11       		.uleb128 0x11
 1386 00e2 01       		.uleb128 0x1
 1387 00e3 12       		.uleb128 0x12
 1388 00e4 06       		.uleb128 0x6
 1389 00e5 40       		.uleb128 0x40
 1390 00e6 18       		.uleb128 0x18
 1391 00e7 9642     		.uleb128 0x2116
 1392 00e9 19       		.uleb128 0x19
 1393 00ea 01       		.uleb128 0x1
 1394 00eb 13       		.uleb128 0x13
 1395 00ec 00       		.byte	0
 1396 00ed 00       		.byte	0
 1397 00ee 10       		.uleb128 0x10
 1398 00ef 2E       		.uleb128 0x2e
 1399 00f0 00       		.byte	0
 1400 00f1 3F       		.uleb128 0x3f
 1401 00f2 19       		.uleb128 0x19
 1402 00f3 03       		.uleb128 0x3
ARM GAS  C:\Users\d4hhm\AppData\Local\Temp\cctgvVIF.s 			page 29


 1403 00f4 0E       		.uleb128 0xe
 1404 00f5 3A       		.uleb128 0x3a
 1405 00f6 0B       		.uleb128 0xb
 1406 00f7 3B       		.uleb128 0x3b
 1407 00f8 0B       		.uleb128 0xb
 1408 00f9 49       		.uleb128 0x49
 1409 00fa 13       		.uleb128 0x13
 1410 00fb 11       		.uleb128 0x11
 1411 00fc 01       		.uleb128 0x1
 1412 00fd 12       		.uleb128 0x12
 1413 00fe 06       		.uleb128 0x6
 1414 00ff 40       		.uleb128 0x40
 1415 0100 18       		.uleb128 0x18
 1416 0101 9642     		.uleb128 0x2116
 1417 0103 19       		.uleb128 0x19
 1418 0104 00       		.byte	0
 1419 0105 00       		.byte	0
 1420 0106 11       		.uleb128 0x11
 1421 0107 2E       		.uleb128 0x2e
 1422 0108 01       		.byte	0x1
 1423 0109 3F       		.uleb128 0x3f
 1424 010a 19       		.uleb128 0x19
 1425 010b 03       		.uleb128 0x3
 1426 010c 0E       		.uleb128 0xe
 1427 010d 3A       		.uleb128 0x3a
 1428 010e 0B       		.uleb128 0xb
 1429 010f 3B       		.uleb128 0x3b
 1430 0110 0B       		.uleb128 0xb
 1431 0111 49       		.uleb128 0x49
 1432 0112 13       		.uleb128 0x13
 1433 0113 11       		.uleb128 0x11
 1434 0114 01       		.uleb128 0x1
 1435 0115 12       		.uleb128 0x12
 1436 0116 06       		.uleb128 0x6
 1437 0117 40       		.uleb128 0x40
 1438 0118 18       		.uleb128 0x18
 1439 0119 9642     		.uleb128 0x2116
 1440 011b 19       		.uleb128 0x19
 1441 011c 00       		.byte	0
 1442 011d 00       		.byte	0
 1443 011e 00       		.byte	0
 1444              		.section	.debug_aranges,"",%progbits
 1445 0000 54000000 		.4byte	0x54
 1446 0004 0200     		.2byte	0x2
 1447 0006 00000000 		.4byte	.Ldebug_info0
 1448 000a 04       		.byte	0x4
 1449 000b 00       		.byte	0
 1450 000c 0000     		.2byte	0
 1451 000e 0000     		.2byte	0
 1452 0010 00000000 		.4byte	.LFB35
 1453 0014 86000000 		.4byte	.LFE35-.LFB35
 1454 0018 00000000 		.4byte	.LFB36
 1455 001c B0000000 		.4byte	.LFE36-.LFB36
 1456 0020 00000000 		.4byte	.LFB37
 1457 0024 B0010000 		.4byte	.LFE37-.LFB37
 1458 0028 00000000 		.4byte	.LFB38
 1459 002c 14000000 		.4byte	.LFE38-.LFB38
ARM GAS  C:\Users\d4hhm\AppData\Local\Temp\cctgvVIF.s 			page 30


 1460 0030 00000000 		.4byte	.LFB39
 1461 0034 5E000000 		.4byte	.LFE39-.LFB39
 1462 0038 00000000 		.4byte	.LFB40
 1463 003c 1A000000 		.4byte	.LFE40-.LFB40
 1464 0040 00000000 		.4byte	.LFB41
 1465 0044 14000000 		.4byte	.LFE41-.LFB41
 1466 0048 00000000 		.4byte	.LFB42
 1467 004c C0000000 		.4byte	.LFE42-.LFB42
 1468 0050 00000000 		.4byte	0
 1469 0054 00000000 		.4byte	0
 1470              		.section	.debug_ranges,"",%progbits
 1471              	.Ldebug_ranges0:
 1472 0000 00000000 		.4byte	.LFB35
 1473 0004 86000000 		.4byte	.LFE35
 1474 0008 00000000 		.4byte	.LFB36
 1475 000c B0000000 		.4byte	.LFE36
 1476 0010 00000000 		.4byte	.LFB37
 1477 0014 B0010000 		.4byte	.LFE37
 1478 0018 00000000 		.4byte	.LFB38
 1479 001c 14000000 		.4byte	.LFE38
 1480 0020 00000000 		.4byte	.LFB39
 1481 0024 5E000000 		.4byte	.LFE39
 1482 0028 00000000 		.4byte	.LFB40
 1483 002c 1A000000 		.4byte	.LFE40
 1484 0030 00000000 		.4byte	.LFB41
 1485 0034 14000000 		.4byte	.LFE41
 1486 0038 00000000 		.4byte	.LFB42
 1487 003c C0000000 		.4byte	.LFE42
 1488 0040 00000000 		.4byte	0
 1489 0044 00000000 		.4byte	0
 1490              		.section	.debug_line,"",%progbits
 1491              	.Ldebug_line0:
 1492 0000 45020000 		.section	.debug_str,"MS",%progbits,1
 1492      02004101 
 1492      00000201 
 1492      FB0E0D00 
 1492      01010101 
 1493              	.LASF41:
 1494 0000 564C3631 		.ascii	"VL6180x_ReadByte\000"
 1494      3830785F 
 1494      52656164 
 1494      42797465 
 1494      00
 1495              	.LASF35:
 1496 0011 72657375 		.ascii	"result_range_return_conv_time\000"
 1496      6C745F72 
 1496      616E6765 
 1496      5F726574 
 1496      75726E5F 
 1497              	.LASF9:
 1498 002f 5F5F7569 		.ascii	"__uint8_t\000"
 1498      6E74385F 
 1498      7400
 1499              	.LASF40:
 1500 0039 433A5C55 		.ascii	"C:\\Users\\d4hhm\\Documents\\Care-support-system\\P"
 1500      73657273 
 1500      5C643468 
ARM GAS  C:\Users\d4hhm\AppData\Local\Temp\cctgvVIF.s 			page 31


 1500      686D5C44 
 1500      6F63756D 
 1501 0067 65726970 		.ascii	"eripheral\\Care_support_system_peripheral.cydsn\000"
 1501      68657261 
 1501      6C5C4361 
 1501      72655F73 
 1501      7570706F 
 1502              	.LASF25:
 1503 0096 72657365 		.ascii	"reset\000"
 1503      7400
 1504              	.LASF23:
 1505 009c 564C3631 		.ascii	"VL6180x_WriteByte\000"
 1505      3830785F 
 1505      57726974 
 1505      65427974 
 1505      6500
 1506              	.LASF3:
 1507 00ae 73686F72 		.ascii	"short unsigned int\000"
 1507      7420756E 
 1507      7369676E 
 1507      65642069 
 1507      6E7400
 1508              	.LASF8:
 1509 00c1 756E7369 		.ascii	"unsigned int\000"
 1509      676E6564 
 1509      20696E74 
 1509      00
 1510              	.LASF24:
 1511 00ce 564C3631 		.ascii	"VL6180_Init\000"
 1511      38305F49 
 1511      6E697400 
 1512              	.LASF29:
 1513 00da 73746174 		.ascii	"status\000"
 1513      757300
 1514              	.LASF28:
 1515 00e1 564C3631 		.ascii	"VL6180_Poll_Range\000"
 1515      38305F50 
 1515      6F6C6C5F 
 1515      52616E67 
 1515      6500
 1516              	.LASF13:
 1517 00f3 666C6F61 		.ascii	"float\000"
 1517      7400
 1518              	.LASF18:
 1519 00f9 64617461 		.ascii	"data\000"
 1519      00
 1520              	.LASF7:
 1521 00fe 6C6F6E67 		.ascii	"long long unsigned int\000"
 1521      206C6F6E 
 1521      6720756E 
 1521      7369676E 
 1521      65642069 
 1522              	.LASF1:
 1523 0115 756E7369 		.ascii	"unsigned char\000"
 1523      676E6564 
 1523      20636861 
 1523      7200
ARM GAS  C:\Users\d4hhm\AppData\Local\Temp\cctgvVIF.s 			page 32


 1524              	.LASF5:
 1525 0123 6C6F6E67 		.ascii	"long unsigned int\000"
 1525      20756E73 
 1525      69676E65 
 1525      6420696E 
 1525      7400
 1526              	.LASF21:
 1527 0135 74656D70 		.ascii	"temp\000"
 1527      00
 1528              	.LASF22:
 1529 013a 64617461 		.ascii	"data_read\000"
 1529      5F726561 
 1529      6400
 1530              	.LASF36:
 1531 0144 72656164 		.ascii	"readout_averasing_sample_period\000"
 1531      6F75745F 
 1531      61766572 
 1531      6173696E 
 1531      675F7361 
 1532              	.LASF38:
 1533 0164 474E5520 		.ascii	"GNU C11 5.4.1 20160609 (release) [ARM/embedded-5-br"
 1533      43313120 
 1533      352E342E 
 1533      31203230 
 1533      31363036 
 1534 0197 616E6368 		.ascii	"anch revision 237715] -mcpu=cortex-m0 -mthumb -g -O"
 1534      20726576 
 1534      6973696F 
 1534      6E203233 
 1534      37373135 
 1535 01ca 30202D66 		.ascii	"0 -ffunction-sections -ffat-lto-objects\000"
 1535      66756E63 
 1535      74696F6E 
 1535      2D736563 
 1535      74696F6E 
 1536              	.LASF20:
 1537 01f2 536C6176 		.ascii	"SlaveAddress\000"
 1537      65416464 
 1537      72657373 
 1537      00
 1538              	.LASF32:
 1539 01ff 72616E67 		.ascii	"range\000"
 1539      6500
 1540              	.LASF14:
 1541 0205 646F7562 		.ascii	"double\000"
 1541      6C6500
 1542              	.LASF12:
 1543 020c 75696E74 		.ascii	"uint16\000"
 1543      313600
 1544              	.LASF42:
 1545 0213 564C3631 		.ascii	"VL6180_Current_Consumption\000"
 1545      38305F43 
 1545      75727265 
 1545      6E745F43 
 1545      6F6E7375 
 1546              	.LASF31:
 1547 022e 564C3631 		.ascii	"VL6180_Read_Range\000"
ARM GAS  C:\Users\d4hhm\AppData\Local\Temp\cctgvVIF.s 			page 33


 1547      38305F52 
 1547      6561645F 
 1547      52616E67 
 1547      6500
 1548              	.LASF37:
 1549 0240 63757272 		.ascii	"current_consumption\000"
 1549      656E745F 
 1549      636F6E73 
 1549      756D7074 
 1549      696F6E00 
 1550              	.LASF19:
 1551 0254 64617461 		.ascii	"data_write\000"
 1551      5F777269 
 1551      746500
 1552              	.LASF15:
 1553 025f 63686172 		.ascii	"char\000"
 1553      00
 1554              	.LASF10:
 1555 0264 75696E74 		.ascii	"uint8_t\000"
 1555      385F7400 
 1556              	.LASF26:
 1557 026c 72657375 		.ascii	"result\000"
 1557      6C7400
 1558              	.LASF39:
 1559 0273 564C3631 		.ascii	"VL6180x.c\000"
 1559      3830782E 
 1559      6300
 1560              	.LASF27:
 1561 027d 72657365 		.ascii	"reset_16\000"
 1561      745F3136 
 1561      00
 1562              	.LASF17:
 1563 0286 73697A65 		.ascii	"sizetype\000"
 1563      74797065 
 1563      00
 1564              	.LASF6:
 1565 028f 6C6F6E67 		.ascii	"long long int\000"
 1565      206C6F6E 
 1565      6720696E 
 1565      7400
 1566              	.LASF30:
 1567 029d 72616E67 		.ascii	"range_status\000"
 1567      655F7374 
 1567      61747573 
 1567      00
 1568              	.LASF33:
 1569 02aa 564C3631 		.ascii	"VL6180_Start_Range\000"
 1569      38305F53 
 1569      74617274 
 1569      5F52616E 
 1569      676500
 1570              	.LASF2:
 1571 02bd 73686F72 		.ascii	"short int\000"
 1571      7420696E 
 1571      7400
 1572              	.LASF11:
 1573 02c7 75696E74 		.ascii	"uint8\000"
ARM GAS  C:\Users\d4hhm\AppData\Local\Temp\cctgvVIF.s 			page 34


 1573      3800
 1574              	.LASF4:
 1575 02cd 6C6F6E67 		.ascii	"long int\000"
 1575      20696E74 
 1575      00
 1576              	.LASF16:
 1577 02d6 6C6F6E67 		.ascii	"long double\000"
 1577      20646F75 
 1577      626C6500 
 1578              	.LASF0:
 1579 02e2 7369676E 		.ascii	"signed char\000"
 1579      65642063 
 1579      68617200 
 1580              	.LASF34:
 1581 02ee 564C3631 		.ascii	"VL6180_Clear_Interrupts\000"
 1581      38305F43 
 1581      6C656172 
 1581      5F496E74 
 1581      65727275 
 1582              		.ident	"GCC: (GNU Tools for ARM Embedded Processors) 5.4.1 20160609 (release) [ARM/embedded-5-bran
