--------------- Build Started: 01/28/2021 16:45:53 Project: Care_support_system_peripheral, Configuration: ARM GCC 5.4-2016-q2-update Debug ---------------
The code generation step is up to date.
arm-none-eabi-gcc.exe -mcpu=cortex-m0 -mthumb -I. -IGenerated_Source\PSoC4 -Wa,-alh=.\CortexM0\ARM_GCC_541\Debug/VL6180x.lst -g -D DEBUG -Wall -ffunction-sections -ffat-lto-objects -O0 -c VL6180x.c -o .\CortexM0\ARM_GCC_541\Debug\VL6180x.o
VL6180x.c: In function 'VL6180x_WriteByte':
VL6180x.c:18:10: warning: unused variable 'out' [-Wunused-variable]
     char out[10];
          ^
VL6180x.c:14:11: warning: unused variable 'SlaveAddress' [-Wunused-variable]
     uint8 SlaveAddress = addr;
           ^
VL6180x.c: In function 'VL6180x_ReadByte':
VL6180x.c:40:10: warning: unused variable 'out' [-Wunused-variable]
     char out[10];
          ^
VL6180x.c:39:13: warning: unused variable 'result' [-Wunused-variable]
     uint8_t result;
             ^
VL6180x.c: In function 'VL6180_Init':
VL6180x.c:68:6: warning: unused variable 'out' [-Wunused-variable]
 char out[10];
      ^
VL6180x.c:67:7: warning: unused variable 'reset_16' [-Wunused-variable]
 uint8 reset_16;
       ^
VL6180x.c: In function 'VL6180_Poll_Range':
VL6180x.c:150:10: warning: unused variable 'out' [-Wunused-variable]
     char out[10];
          ^
In file included from VL6180x.c:2:0:
VL6180x.c: In function 'VL6180_Current_Consumption':
VL6180x.h:12:42: warning: large integer implicitly truncated to unsigned type [-Woverflow]
 #define READOUT__AVERAGING_SAMPLE_PERIOD 0x10A
                                          ^
VL6180x.c:189:54: note: in expansion of macro 'READOUT__AVERAGING_SAMPLE_PERIOD'
     readout_averasing_sample_period=VL6180x_ReadByte(READOUT__AVERAGING_SAMPLE_PERIOD);
                                                      ^
arm-none-eabi-ar.exe -rs .\CortexM0\ARM_GCC_541\Debug\Care_support_system_peripheral.a .\CortexM0\ARM_GCC_541\Debug\BLE_1.o .\CortexM0\ARM_GCC_541\Debug\BLE_1_gatt.o .\CortexM0\ARM_GCC_541\Debug\BLE_1_eventHandler.o .\CortexM0\ARM_GCC_541\Debug\BLE_1_HAL_INT.o .\CortexM0\ARM_GCC_541\Debug\BLE_1_HAL_PVT.o .\CortexM0\ARM_GCC_541\Debug\BLE_1_bless_isr.o .\CortexM0\ARM_GCC_541\Debug\cy_em_eeprom.o .\CortexM0\ARM_GCC_541\Debug\CyFlash.o .\CortexM0\ARM_GCC_541\Debug\CyLib.o .\CortexM0\ARM_GCC_541\Debug\cyPm.o .\CortexM0\ARM_GCC_541\Debug\cyutils.o .\CortexM0\ARM_GCC_541\Debug\CyLFClk.o .\CortexM0\ARM_GCC_541\Debug\CapSense_1.o .\CortexM0\ARM_GCC_541\Debug\CapSense_1_PM.o .\CortexM0\ARM_GCC_541\Debug\CapSense_1_CSHL.o .\CortexM0\ARM_GCC_541\Debug\CapSense_1_INT.o .\CortexM0\ARM_GCC_541\Debug\CapSense_1_TunerHelper.o .\CortexM0\ARM_GCC_541\Debug\CapSense_1_SampleClk.o .\CortexM0\ARM_GCC_541\Debug\CapSense_1_Sns.o .\CortexM0\ARM_GCC_541\Debug\CapSense_1_Sns_PM.o .\CortexM0\ARM_GCC_541\Debug\CapSense_1_SenseClk.o .\CortexM0\ARM_GCC_541\Debug\SCB_1.o .\CortexM0\ARM_GCC_541\Debug\SCB_1_I2C_INT.o .\CortexM0\ARM_GCC_541\Debug\SCB_1_I2C.o .\CortexM0\ARM_GCC_541\Debug\SCB_1_I2C_BOOT.o .\CortexM0\ARM_GCC_541\Debug\SCB_1_I2C_MASTER.o .\CortexM0\ARM_GCC_541\Debug\SCB_1_PM.o .\CortexM0\ARM_GCC_541\Debug\SCB_1_BOOT.o .\CortexM0\ARM_GCC_541\Debug\SCL_1.o .\CortexM0\ARM_GCC_541\Debug\SCL_1_PM.o .\CortexM0\ARM_GCC_541\Debug\SDA_1.o .\CortexM0\ARM_GCC_541\Debug\SDA_1_PM.o .\CortexM0\ARM_GCC_541\Debug\SCB_1_SCBCLK.o .\CortexM0\ARM_GCC_541\Debug\SCB_1_SCB_IRQ.o .\CortexM0\ARM_GCC_541\Debug\CyBootAsmGnu.o
arm-none-eabi-ar.exe: creating .\CortexM0\ARM_GCC_541\Debug\Care_support_system_peripheral.a
arm-none-eabi-gcc.exe -Wl,--start-group -o C:\Users\d4hhm\Documents\Care-support-system\Peripheral\Care_support_system_peripheral.cydsn\CortexM0\ARM_GCC_541\Debug\Care_support_system_peripheral.elf .\CortexM0\ARM_GCC_541\Debug\main.o .\CortexM0\ARM_GCC_541\Debug\BME280.o .\CortexM0\ARM_GCC_541\Debug\VL6180x.o .\CortexM0\ARM_GCC_541\Debug\cyfitter_cfg.o .\CortexM0\ARM_GCC_541\Debug\cymetadata.o .\CortexM0\ARM_GCC_541\Debug\Cm0Start.o .\CortexM0\ARM_GCC_541\Debug\Care_support_system_peripheral.a "C:\Program Files (x86)\Cypress\PSoC Creator\4.2\PSoC Creator\psoc\content\CyComponentLibrary\CyComponentLibrary.cylib\BLE_v3_50\Library\gccCyBLEStack_BLE_SOC_PERIPHERAL.a" "C:\Program Files (x86)\Cypress\PSoC Creator\4.2\PSoC Creator\psoc\content\CyComponentLibrary\CyComponentLibrary.cylib\CapSense_CSD_P4_v2_60\PSoC4\Library\CapsenseP4Library_GCC.a" -mcpu=cortex-m0 -mthumb -L Generated_Source\PSoC4 -Wl,-Map,.\CortexM0\ARM_GCC_541\Debug/Care_support_system_peripheral.map -T Generated_Source\PSoC4\cm0gcc.ld -specs=nano.specs -Wl,--gc-sections -g -ffunction-sections -O0 -ffat-lto-objects -Wl,--end-group
cyelftool.exe -C C:\Users\d4hhm\Documents\Care-support-system\Peripheral\Care_support_system_peripheral.cydsn\CortexM0\ARM_GCC_541\Debug\Care_support_system_peripheral.elf --flash_row_size 128 --flash_size 131072 --flash_offset 0x00000000
No ELF section .cychecksum found, creating one
Application checksum calculated and stored in ELF section .cychecksum
Checksum calculated and stored in ELF section .cymeta
cyelftool.exe -S C:\Users\d4hhm\Documents\Care-support-system\Peripheral\Care_support_system_peripheral.cydsn\CortexM0\ARM_GCC_541\Debug\Care_support_system_peripheral.elf
Flash used: 98584 of 131072 bytes (75.2%).
SRAM used: 11096 of 16384 bytes (67.7%). Stack: 2048 bytes. Heap: 128 bytes.
--------------- Build Succeeded: 01/28/2021 16:45:54 ---------------
