ARM GAS  C:\Users\d4hhm\AppData\Local\Temp\cceRi99j.s 			page 1


   1              		.syntax unified
   2              		.cpu cortex-m0
   3              		.fpu softvfp
   4              		.eabi_attribute 20, 1
   5              		.eabi_attribute 21, 1
   6              		.eabi_attribute 23, 3
   7              		.eabi_attribute 24, 1
   8              		.eabi_attribute 25, 1
   9              		.eabi_attribute 26, 1
  10              		.eabi_attribute 30, 6
  11              		.eabi_attribute 34, 0
  12              		.eabi_attribute 18, 4
  13              		.thumb
  14              		.syntax unified
  15              		.file	"main.c"
  16              		.text
  17              	.Ltext0:
  18              		.cfi_sections	.debug_frame
  19              		.global	initialized
  20              		.bss
  21              		.type	initialized, %object
  22              		.size	initialized, 1
  23              	initialized:
  24 0000 00       		.space	1
  25              		.global	tick
  26              		.type	tick, %object
  27              		.size	tick, 1
  28              	tick:
  29 0001 00       		.space	1
  30              		.global	range_value
  31 0002 0000     		.align	2
  32              		.type	range_value, %object
  33              		.size	range_value, 4
  34              	range_value:
  35 0004 00000000 		.space	4
  36              		.global	TempC
  37              		.align	2
  38              		.type	TempC, %object
  39              		.size	TempC, 4
  40              	TempC:
  41 0008 00000000 		.space	4
  42              		.global	Humidity
  43              		.align	2
  44              		.type	Humidity, %object
  45              		.size	Humidity, 4
  46              	Humidity:
  47 000c 00000000 		.space	4
  48              		.global	Pressure
  49              		.align	2
  50              		.type	Pressure, %object
  51              		.size	Pressure, 4
  52              	Pressure:
  53 0010 00000000 		.space	4
  54              		.global	temp_humi
  55              		.align	2
  56              		.type	temp_humi, %object
  57              		.size	temp_humi, 4
ARM GAS  C:\Users\d4hhm\AppData\Local\Temp\cceRi99j.s 			page 2


  58              	temp_humi:
  59 0014 00000000 		.space	4
  60              		.comm	capsense_value,2,2
  61              		.global	__aeabi_fdiv
  62              		.global	__aeabi_fsub
  63              		.global	__aeabi_f2iz
  64              		.section	.text.Wdt_Callback,"ax",%progbits
  65              		.align	2
  66              		.global	Wdt_Callback
  67              		.code	16
  68              		.thumb_func
  69              		.type	Wdt_Callback, %function
  70              	Wdt_Callback:
  71              	.LFB36:
  72              		.file 1 "main.c"
   1:main.c        **** /* ========================================
   2:main.c        ****  *
   3:main.c        ****  * Copyright YOUR COMPANY, THE YEAR
   4:main.c        ****  * All Rights Reserved
   5:main.c        ****  * UNPUBLISHED, LICENSED SOFTWARE.
   6:main.c        ****  *
   7:main.c        ****  * CONFIDENTIAL AND PROPRIETARY INFORMATION
   8:main.c        ****  * WHICH IS THE PROPERTY OF your company.
   9:main.c        ****  *
  10:main.c        ****  * ========================================
  11:main.c        **** */
  12:main.c        **** #include <project.h>
  13:main.c        **** #include <stdio.h>
  14:main.c        **** #include "BME280.h"
  15:main.c        **** #include "VL6180x.h"
  16:main.c        **** 
  17:main.c        **** #define MAJOR_OFFSET_Temp_Humi (25u)
  18:main.c        **** #define MAJOR_OFFSET_Press (26u)
  19:main.c        **** #define MINOR_OFFSET_IR (27u)
  20:main.c        **** #define MINOR_OFFSET_Capsense (28u)
  21:main.c        **** 
  22:main.c        **** // BLE ã®åˆæœŸåŒ–çµ‚äº†ãƒ•ãƒ©ã‚°
  23:main.c        **** uint8   initialized = 0;
  24:main.c        **** 
  25:main.c        **** // ã‚½ãƒ•ãƒˆã‚¦ã‚§ã‚¢ã‚¿ã‚¤ãƒã®ã‚«ã‚¦ãƒ³ã‚¿
  26:main.c        **** uint8   tick = 0;
  27:main.c        **** 
  28:main.c        **** /*ã‚°ãƒ­ãƒ¼ãƒãƒ«å¤‰æ•°ã§å®£è¨€ã•ã‚ŒãŸå€¤ã‚’callbacké–¢æ•°ã§ä½¿ã†ã“ã¨ã§Initializeã®å‰ã«r
  29:main.c        **** 
  30:main.c        **** //æœ€çµ‚çš„ãªrangeã®å€¤
  31:main.c        **** int range_value=0;
  32:main.c        **** int TempC = 0,Humidity = 0;
  33:main.c        **** float Pressure=0;
  34:main.c        **** int temp_humi=0;
  35:main.c        **** //æœ€çµ‚çš„ãªcapsenseã®å€¤ãŒæ ¼ç´ã•ã‚Œã‚‹
  36:main.c        **** uint16 capsense_value;
  37:main.c        **** 
  38:main.c        **** // 500msã”ã¨ã« Advertisement ãƒ‘ã‚±ãƒƒãƒˆã‚’é–‹å§‹ãƒ»åœæ­¢ã™ã‚‹
  39:main.c        **** void Wdt_Callback(void) {
  73              		.loc 1 39 0
  74              		.cfi_startproc
  75              		@ args = 0, pretend = 0, frame = 8
ARM GAS  C:\Users\d4hhm\AppData\Local\Temp\cceRi99j.s 			page 3


  76              		@ frame_needed = 1, uses_anonymous_args = 0
  77 0000 80B5     		push	{r7, lr}
  78              		.cfi_def_cfa_offset 8
  79              		.cfi_offset 7, -8
  80              		.cfi_offset 14, -4
  81 0002 82B0     		sub	sp, sp, #8
  82              		.cfi_def_cfa_offset 16
  83 0004 00AF     		add	r7, sp, #0
  84              		.cfi_def_cfa_register 7
  40:main.c        ****     int Pressure_int;
  41:main.c        ****     
  42:main.c        ****     if (initialized) {
  85              		.loc 1 42 0
  86 0006 3A4B     		ldr	r3, .L10
  87 0008 1B78     		ldrb	r3, [r3]
  88 000a 002B     		cmp	r3, #0
  89 000c 6CD0     		beq	.L9
  43:main.c        ****         // åˆæœŸåŒ–ãŒã•ã‚ŒãŸ
  44:main.c        ****         if (tick == 0) {
  90              		.loc 1 44 0
  91 000e 394B     		ldr	r3, .L10+4
  92 0010 1B78     		ldrb	r3, [r3]
  93 0012 002B     		cmp	r3, #0
  94 0014 63D1     		bne	.L3
  45:main.c        ****             // æœ€åˆã®500msã§ Advertisement ãƒ‘ã‚±ãƒƒãƒˆã‚’é€ä¿¡ã™ã‚‹
  46:main.c        ****            
  47:main.c        ****             capsense_value = CapSense_1_ReadSensorRaw(0);//mainé–¢æ•°å†…ã§å®Ÿè¡Œã™ã‚‹ã¨ã†ã¾ã
  95              		.loc 1 47 0
  96 0016 0020     		movs	r0, #0
  97 0018 FFF7FEFF 		bl	CapSense_1_ReadSensorRaw
  98 001c 0300     		movs	r3, r0
  99 001e 1A00     		movs	r2, r3
 100 0020 354B     		ldr	r3, .L10+8
 101 0022 1A80     		strh	r2, [r3]
  48:main.c        ****             
  49:main.c        ****             /* Major ãƒ•ã‚£ãƒ¼ãƒ«ãƒ‰ã®è¨­å®š--------------------------------------------*/
  50:main.c        ****             Pressure_int=(Pressure/100)-900;
 102              		.loc 1 50 0
 103 0024 354B     		ldr	r3, .L10+12
 104 0026 1B68     		ldr	r3, [r3]
 105 0028 3549     		ldr	r1, .L10+16
 106 002a 181C     		adds	r0, r3, #0
 107 002c FFF7FEFF 		bl	__aeabi_fdiv
 108 0030 031C     		adds	r3, r0, #0
 109 0032 3449     		ldr	r1, .L10+20
 110 0034 181C     		adds	r0, r3, #0
 111 0036 FFF7FEFF 		bl	__aeabi_fsub
 112 003a 031C     		adds	r3, r0, #0
 113 003c 181C     		adds	r0, r3, #0
 114 003e FFF7FEFF 		bl	__aeabi_f2iz
 115 0042 0300     		movs	r3, r0
 116 0044 7B60     		str	r3, [r7, #4]
  51:main.c        ****             cyBle_discoveryData.advData[MAJOR_OFFSET_Press] = Pressure_int;
 117              		.loc 1 51 0
 118 0046 7B68     		ldr	r3, [r7, #4]
 119 0048 DAB2     		uxtb	r2, r3
 120 004a 2F4B     		ldr	r3, .L10+24
ARM GAS  C:\Users\d4hhm\AppData\Local\Temp\cceRi99j.s 			page 4


 121 004c 9A76     		strb	r2, [r3, #26]
  52:main.c        ****             /*Tempã¨Humiã®å€¤ãŒç¯„å›²å†…ã«åã¾ã‚‹ã‚ˆã†ã«èª¿æ•´----*/
  53:main.c        ****             //Tempã®å€¤ã‚’èª¿æ•´
  54:main.c        ****             if(TempC<10){
 122              		.loc 1 54 0
 123 004e 2F4B     		ldr	r3, .L10+28
 124 0050 1B68     		ldr	r3, [r3]
 125 0052 092B     		cmp	r3, #9
 126 0054 03DC     		bgt	.L4
  55:main.c        ****                 TempC=10;   
 127              		.loc 1 55 0
 128 0056 2D4B     		ldr	r3, .L10+28
 129 0058 0A22     		movs	r2, #10
 130 005a 1A60     		str	r2, [r3]
 131 005c 06E0     		b	.L5
 132              	.L4:
  56:main.c        ****             }else if(TempC>42){
 133              		.loc 1 56 0
 134 005e 2B4B     		ldr	r3, .L10+28
 135 0060 1B68     		ldr	r3, [r3]
 136 0062 2A2B     		cmp	r3, #42
 137 0064 02DD     		ble	.L5
  57:main.c        ****                 TempC=42;   
 138              		.loc 1 57 0
 139 0066 294B     		ldr	r3, .L10+28
 140 0068 2A22     		movs	r2, #42
 141 006a 1A60     		str	r2, [r3]
 142              	.L5:
  58:main.c        ****             }
  59:main.c        ****             //Humiã®å€¤ã‚’èª¿æ•´
  60:main.c        ****             if(Humidity<20){
 143              		.loc 1 60 0
 144 006c 284B     		ldr	r3, .L10+32
 145 006e 1B68     		ldr	r3, [r3]
 146 0070 132B     		cmp	r3, #19
 147 0072 03DC     		bgt	.L6
  61:main.c        ****                 Humidity=20;   
 148              		.loc 1 61 0
 149 0074 264B     		ldr	r3, .L10+32
 150 0076 1422     		movs	r2, #20
 151 0078 1A60     		str	r2, [r3]
 152 007a 06E0     		b	.L7
 153              	.L6:
  62:main.c        ****             }else if(Humidity>84){
 154              		.loc 1 62 0
 155 007c 244B     		ldr	r3, .L10+32
 156 007e 1B68     		ldr	r3, [r3]
 157 0080 542B     		cmp	r3, #84
 158 0082 02DD     		ble	.L7
  63:main.c        ****                 Humidity=84;  
 159              		.loc 1 63 0
 160 0084 224B     		ldr	r3, .L10+32
 161 0086 5422     		movs	r2, #84
 162 0088 1A60     		str	r2, [r3]
 163              	.L7:
  64:main.c        ****             }
  65:main.c        ****             /*---------------------------------------*/
ARM GAS  C:\Users\d4hhm\AppData\Local\Temp\cceRi99j.s 			page 5


  66:main.c        ****             temp_humi=((TempC-10)<<3)|((Humidity-20)/2);//ï¼’ã¤ã®å€¤ã‚’åˆã‚ã›ã¦8bitã«ã™ã‚‹
 164              		.loc 1 66 0
 165 008a 204B     		ldr	r3, .L10+28
 166 008c 1B68     		ldr	r3, [r3]
 167 008e 0A3B     		subs	r3, r3, #10
 168 0090 DA00     		lsls	r2, r3, #3
 169 0092 1F4B     		ldr	r3, .L10+32
 170 0094 1B68     		ldr	r3, [r3]
 171 0096 143B     		subs	r3, r3, #20
 172 0098 002B     		cmp	r3, #0
 173 009a 00DA     		bge	.L8
 174 009c 0133     		adds	r3, r3, #1
 175              	.L8:
 176 009e 5B10     		asrs	r3, r3, #1
 177 00a0 1A43     		orrs	r2, r3
 178 00a2 1C4B     		ldr	r3, .L10+36
 179 00a4 1A60     		str	r2, [r3]
  67:main.c        ****             cyBle_discoveryData.advData[MAJOR_OFFSET_Temp_Humi]=temp_humi;
 180              		.loc 1 67 0
 181 00a6 1B4B     		ldr	r3, .L10+36
 182 00a8 1B68     		ldr	r3, [r3]
 183 00aa DAB2     		uxtb	r2, r3
 184 00ac 164B     		ldr	r3, .L10+24
 185 00ae 5A76     		strb	r2, [r3, #25]
  68:main.c        **** 
  69:main.c        ****             /* ---------------------------------------------------------------*/
  70:main.c        ****             
  71:main.c        **** 
  72:main.c        ****             /* Minor ãƒ•ã‚£ãƒ¼ãƒ«ãƒ‰ã®è¨­å®š--------------------------------------------*/
  73:main.c        ****             
  74:main.c        ****             cyBle_discoveryData.advData[MINOR_OFFSET_Capsense] = capsense_value;
 186              		.loc 1 74 0
 187 00b0 114B     		ldr	r3, .L10+8
 188 00b2 1B88     		ldrh	r3, [r3]
 189 00b4 DAB2     		uxtb	r2, r3
 190 00b6 144B     		ldr	r3, .L10+24
 191 00b8 1A77     		strb	r2, [r3, #28]
  75:main.c        ****             
  76:main.c        ****             cyBle_discoveryData.advData[MINOR_OFFSET_IR] = range_value;
 192              		.loc 1 76 0
 193 00ba 174B     		ldr	r3, .L10+40
 194 00bc 1B68     		ldr	r3, [r3]
 195 00be DAB2     		uxtb	r2, r3
 196 00c0 114B     		ldr	r3, .L10+24
 197 00c2 DA76     		strb	r2, [r3, #27]
  77:main.c        **** 
  78:main.c        ****             /* ---------------------------------------------------------------*/
  79:main.c        ****             
  80:main.c        ****             // Advertisement ãƒ‘ã‚±ãƒƒãƒˆã®é€ä¿¡ã‚’é–‹å§‹ã™ã‚‹
  81:main.c        ****             CyBle_GappStartAdvertisement(CYBLE_ADVERTISING_FAST);
 198              		.loc 1 81 0
 199 00c4 0020     		movs	r0, #0
 200 00c6 FFF7FEFF 		bl	CyBle_GappStartAdvertisement
  82:main.c        ****             tick = 1;
 201              		.loc 1 82 0
 202 00ca 0A4B     		ldr	r3, .L10+4
 203 00cc 0122     		movs	r2, #1
ARM GAS  C:\Users\d4hhm\AppData\Local\Temp\cceRi99j.s 			page 6


 204 00ce 1A70     		strb	r2, [r3]
  83:main.c        ****             range_value=0;
 205              		.loc 1 83 0
 206 00d0 114B     		ldr	r3, .L10+40
 207 00d2 0022     		movs	r2, #0
 208 00d4 1A60     		str	r2, [r3]
  84:main.c        ****             capsense_value=0;
 209              		.loc 1 84 0
 210 00d6 084B     		ldr	r3, .L10+8
 211 00d8 0022     		movs	r2, #0
 212 00da 1A80     		strh	r2, [r3]
  85:main.c        ****         } else {
  86:main.c        ****             // æ¬¡ã®500msã§ Advertisement ãƒã‚±ãƒƒãƒˆã®é€ä¿¡ã‚’æ­¢ã‚ã‚‹
  87:main.c        ****             CyBle_GappStopAdvertisement();
  88:main.c        ****             tick = 0;
  89:main.c        ****         }
  90:main.c        ****     }
  91:main.c        **** }
 213              		.loc 1 91 0
 214 00dc 04E0     		b	.L9
 215              	.L3:
  87:main.c        ****             tick = 0;
 216              		.loc 1 87 0
 217 00de FFF7FEFF 		bl	CyBle_GappStopAdvertisement
  88:main.c        ****         }
 218              		.loc 1 88 0
 219 00e2 044B     		ldr	r3, .L10+4
 220 00e4 0022     		movs	r2, #0
 221 00e6 1A70     		strb	r2, [r3]
 222              	.L9:
 223              		.loc 1 91 0
 224 00e8 C046     		nop
 225 00ea BD46     		mov	sp, r7
 226 00ec 02B0     		add	sp, sp, #8
 227              		@ sp needed
 228 00ee 80BD     		pop	{r7, pc}
 229              	.L11:
 230              		.align	2
 231              	.L10:
 232 00f0 00000000 		.word	initialized
 233 00f4 00000000 		.word	tick
 234 00f8 00000000 		.word	capsense_value
 235 00fc 00000000 		.word	Pressure
 236 0100 0000C842 		.word	1120403456
 237 0104 00006144 		.word	1147207680
 238 0108 00000000 		.word	cyBle_discoveryData
 239 010c 00000000 		.word	TempC
 240 0110 00000000 		.word	Humidity
 241 0114 00000000 		.word	temp_humi
 242 0118 00000000 		.word	range_value
 243              		.cfi_endproc
 244              	.LFE36:
 245              		.size	Wdt_Callback, .-Wdt_Callback
 246              		.section	.text.StackEventHandler,"ax",%progbits
 247              		.align	2
 248              		.global	StackEventHandler
 249              		.code	16
ARM GAS  C:\Users\d4hhm\AppData\Local\Temp\cceRi99j.s 			page 7


 250              		.thumb_func
 251              		.type	StackEventHandler, %function
 252              	StackEventHandler:
 253              	.LFB37:
  92:main.c        **** 
  93:main.c        **** 
  94:main.c        **** 
  95:main.c        **** // BLE ã‚¹ã‚¿ãƒƒã‚¯ã®å‡¦ç†ãƒãƒ³ãƒ‰ãƒ©
  96:main.c        **** void StackEventHandler(uint32 event, void *eventParam) {
 254              		.loc 1 96 0
 255              		.cfi_startproc
 256              		@ args = 0, pretend = 0, frame = 8
 257              		@ frame_needed = 1, uses_anonymous_args = 0
 258 0000 80B5     		push	{r7, lr}
 259              		.cfi_def_cfa_offset 8
 260              		.cfi_offset 7, -8
 261              		.cfi_offset 14, -4
 262 0002 82B0     		sub	sp, sp, #8
 263              		.cfi_def_cfa_offset 16
 264 0004 00AF     		add	r7, sp, #0
 265              		.cfi_def_cfa_register 7
 266 0006 7860     		str	r0, [r7, #4]
 267 0008 3960     		str	r1, [r7]
  97:main.c        ****     switch (event) {
 268              		.loc 1 97 0
 269 000a 7B68     		ldr	r3, [r7, #4]
 270 000c 012B     		cmp	r3, #1
 271 000e 02D0     		beq	.L14
 272 0010 282B     		cmp	r3, #40
 273 0012 00D0     		beq	.L14
  98:main.c        ****         // ã‚¹ã‚¿ãƒƒã‚¯ãŒç«‹ã¡ã‚ãŒã£ãŸã¾ãŸã¯ãƒ‡ãƒã‚¤ã‚¹ãŒåˆ‡æ–­ã•ã‚ŒãŸã‚‰åˆæœŸåŒ–çµ‚ä
  99:main.c        ****         case CYBLE_EVT_STACK_ON:
 100:main.c        ****         case CYBLE_EVT_GAP_DEVICE_DISCONNECTED:
 101:main.c        ****             initialized = 1;
 102:main.c        ****             break;
 103:main.c        ****         // ãã‚Œä»¥å¤–ã®ã‚¤ãƒ™ãƒ³ãƒˆã¯ç„¡è¦–ã™ã‚‹
 104:main.c        ****         default:
 105:main.c        ****             break;
 274              		.loc 1 105 0
 275 0014 03E0     		b	.L15
 276              	.L14:
 101:main.c        ****             break;
 277              		.loc 1 101 0
 278 0016 044B     		ldr	r3, .L16
 279 0018 0122     		movs	r2, #1
 280 001a 1A70     		strb	r2, [r3]
 102:main.c        ****         // ãã‚Œä»¥å¤–ã®ã‚¤ãƒ™ãƒ³ãƒˆã¯ç„¡è¦–ã™ã‚‹
 281              		.loc 1 102 0
 282 001c C046     		nop
 283              	.L15:
 106:main.c        ****     }
 107:main.c        **** }
 284              		.loc 1 107 0
 285 001e C046     		nop
 286 0020 BD46     		mov	sp, r7
 287 0022 02B0     		add	sp, sp, #8
 288              		@ sp needed
ARM GAS  C:\Users\d4hhm\AppData\Local\Temp\cceRi99j.s 			page 8


 289 0024 80BD     		pop	{r7, pc}
 290              	.L17:
 291 0026 C046     		.align	2
 292              	.L16:
 293 0028 00000000 		.word	initialized
 294              		.cfi_endproc
 295              	.LFE37:
 296              		.size	StackEventHandler, .-StackEventHandler
 297              		.section	.text.main,"ax",%progbits
 298              		.align	2
 299              		.global	main
 300              		.code	16
 301              		.thumb_func
 302              		.type	main, %function
 303              	main:
 304              	.LFB38:
 108:main.c        **** 
 109:main.c        **** int main() {
 305              		.loc 1 109 0
 306              		.cfi_startproc
 307              		@ args = 0, pretend = 0, frame = 8
 308              		@ frame_needed = 1, uses_anonymous_args = 0
 309 0000 90B5     		push	{r4, r7, lr}
 310              		.cfi_def_cfa_offset 12
 311              		.cfi_offset 4, -12
 312              		.cfi_offset 7, -8
 313              		.cfi_offset 14, -4
 314 0002 83B0     		sub	sp, sp, #12
 315              		.cfi_def_cfa_offset 24
 316 0004 00AF     		add	r7, sp, #0
 317              		.cfi_def_cfa_register 7
 110:main.c        ****     CYBLE_API_RESULT_T apiResult;// ã‚¨ãƒ©ãƒ¼ã‚³ãƒ¼ãƒ‰
 111:main.c        **** 
 112:main.c        ****     // å‰²ã‚Šè¾¼ã¿ã‚’è¨±å¯ã™ã‚‹
 113:main.c        ****     CyGlobalIntEnable;
 318              		.loc 1 113 0
 319              		.syntax divided
 320              	@ 113 "main.c" 1
 321 0006 62B6     		CPSIE   i
 322              	@ 0 "" 2
 114:main.c        ****     
 115:main.c        ****     // ä½é€Ÿã‚¿ã‚¤ãƒ Timer0 ã®ã‚³ãƒ¼ãƒ«ãƒãƒƒã‚¯é–¢æ•°ã‚’è¨­å®šã™ã‚‹
 116:main.c        ****     CySysWdtSetInterruptCallback(CY_SYS_WDT_COUNTER0, Wdt_Callback);
 323              		.loc 1 116 0
 324              		.thumb
 325              		.syntax unified
 326 0008 2C4B     		ldr	r3, .L23
 327 000a 1900     		movs	r1, r3
 328 000c 0020     		movs	r0, #0
 329 000e FFF7FEFF 		bl	CySysWdtSetInterruptCallback
 117:main.c        **** 
 118:main.c        ****     // BLE ãƒ‡ãƒã‚¤ã‚¹ã®åˆæœŸåŒ–ã‚’è¡Œã†
 119:main.c        ****     apiResult = CyBle_Start(StackEventHandler);
 330              		.loc 1 119 0
 331 0012 BC1D     		adds	r4, r7, #6
 332 0014 2A4B     		ldr	r3, .L23+4
 333 0016 1800     		movs	r0, r3
ARM GAS  C:\Users\d4hhm\AppData\Local\Temp\cceRi99j.s 			page 9


 334 0018 FFF7FEFF 		bl	CyBle_Start
 335 001c 0300     		movs	r3, r0
 336 001e 2380     		strh	r3, [r4]
 120:main.c        **** 
 121:main.c        ****     // åˆæœŸåŒ–ãŒæ­£å¸¸ã«çµ‚ã‚ã£ãŸã‹ã‚’ç¢ºèªã™ã‚‹
 122:main.c        ****     CYASSERT(apiResult == CYBLE_ERROR_OK);
 337              		.loc 1 122 0
 338 0020 BB1D     		adds	r3, r7, #6
 339 0022 1B88     		ldrh	r3, [r3]
 340 0024 002B     		cmp	r3, #0
 341 0026 02D0     		beq	.L19
 342              		.loc 1 122 0 is_stmt 0 discriminator 1
 343 0028 0020     		movs	r0, #0
 344 002a FFF7FEFF 		bl	CyHalt
 345              	.L19:
 123:main.c        **** 
 124:main.c        ****     CapSense_1_Start();//CapScanON
 346              		.loc 1 124 0 is_stmt 1
 347 002e FFF7FEFF 		bl	CapSense_1_Start
 125:main.c        ****     CapSense_1_InitializeAllBaselines();//é™é›»å®¹é‡ã®åˆæœŸåŒ–
 348              		.loc 1 125 0
 349 0032 FFF7FEFF 		bl	CapSense_1_InitializeAllBaselines
 126:main.c        ****     CapSense_1_ScanEnabledWidgets();//ä¸€åº¦ã™ã¹ã¦ã‚¹ã‚­ãƒ£ãƒ³
 350              		.loc 1 126 0
 351 0036 FFF7FEFF 		bl	CapSense_1_ScanEnabledWidgets
 127:main.c        ****     while(CapSense_1_IsBusy() != 0);//ã‚»ãƒ³ã‚µãƒ¼ã®ã‚¹ã‚­ãƒ£ãƒ³ãŒå®Œäº†ã™ã‚‹ã¾ã§å¾…ã¤
 352              		.loc 1 127 0
 353 003a C046     		nop
 354              	.L20:
 355              		.loc 1 127 0 is_stmt 0 discriminator 1
 356 003c FFF7FEFF 		bl	CapSense_1_IsBusy
 357 0040 031E     		subs	r3, r0, #0
 358 0042 FBD1     		bne	.L20
 128:main.c        ****    
 129:main.c        ****     /*I2Cã‚’Start,VL6180xã¨BME280ã‚’åˆæœŸåŒ–--------------------------------------*/
 130:main.c        ****     SCB_1_Start();
 359              		.loc 1 130 0 is_stmt 1
 360 0044 FFF7FEFF 		bl	SCB_1_Start
 131:main.c        ****     //BME280_start();
 132:main.c        ****     CyDelay(10u);//å¿…è¦ã‹ï¼Ÿ
 361              		.loc 1 132 0
 362 0048 0A20     		movs	r0, #10
 363 004a FFF7FEFF 		bl	CyDelay
 133:main.c        ****     VL6180_Init();
 364              		.loc 1 133 0
 365 004e FFF7FEFF 		bl	VL6180_Init
 134:main.c        ****     BME280_init();
 366              		.loc 1 134 0
 367 0052 FFF7FEFF 		bl	BME280_init
 368              	.L22:
 135:main.c        **** 
 136:main.c        ****     /*----------------------------------------------------------------------*/
 137:main.c        ****     
 138:main.c        ****     for(;;){
 139:main.c        ****        
 140:main.c        ****         CapSense_1_UpdateEnabledBaselines();//ã‚»ãƒ³ã‚µãƒ¼ã®æœ€ä½å€¤ã‚’æ›´æ–°
 369              		.loc 1 140 0
ARM GAS  C:\Users\d4hhm\AppData\Local\Temp\cceRi99j.s 			page 10


 370 0056 FFF7FEFF 		bl	CapSense_1_UpdateEnabledBaselines
 141:main.c        ****         CapSense_1_ScanEnabledWidgets();//ã‚»ãƒ³ã‚µãƒ¼ã‚’ã‚¹ã‚­ãƒ£ãƒ³ã™ã‚‹
 371              		.loc 1 141 0
 372 005a FFF7FEFF 		bl	CapSense_1_ScanEnabledWidgets
 142:main.c        ****         while(CapSense_1_IsBusy() != 0);//ã‚»ãƒ³ã‚µãƒ¼ã®ã‚¹ã‚­ãƒ£ãƒ³ãŒå®Œäº†ã™ã‚‹ã¾ã§å¾…ã¤
 373              		.loc 1 142 0
 374 005e C046     		nop
 375              	.L21:
 376              		.loc 1 142 0 is_stmt 0 discriminator 1
 377 0060 FFF7FEFF 		bl	CapSense_1_IsBusy
 378 0064 031E     		subs	r3, r0, #0
 379 0066 FBD1     		bne	.L21
 143:main.c        ****         
 144:main.c        ****         BME280_init();
 380              		.loc 1 144 0 is_stmt 1
 381 0068 FFF7FEFF 		bl	BME280_init
 145:main.c        ****         VL6180_Init();
 382              		.loc 1 145 0
 383 006c FFF7FEFF 		bl	VL6180_Init
 146:main.c        ****         VL6180_Start_Range();
 384              		.loc 1 146 0
 385 0070 FFF7FEFF 		bl	VL6180_Start_Range
 147:main.c        ****         VL6180_Poll_Range();
 386              		.loc 1 147 0
 387 0074 FFF7FEFF 		bl	VL6180_Poll_Range
 148:main.c        **** 
 149:main.c        ****         /*VL6180xã‹ã‚‰ã®å€¤ã‚’èª­ã¿è¾¼ã‚€----------------------------------------------*/
 150:main.c        ****         range_value = VL6180_Read_Range();
 388              		.loc 1 150 0
 389 0078 FFF7FEFF 		bl	VL6180_Read_Range
 390 007c 0200     		movs	r2, r0
 391 007e 114B     		ldr	r3, .L23+8
 392 0080 1A60     		str	r2, [r3]
 151:main.c        **** 
 152:main.c        ****         /*--------------------------------------------------------------------*/
 153:main.c        ****         
 154:main.c        ****         VL6180_Clear_Interrupts();
 393              		.loc 1 154 0
 394 0082 FFF7FEFF 		bl	VL6180_Clear_Interrupts
 155:main.c        **** 
 156:main.c        ****         /*BME280ã‹ã‚‰ã®å€¤ã‚’èª­ã¿è¾¼ã‚€----------------------------------------------*/
 157:main.c        ****         TempC = BME280_readTempC();//æ¸©åº¦ã‚’å…¥ã‚Œã‚‹
 395              		.loc 1 157 0
 396 0086 FFF7FEFF 		bl	BME280_readTempC
 397 008a 031C     		adds	r3, r0, #0
 398 008c 181C     		adds	r0, r3, #0
 399 008e FFF7FEFF 		bl	__aeabi_f2iz
 400 0092 0200     		movs	r2, r0
 401 0094 0C4B     		ldr	r3, .L23+12
 402 0096 1A60     		str	r2, [r3]
 158:main.c        ****         Pressure = BME280_readFloatPressure();//æ°—åœ§ã‚’å…¥ã‚Œã‚‹
 403              		.loc 1 158 0
 404 0098 FFF7FEFF 		bl	BME280_readFloatPressure
 405 009c 021C     		adds	r2, r0, #0
 406 009e 0B4B     		ldr	r3, .L23+16
 407 00a0 1A60     		str	r2, [r3]
 159:main.c        ****         Humidity = BME280_readFloatHumidity();//æ¹¿åº¦ã‚’å…¥ã‚Œã‚‹
ARM GAS  C:\Users\d4hhm\AppData\Local\Temp\cceRi99j.s 			page 11


 408              		.loc 1 159 0
 409 00a2 FFF7FEFF 		bl	BME280_readFloatHumidity
 410 00a6 031C     		adds	r3, r0, #0
 411 00a8 181C     		adds	r0, r3, #0
 412 00aa FFF7FEFF 		bl	__aeabi_f2iz
 413 00ae 0200     		movs	r2, r0
 414 00b0 074B     		ldr	r3, .L23+20
 415 00b2 1A60     		str	r2, [r3]
 160:main.c        ****          /*------------------------------------------------------------------*/
 161:main.c        **** 
 162:main.c        ****         // BLE ã‚¹ã‚¿ãƒƒã‚¯ã¸ã®ã‚¤ãƒ™ãƒ³ãƒˆã‚’å‡¦ç†ã™ã‚‹
 163:main.c        ****         CyBle_ProcessEvents();
 416              		.loc 1 163 0
 417 00b4 FFF7FEFF 		bl	CyBle_ProcessEvents
 164:main.c        ****         
 165:main.c        ****     }
 418              		.loc 1 165 0
 419 00b8 CDE7     		b	.L22
 420              	.L24:
 421 00ba C046     		.align	2
 422              	.L23:
 423 00bc 00000000 		.word	Wdt_Callback
 424 00c0 00000000 		.word	StackEventHandler
 425 00c4 00000000 		.word	range_value
 426 00c8 00000000 		.word	TempC
 427 00cc 00000000 		.word	Pressure
 428 00d0 00000000 		.word	Humidity
 429              		.cfi_endproc
 430              	.LFE38:
 431              		.size	main, .-main
 432              		.text
 433              	.Letext0:
 434              		.file 2 "Generated_Source\\PSoC4/cytypes.h"
 435              		.file 3 "Generated_Source\\PSoC4/BLE_1_Stack.h"
 436              		.file 4 "Generated_Source\\PSoC4/BLE_1_StackGap.h"
 437              		.file 5 "Generated_Source\\PSoC4/BLE_1.h"
 438              		.section	.debug_info,"",%progbits
 439              	.Ldebug_info0:
 440 0000 AC040000 		.4byte	0x4ac
 441 0004 0400     		.2byte	0x4
 442 0006 00000000 		.4byte	.Ldebug_abbrev0
 443 000a 04       		.byte	0x4
 444 000b 01       		.uleb128 0x1
 445 000c ED070000 		.4byte	.LASF143
 446 0010 0C       		.byte	0xc
 447 0011 C5070000 		.4byte	.LASF144
 448 0015 96030000 		.4byte	.LASF145
 449 0019 00000000 		.4byte	.Ldebug_ranges0+0
 450 001d 00000000 		.4byte	0
 451 0021 00000000 		.4byte	.Ldebug_line0
 452 0025 02       		.uleb128 0x2
 453 0026 01       		.byte	0x1
 454 0027 06       		.byte	0x6
 455 0028 08030000 		.4byte	.LASF0
 456 002c 02       		.uleb128 0x2
 457 002d 01       		.byte	0x1
 458 002e 08       		.byte	0x8
ARM GAS  C:\Users\d4hhm\AppData\Local\Temp\cceRi99j.s 			page 12


 459 002f CE0A0000 		.4byte	.LASF1
 460 0033 02       		.uleb128 0x2
 461 0034 02       		.byte	0x2
 462 0035 05       		.byte	0x5
 463 0036 000B0000 		.4byte	.LASF2
 464 003a 02       		.uleb128 0x2
 465 003b 02       		.byte	0x2
 466 003c 07       		.byte	0x7
 467 003d 630D0000 		.4byte	.LASF3
 468 0041 02       		.uleb128 0x2
 469 0042 04       		.byte	0x4
 470 0043 05       		.byte	0x5
 471 0044 B5010000 		.4byte	.LASF4
 472 0048 02       		.uleb128 0x2
 473 0049 04       		.byte	0x4
 474 004a 07       		.byte	0x7
 475 004b 21060000 		.4byte	.LASF5
 476 004f 02       		.uleb128 0x2
 477 0050 08       		.byte	0x8
 478 0051 05       		.byte	0x5
 479 0052 FA020000 		.4byte	.LASF6
 480 0056 02       		.uleb128 0x2
 481 0057 08       		.byte	0x8
 482 0058 07       		.byte	0x7
 483 0059 76050000 		.4byte	.LASF7
 484 005d 03       		.uleb128 0x3
 485 005e 04       		.byte	0x4
 486 005f 05       		.byte	0x5
 487 0060 696E7400 		.ascii	"int\000"
 488 0064 02       		.uleb128 0x2
 489 0065 04       		.byte	0x4
 490 0066 07       		.byte	0x7
 491 0067 780C0000 		.4byte	.LASF8
 492 006b 04       		.uleb128 0x4
 493 006c 71040000 		.4byte	.LASF9
 494 0070 02       		.byte	0x2
 495 0071 E601     		.2byte	0x1e6
 496 0073 2C000000 		.4byte	0x2c
 497 0077 04       		.uleb128 0x4
 498 0078 3F000000 		.4byte	.LASF10
 499 007c 02       		.byte	0x2
 500 007d E701     		.2byte	0x1e7
 501 007f 3A000000 		.4byte	0x3a
 502 0083 04       		.uleb128 0x4
 503 0084 C0040000 		.4byte	.LASF11
 504 0088 02       		.byte	0x2
 505 0089 E801     		.2byte	0x1e8
 506 008b 48000000 		.4byte	0x48
 507 008f 02       		.uleb128 0x2
 508 0090 04       		.byte	0x4
 509 0091 04       		.byte	0x4
 510 0092 8B0A0000 		.4byte	.LASF12
 511 0096 02       		.uleb128 0x2
 512 0097 08       		.byte	0x8
 513 0098 04       		.byte	0x4
 514 0099 96040000 		.4byte	.LASF13
 515 009d 02       		.uleb128 0x2
ARM GAS  C:\Users\d4hhm\AppData\Local\Temp\cceRi99j.s 			page 13


 516 009e 01       		.byte	0x1
 517 009f 08       		.byte	0x8
 518 00a0 310C0000 		.4byte	.LASF14
 519 00a4 02       		.uleb128 0x2
 520 00a5 08       		.byte	0x8
 521 00a6 04       		.byte	0x4
 522 00a7 250C0000 		.4byte	.LASF15
 523 00ab 02       		.uleb128 0x2
 524 00ac 04       		.byte	0x4
 525 00ad 07       		.byte	0x7
 526 00ae 54090000 		.4byte	.LASF16
 527 00b2 05       		.uleb128 0x5
 528 00b3 04       		.byte	0x4
 529 00b4 06       		.uleb128 0x6
 530 00b5 01       		.byte	0x1
 531 00b6 2C000000 		.4byte	0x2c
 532 00ba 03       		.byte	0x3
 533 00bb 3201     		.2byte	0x132
 534 00bd 72020000 		.4byte	0x272
 535 00c1 07       		.uleb128 0x7
 536 00c2 0D070000 		.4byte	.LASF17
 537 00c6 00       		.byte	0
 538 00c7 07       		.uleb128 0x7
 539 00c8 14030000 		.4byte	.LASF18
 540 00cc 01       		.byte	0x1
 541 00cd 07       		.uleb128 0x7
 542 00ce A3010000 		.4byte	.LASF19
 543 00d2 02       		.byte	0x2
 544 00d3 07       		.uleb128 0x7
 545 00d4 4A0D0000 		.4byte	.LASF20
 546 00d8 03       		.byte	0x3
 547 00d9 07       		.uleb128 0x7
 548 00da 2F020000 		.4byte	.LASF21
 549 00de 04       		.byte	0x4
 550 00df 07       		.uleb128 0x7
 551 00e0 23000000 		.4byte	.LASF22
 552 00e4 05       		.byte	0x5
 553 00e5 07       		.uleb128 0x7
 554 00e6 42070000 		.4byte	.LASF23
 555 00ea 06       		.byte	0x6
 556 00eb 07       		.uleb128 0x7
 557 00ec B2080000 		.4byte	.LASF24
 558 00f0 20       		.byte	0x20
 559 00f1 07       		.uleb128 0x7
 560 00f2 66030000 		.4byte	.LASF25
 561 00f6 21       		.byte	0x21
 562 00f7 07       		.uleb128 0x7
 563 00f8 65070000 		.4byte	.LASF26
 564 00fc 22       		.byte	0x22
 565 00fd 07       		.uleb128 0x7
 566 00fe 240D0000 		.4byte	.LASF27
 567 0102 23       		.byte	0x23
 568 0103 07       		.uleb128 0x7
 569 0104 D3090000 		.4byte	.LASF28
 570 0108 24       		.byte	0x24
 571 0109 07       		.uleb128 0x7
 572 010a 5D090000 		.4byte	.LASF29
ARM GAS  C:\Users\d4hhm\AppData\Local\Temp\cceRi99j.s 			page 14


 573 010e 25       		.byte	0x25
 574 010f 07       		.uleb128 0x7
 575 0110 26040000 		.4byte	.LASF30
 576 0114 26       		.byte	0x26
 577 0115 07       		.uleb128 0x7
 578 0116 89070000 		.4byte	.LASF31
 579 011a 27       		.byte	0x27
 580 011b 07       		.uleb128 0x7
 581 011c 560C0000 		.4byte	.LASF32
 582 0120 28       		.byte	0x28
 583 0121 07       		.uleb128 0x7
 584 0122 98020000 		.4byte	.LASF33
 585 0126 29       		.byte	0x29
 586 0127 07       		.uleb128 0x7
 587 0128 A1000000 		.4byte	.LASF34
 588 012c 2A       		.byte	0x2a
 589 012d 07       		.uleb128 0x7
 590 012e 44020000 		.4byte	.LASF35
 591 0132 2B       		.byte	0x2b
 592 0133 07       		.uleb128 0x7
 593 0134 860E0000 		.4byte	.LASF36
 594 0138 2C       		.byte	0x2c
 595 0139 07       		.uleb128 0x7
 596 013a C2020000 		.4byte	.LASF37
 597 013e 2D       		.byte	0x2d
 598 013f 07       		.uleb128 0x7
 599 0140 DC0A0000 		.4byte	.LASF38
 600 0144 2E       		.byte	0x2e
 601 0145 07       		.uleb128 0x7
 602 0146 1E010000 		.4byte	.LASF39
 603 014a 2F       		.byte	0x2f
 604 014b 07       		.uleb128 0x7
 605 014c B2090000 		.4byte	.LASF40
 606 0150 30       		.byte	0x30
 607 0151 07       		.uleb128 0x7
 608 0152 F60E0000 		.4byte	.LASF41
 609 0156 31       		.byte	0x31
 610 0157 07       		.uleb128 0x7
 611 0158 91090000 		.4byte	.LASF42
 612 015c 32       		.byte	0x32
 613 015d 07       		.uleb128 0x7
 614 015e E70B0000 		.4byte	.LASF43
 615 0162 33       		.byte	0x33
 616 0163 07       		.uleb128 0x7
 617 0164 33060000 		.4byte	.LASF44
 618 0168 34       		.byte	0x34
 619 0169 07       		.uleb128 0x7
 620 016a 59050000 		.4byte	.LASF45
 621 016e 35       		.byte	0x35
 622 016f 07       		.uleb128 0x7
 623 0170 CC070000 		.4byte	.LASF46
 624 0174 36       		.byte	0x36
 625 0175 07       		.uleb128 0x7
 626 0176 D6080000 		.4byte	.LASF47
 627 017a 37       		.byte	0x37
 628 017b 07       		.uleb128 0x7
 629 017c E4040000 		.4byte	.LASF48
ARM GAS  C:\Users\d4hhm\AppData\Local\Temp\cceRi99j.s 			page 15


 630 0180 40       		.byte	0x40
 631 0181 07       		.uleb128 0x7
 632 0182 7B080000 		.4byte	.LASF49
 633 0186 41       		.byte	0x41
 634 0187 07       		.uleb128 0x7
 635 0188 1A0F0000 		.4byte	.LASF50
 636 018c 42       		.byte	0x42
 637 018d 07       		.uleb128 0x7
 638 018e 940D0000 		.4byte	.LASF51
 639 0192 43       		.byte	0x43
 640 0193 07       		.uleb128 0x7
 641 0194 65060000 		.4byte	.LASF52
 642 0198 44       		.byte	0x44
 643 0199 07       		.uleb128 0x7
 644 019a 640A0000 		.4byte	.LASF53
 645 019e 45       		.byte	0x45
 646 019f 07       		.uleb128 0x7
 647 01a0 33090000 		.4byte	.LASF54
 648 01a4 46       		.byte	0x46
 649 01a5 07       		.uleb128 0x7
 650 01a6 24070000 		.4byte	.LASF55
 651 01aa 47       		.byte	0x47
 652 01ab 07       		.uleb128 0x7
 653 01ac 4A0E0000 		.4byte	.LASF56
 654 01b0 48       		.byte	0x48
 655 01b1 07       		.uleb128 0x7
 656 01b2 7D030000 		.4byte	.LASF57
 657 01b6 49       		.byte	0x49
 658 01b7 07       		.uleb128 0x7
 659 01b8 BD0D0000 		.4byte	.LASF58
 660 01bc 4A       		.byte	0x4a
 661 01bd 07       		.uleb128 0x7
 662 01be 47010000 		.4byte	.LASF59
 663 01c2 4B       		.byte	0x4b
 664 01c3 07       		.uleb128 0x7
 665 01c4 4B060000 		.4byte	.LASF60
 666 01c8 4C       		.byte	0x4c
 667 01c9 07       		.uleb128 0x7
 668 01ca 77090000 		.4byte	.LASF61
 669 01ce 4D       		.byte	0x4d
 670 01cf 07       		.uleb128 0x7
 671 01d0 FB030000 		.4byte	.LASF62
 672 01d4 4E       		.byte	0x4e
 673 01d5 07       		.uleb128 0x7
 674 01d6 570B0000 		.4byte	.LASF63
 675 01da 4F       		.byte	0x4f
 676 01db 07       		.uleb128 0x7
 677 01dc 66010000 		.4byte	.LASF64
 678 01e0 50       		.byte	0x50
 679 01e1 07       		.uleb128 0x7
 680 01e2 77040000 		.4byte	.LASF65
 681 01e6 51       		.byte	0x51
 682 01e7 07       		.uleb128 0x7
 683 01e8 0C0A0000 		.4byte	.LASF66
 684 01ec 52       		.byte	0x52
 685 01ed 07       		.uleb128 0x7
 686 01ee 0A0B0000 		.4byte	.LASF67
ARM GAS  C:\Users\d4hhm\AppData\Local\Temp\cceRi99j.s 			page 16


 687 01f2 53       		.byte	0x53
 688 01f3 07       		.uleb128 0x7
 689 01f4 A80B0000 		.4byte	.LASF68
 690 01f8 54       		.byte	0x54
 691 01f9 07       		.uleb128 0x7
 692 01fa 83060000 		.4byte	.LASF69
 693 01fe 55       		.byte	0x55
 694 01ff 07       		.uleb128 0x7
 695 0200 8D050000 		.4byte	.LASF70
 696 0204 56       		.byte	0x56
 697 0205 07       		.uleb128 0x7
 698 0206 850C0000 		.4byte	.LASF71
 699 020a 57       		.byte	0x57
 700 020b 07       		.uleb128 0x7
 701 020c A7060000 		.4byte	.LASF72
 702 0210 58       		.byte	0x58
 703 0211 07       		.uleb128 0x7
 704 0212 FE040000 		.4byte	.LASF73
 705 0216 70       		.byte	0x70
 706 0217 07       		.uleb128 0x7
 707 0218 CB0E0000 		.4byte	.LASF74
 708 021c 71       		.byte	0x71
 709 021d 07       		.uleb128 0x7
 710 021e 96080000 		.4byte	.LASF75
 711 0222 72       		.byte	0x72
 712 0223 07       		.uleb128 0x7
 713 0224 85010000 		.4byte	.LASF76
 714 0228 73       		.byte	0x73
 715 0229 07       		.uleb128 0x7
 716 022a 460A0000 		.4byte	.LASF77
 717 022e 74       		.byte	0x74
 718 022f 07       		.uleb128 0x7
 719 0230 AA0E0000 		.4byte	.LASF78
 720 0234 75       		.byte	0x75
 721 0235 07       		.uleb128 0x7
 722 0236 CA000000 		.4byte	.LASF79
 723 023a 76       		.byte	0x76
 724 023b 07       		.uleb128 0x7
 725 023c 46000000 		.4byte	.LASF80
 726 0240 77       		.byte	0x77
 727 0241 07       		.uleb128 0x7
 728 0242 00000000 		.4byte	.LASF81
 729 0246 78       		.byte	0x78
 730 0247 07       		.uleb128 0x7
 731 0248 AE0C0000 		.4byte	.LASF82
 732 024c 79       		.byte	0x79
 733 024d 07       		.uleb128 0x7
 734 024e 2A050000 		.4byte	.LASF83
 735 0252 7A       		.byte	0x7a
 736 0253 07       		.uleb128 0x7
 737 0254 63020000 		.4byte	.LASF84
 738 0258 FA       		.byte	0xfa
 739 0259 07       		.uleb128 0x7
 740 025a D9050000 		.4byte	.LASF85
 741 025e FB       		.byte	0xfb
 742 025f 07       		.uleb128 0x7
 743 0260 2B0B0000 		.4byte	.LASF86
ARM GAS  C:\Users\d4hhm\AppData\Local\Temp\cceRi99j.s 			page 17


 744 0264 FC       		.byte	0xfc
 745 0265 07       		.uleb128 0x7
 746 0266 600F0000 		.4byte	.LASF87
 747 026a FD       		.byte	0xfd
 748 026b 07       		.uleb128 0x7
 749 026c C7040000 		.4byte	.LASF88
 750 0270 FF       		.byte	0xff
 751 0271 00       		.byte	0
 752 0272 06       		.uleb128 0x6
 753 0273 02       		.byte	0x2
 754 0274 3A000000 		.4byte	0x3a
 755 0278 03       		.byte	0x3
 756 0279 E703     		.2byte	0x3e7
 757 027b 51030000 		.4byte	0x351
 758 027f 07       		.uleb128 0x7
 759 0280 D5040000 		.4byte	.LASF89
 760 0284 00       		.byte	0
 761 0285 07       		.uleb128 0x7
 762 0286 9D040000 		.4byte	.LASF90
 763 028a 01       		.byte	0x1
 764 028b 07       		.uleb128 0x7
 765 028c 760D0000 		.4byte	.LASF91
 766 0290 02       		.byte	0x2
 767 0291 07       		.uleb128 0x7
 768 0292 65000000 		.4byte	.LASF92
 769 0296 03       		.byte	0x3
 770 0297 07       		.uleb128 0x7
 771 0298 0C020000 		.4byte	.LASF93
 772 029c 04       		.byte	0x4
 773 029d 07       		.uleb128 0x7
 774 029e BB050000 		.4byte	.LASF94
 775 02a2 05       		.byte	0x5
 776 02a3 07       		.uleb128 0x7
 777 02a4 3D0B0000 		.4byte	.LASF95
 778 02a8 06       		.byte	0x6
 779 02a9 07       		.uleb128 0x7
 780 02aa 49030000 		.4byte	.LASF96
 781 02ae 07       		.byte	0x7
 782 02af 07       		.uleb128 0x7
 783 02b0 C90B0000 		.4byte	.LASF97
 784 02b4 08       		.byte	0x8
 785 02b5 07       		.uleb128 0x7
 786 02b6 710E0000 		.4byte	.LASF98
 787 02ba 09       		.byte	0x9
 788 02bb 07       		.uleb128 0x7
 789 02bc 910A0000 		.4byte	.LASF99
 790 02c0 0A       		.byte	0xa
 791 02c1 07       		.uleb128 0x7
 792 02c2 360C0000 		.4byte	.LASF100
 793 02c6 0B       		.byte	0xb
 794 02c7 07       		.uleb128 0x7
 795 02c8 81020000 		.4byte	.LASF101
 796 02cc 0C       		.byte	0xc
 797 02cd 07       		.uleb128 0x7
 798 02ce E7010000 		.4byte	.LASF102
 799 02d2 0D       		.byte	0xd
 800 02d3 07       		.uleb128 0x7
ARM GAS  C:\Users\d4hhm\AppData\Local\Temp\cceRi99j.s 			page 18


 801 02d4 F8050000 		.4byte	.LASF103
 802 02d8 0E       		.byte	0xe
 803 02d9 07       		.uleb128 0x7
 804 02da 250E0000 		.4byte	.LASF104
 805 02de 0F       		.byte	0xf
 806 02df 07       		.uleb128 0x7
 807 02e0 F60C0000 		.4byte	.LASF105
 808 02e4 10       		.byte	0x10
 809 02e5 07       		.uleb128 0x7
 810 02e6 CA060000 		.4byte	.LASF106
 811 02ea 11       		.byte	0x11
 812 02eb 07       		.uleb128 0x7
 813 02ec 4E040000 		.4byte	.LASF107
 814 02f0 12       		.byte	0x12
 815 02f1 07       		.uleb128 0x7
 816 02f2 380F0000 		.4byte	.LASF108
 817 02f6 13       		.byte	0x13
 818 02f7 07       		.uleb128 0x7
 819 02f8 27030000 		.4byte	.LASF109
 820 02fc 27       		.byte	0x27
 821 02fd 07       		.uleb128 0x7
 822 02fe D10C0000 		.4byte	.LASF110
 823 0302 28       		.byte	0x28
 824 0303 07       		.uleb128 0x7
 825 0304 090E0000 		.4byte	.LASF111
 826 0308 29       		.byte	0x29
 827 0309 07       		.uleb128 0x7
 828 030a BE010000 		.4byte	.LASF112
 829 030e 2A       		.byte	0x2a
 830 030f 07       		.uleb128 0x7
 831 0310 EB000000 		.4byte	.LASF113
 832 0314 2B       		.byte	0x2b
 833 0315 07       		.uleb128 0x7
 834 0316 1B090000 		.4byte	.LASF114
 835 031a 2C       		.byte	0x2c
 836 031b 07       		.uleb128 0x7
 837 031c 7E0B0000 		.4byte	.LASF115
 838 0320 2D       		.byte	0x2d
 839 0321 07       		.uleb128 0x7
 840 0322 DB0D0000 		.4byte	.LASF116
 841 0326 FE       		.byte	0xfe
 842 0327 07       		.uleb128 0x7
 843 0328 0B090000 		.4byte	.LASF117
 844 032c FF       		.byte	0xff
 845 032d 08       		.uleb128 0x8
 846 032e F4060000 		.4byte	.LASF118
 847 0332 0001     		.2byte	0x100
 848 0334 08       		.uleb128 0x8
 849 0335 2D0A0000 		.4byte	.LASF119
 850 0339 0101     		.2byte	0x101
 851 033b 08       		.uleb128 0x8
 852 033c AB0A0000 		.4byte	.LASF120
 853 0340 0201     		.2byte	0x102
 854 0342 08       		.uleb128 0x8
 855 0343 E1030000 		.4byte	.LASF121
 856 0347 0301     		.2byte	0x103
 857 0349 08       		.uleb128 0x8
ARM GAS  C:\Users\d4hhm\AppData\Local\Temp\cceRi99j.s 			page 19


 858 034a 0E0C0000 		.4byte	.LASF122
 859 034e 0401     		.2byte	0x104
 860 0350 00       		.byte	0
 861 0351 04       		.uleb128 0x4
 862 0352 F9090000 		.4byte	.LASF123
 863 0356 03       		.byte	0x3
 864 0357 5904     		.2byte	0x459
 865 0359 72020000 		.4byte	0x272
 866 035d 09       		.uleb128 0x9
 867 035e 20       		.byte	0x20
 868 035f 04       		.byte	0x4
 869 0360 6402     		.2byte	0x264
 870 0362 81030000 		.4byte	0x381
 871 0366 0A       		.uleb128 0xa
 872 0367 760B0000 		.4byte	.LASF124
 873 036b 04       		.byte	0x4
 874 036c 6702     		.2byte	0x267
 875 036e 81030000 		.4byte	0x381
 876 0372 00       		.byte	0
 877 0373 0A       		.uleb128 0xa
 878 0374 4E050000 		.4byte	.LASF125
 879 0378 04       		.byte	0x4
 880 0379 6A02     		.2byte	0x26a
 881 037b 6B000000 		.4byte	0x6b
 882 037f 1F       		.byte	0x1f
 883 0380 00       		.byte	0
 884 0381 0B       		.uleb128 0xb
 885 0382 6B000000 		.4byte	0x6b
 886 0386 91030000 		.4byte	0x391
 887 038a 0C       		.uleb128 0xc
 888 038b AB000000 		.4byte	0xab
 889 038f 1E       		.byte	0x1e
 890 0390 00       		.byte	0
 891 0391 04       		.uleb128 0x4
 892 0392 8A000000 		.4byte	.LASF126
 893 0396 04       		.byte	0x4
 894 0397 6C02     		.2byte	0x26c
 895 0399 5D030000 		.4byte	0x35d
 896 039d 0D       		.uleb128 0xd
 897 039e 19040000 		.4byte	.LASF127
 898 03a2 01       		.byte	0x1
 899 03a3 27       		.byte	0x27
 900 03a4 00000000 		.4byte	.LFB36
 901 03a8 1C010000 		.4byte	.LFE36-.LFB36
 902 03ac 01       		.uleb128 0x1
 903 03ad 9C       		.byte	0x9c
 904 03ae C1030000 		.4byte	0x3c1
 905 03b2 0E       		.uleb128 0xe
 906 03b3 B5020000 		.4byte	.LASF132
 907 03b7 01       		.byte	0x1
 908 03b8 28       		.byte	0x28
 909 03b9 5D000000 		.4byte	0x5d
 910 03bd 02       		.uleb128 0x2
 911 03be 91       		.byte	0x91
 912 03bf 74       		.sleb128 -12
 913 03c0 00       		.byte	0
 914 03c1 0F       		.uleb128 0xf
ARM GAS  C:\Users\d4hhm\AppData\Local\Temp\cceRi99j.s 			page 20


 915 03c2 F70D0000 		.4byte	.LASF128
 916 03c6 01       		.byte	0x1
 917 03c7 60       		.byte	0x60
 918 03c8 00000000 		.4byte	.LFB37
 919 03cc 2C000000 		.4byte	.LFE37-.LFB37
 920 03d0 01       		.uleb128 0x1
 921 03d1 9C       		.byte	0x9c
 922 03d2 F3030000 		.4byte	0x3f3
 923 03d6 10       		.uleb128 0x10
 924 03d7 EE060000 		.4byte	.LASF129
 925 03db 01       		.byte	0x1
 926 03dc 60       		.byte	0x60
 927 03dd 83000000 		.4byte	0x83
 928 03e1 02       		.uleb128 0x2
 929 03e2 91       		.byte	0x91
 930 03e3 74       		.sleb128 -12
 931 03e4 10       		.uleb128 0x10
 932 03e5 B20D0000 		.4byte	.LASF130
 933 03e9 01       		.byte	0x1
 934 03ea 60       		.byte	0x60
 935 03eb B2000000 		.4byte	0xb2
 936 03ef 02       		.uleb128 0x2
 937 03f0 91       		.byte	0x91
 938 03f1 70       		.sleb128 -16
 939 03f2 00       		.byte	0
 940 03f3 11       		.uleb128 0x11
 941 03f4 F10E0000 		.4byte	.LASF131
 942 03f8 01       		.byte	0x1
 943 03f9 6D       		.byte	0x6d
 944 03fa 5D000000 		.4byte	0x5d
 945 03fe 00000000 		.4byte	.LFB38
 946 0402 D4000000 		.4byte	.LFE38-.LFB38
 947 0406 01       		.uleb128 0x1
 948 0407 9C       		.byte	0x9c
 949 0408 1B040000 		.4byte	0x41b
 950 040c 0E       		.uleb128 0xe
 951 040d EF090000 		.4byte	.LASF133
 952 0411 01       		.byte	0x1
 953 0412 6E       		.byte	0x6e
 954 0413 51030000 		.4byte	0x351
 955 0417 02       		.uleb128 0x2
 956 0418 91       		.byte	0x91
 957 0419 6E       		.sleb128 -18
 958 041a 00       		.byte	0
 959 041b 12       		.uleb128 0x12
 960 041c B1070000 		.4byte	.LASF134
 961 0420 05       		.byte	0x5
 962 0421 B302     		.2byte	0x2b3
 963 0423 91030000 		.4byte	0x391
 964 0427 13       		.uleb128 0x13
 965 0428 AF050000 		.4byte	.LASF135
 966 042c 01       		.byte	0x1
 967 042d 17       		.byte	0x17
 968 042e 6B000000 		.4byte	0x6b
 969 0432 05       		.uleb128 0x5
 970 0433 03       		.byte	0x3
 971 0434 00000000 		.4byte	initialized
ARM GAS  C:\Users\d4hhm\AppData\Local\Temp\cceRi99j.s 			page 21


 972 0438 13       		.uleb128 0x13
 973 0439 BB040000 		.4byte	.LASF136
 974 043d 01       		.byte	0x1
 975 043e 1A       		.byte	0x1a
 976 043f 6B000000 		.4byte	0x6b
 977 0443 05       		.uleb128 0x5
 978 0444 03       		.byte	0x3
 979 0445 00000000 		.4byte	tick
 980 0449 13       		.uleb128 0x13
 981 044a DB010000 		.4byte	.LASF137
 982 044e 01       		.byte	0x1
 983 044f 1F       		.byte	0x1f
 984 0450 5D000000 		.4byte	0x5d
 985 0454 05       		.uleb128 0x5
 986 0455 03       		.byte	0x3
 987 0456 00000000 		.4byte	range_value
 988 045a 13       		.uleb128 0x13
 989 045b 24050000 		.4byte	.LASF138
 990 045f 01       		.byte	0x1
 991 0460 20       		.byte	0x20
 992 0461 5D000000 		.4byte	0x5d
 993 0465 05       		.uleb128 0x5
 994 0466 03       		.byte	0x3
 995 0467 00000000 		.4byte	TempC
 996 046b 13       		.uleb128 0x13
 997 046c A8070000 		.4byte	.LASF139
 998 0470 01       		.byte	0x1
 999 0471 20       		.byte	0x20
 1000 0472 5D000000 		.4byte	0x5d
 1001 0476 05       		.uleb128 0x5
 1002 0477 03       		.byte	0x3
 1003 0478 00000000 		.4byte	Humidity
 1004 047c 13       		.uleb128 0x13
 1005 047d D8030000 		.4byte	.LASF140
 1006 0481 01       		.byte	0x1
 1007 0482 21       		.byte	0x21
 1008 0483 8F000000 		.4byte	0x8f
 1009 0487 05       		.uleb128 0x5
 1010 0488 03       		.byte	0x3
 1011 0489 00000000 		.4byte	Pressure
 1012 048d 13       		.uleb128 0x13
 1013 048e 5B070000 		.4byte	.LASF141
 1014 0492 01       		.byte	0x1
 1015 0493 22       		.byte	0x22
 1016 0494 5D000000 		.4byte	0x5d
 1017 0498 05       		.uleb128 0x5
 1018 0499 03       		.byte	0x3
 1019 049a 00000000 		.4byte	temp_humi
 1020 049e 13       		.uleb128 0x13
 1021 049f EB020000 		.4byte	.LASF142
 1022 04a3 01       		.byte	0x1
 1023 04a4 24       		.byte	0x24
 1024 04a5 77000000 		.4byte	0x77
 1025 04a9 05       		.uleb128 0x5
 1026 04aa 03       		.byte	0x3
 1027 04ab 00000000 		.4byte	capsense_value
 1028 04af 00       		.byte	0
ARM GAS  C:\Users\d4hhm\AppData\Local\Temp\cceRi99j.s 			page 22


 1029              		.section	.debug_abbrev,"",%progbits
 1030              	.Ldebug_abbrev0:
 1031 0000 01       		.uleb128 0x1
 1032 0001 11       		.uleb128 0x11
 1033 0002 01       		.byte	0x1
 1034 0003 25       		.uleb128 0x25
 1035 0004 0E       		.uleb128 0xe
 1036 0005 13       		.uleb128 0x13
 1037 0006 0B       		.uleb128 0xb
 1038 0007 03       		.uleb128 0x3
 1039 0008 0E       		.uleb128 0xe
 1040 0009 1B       		.uleb128 0x1b
 1041 000a 0E       		.uleb128 0xe
 1042 000b 55       		.uleb128 0x55
 1043 000c 17       		.uleb128 0x17
 1044 000d 11       		.uleb128 0x11
 1045 000e 01       		.uleb128 0x1
 1046 000f 10       		.uleb128 0x10
 1047 0010 17       		.uleb128 0x17
 1048 0011 00       		.byte	0
 1049 0012 00       		.byte	0
 1050 0013 02       		.uleb128 0x2
 1051 0014 24       		.uleb128 0x24
 1052 0015 00       		.byte	0
 1053 0016 0B       		.uleb128 0xb
 1054 0017 0B       		.uleb128 0xb
 1055 0018 3E       		.uleb128 0x3e
 1056 0019 0B       		.uleb128 0xb
 1057 001a 03       		.uleb128 0x3
 1058 001b 0E       		.uleb128 0xe
 1059 001c 00       		.byte	0
 1060 001d 00       		.byte	0
 1061 001e 03       		.uleb128 0x3
 1062 001f 24       		.uleb128 0x24
 1063 0020 00       		.byte	0
 1064 0021 0B       		.uleb128 0xb
 1065 0022 0B       		.uleb128 0xb
 1066 0023 3E       		.uleb128 0x3e
 1067 0024 0B       		.uleb128 0xb
 1068 0025 03       		.uleb128 0x3
 1069 0026 08       		.uleb128 0x8
 1070 0027 00       		.byte	0
 1071 0028 00       		.byte	0
 1072 0029 04       		.uleb128 0x4
 1073 002a 16       		.uleb128 0x16
 1074 002b 00       		.byte	0
 1075 002c 03       		.uleb128 0x3
 1076 002d 0E       		.uleb128 0xe
 1077 002e 3A       		.uleb128 0x3a
 1078 002f 0B       		.uleb128 0xb
 1079 0030 3B       		.uleb128 0x3b
 1080 0031 05       		.uleb128 0x5
 1081 0032 49       		.uleb128 0x49
 1082 0033 13       		.uleb128 0x13
 1083 0034 00       		.byte	0
 1084 0035 00       		.byte	0
 1085 0036 05       		.uleb128 0x5
ARM GAS  C:\Users\d4hhm\AppData\Local\Temp\cceRi99j.s 			page 23


 1086 0037 0F       		.uleb128 0xf
 1087 0038 00       		.byte	0
 1088 0039 0B       		.uleb128 0xb
 1089 003a 0B       		.uleb128 0xb
 1090 003b 00       		.byte	0
 1091 003c 00       		.byte	0
 1092 003d 06       		.uleb128 0x6
 1093 003e 04       		.uleb128 0x4
 1094 003f 01       		.byte	0x1
 1095 0040 0B       		.uleb128 0xb
 1096 0041 0B       		.uleb128 0xb
 1097 0042 49       		.uleb128 0x49
 1098 0043 13       		.uleb128 0x13
 1099 0044 3A       		.uleb128 0x3a
 1100 0045 0B       		.uleb128 0xb
 1101 0046 3B       		.uleb128 0x3b
 1102 0047 05       		.uleb128 0x5
 1103 0048 01       		.uleb128 0x1
 1104 0049 13       		.uleb128 0x13
 1105 004a 00       		.byte	0
 1106 004b 00       		.byte	0
 1107 004c 07       		.uleb128 0x7
 1108 004d 28       		.uleb128 0x28
 1109 004e 00       		.byte	0
 1110 004f 03       		.uleb128 0x3
 1111 0050 0E       		.uleb128 0xe
 1112 0051 1C       		.uleb128 0x1c
 1113 0052 0B       		.uleb128 0xb
 1114 0053 00       		.byte	0
 1115 0054 00       		.byte	0
 1116 0055 08       		.uleb128 0x8
 1117 0056 28       		.uleb128 0x28
 1118 0057 00       		.byte	0
 1119 0058 03       		.uleb128 0x3
 1120 0059 0E       		.uleb128 0xe
 1121 005a 1C       		.uleb128 0x1c
 1122 005b 05       		.uleb128 0x5
 1123 005c 00       		.byte	0
 1124 005d 00       		.byte	0
 1125 005e 09       		.uleb128 0x9
 1126 005f 13       		.uleb128 0x13
 1127 0060 01       		.byte	0x1
 1128 0061 0B       		.uleb128 0xb
 1129 0062 0B       		.uleb128 0xb
 1130 0063 3A       		.uleb128 0x3a
 1131 0064 0B       		.uleb128 0xb
 1132 0065 3B       		.uleb128 0x3b
 1133 0066 05       		.uleb128 0x5
 1134 0067 01       		.uleb128 0x1
 1135 0068 13       		.uleb128 0x13
 1136 0069 00       		.byte	0
 1137 006a 00       		.byte	0
 1138 006b 0A       		.uleb128 0xa
 1139 006c 0D       		.uleb128 0xd
 1140 006d 00       		.byte	0
 1141 006e 03       		.uleb128 0x3
 1142 006f 0E       		.uleb128 0xe
ARM GAS  C:\Users\d4hhm\AppData\Local\Temp\cceRi99j.s 			page 24


 1143 0070 3A       		.uleb128 0x3a
 1144 0071 0B       		.uleb128 0xb
 1145 0072 3B       		.uleb128 0x3b
 1146 0073 05       		.uleb128 0x5
 1147 0074 49       		.uleb128 0x49
 1148 0075 13       		.uleb128 0x13
 1149 0076 38       		.uleb128 0x38
 1150 0077 0B       		.uleb128 0xb
 1151 0078 00       		.byte	0
 1152 0079 00       		.byte	0
 1153 007a 0B       		.uleb128 0xb
 1154 007b 01       		.uleb128 0x1
 1155 007c 01       		.byte	0x1
 1156 007d 49       		.uleb128 0x49
 1157 007e 13       		.uleb128 0x13
 1158 007f 01       		.uleb128 0x1
 1159 0080 13       		.uleb128 0x13
 1160 0081 00       		.byte	0
 1161 0082 00       		.byte	0
 1162 0083 0C       		.uleb128 0xc
 1163 0084 21       		.uleb128 0x21
 1164 0085 00       		.byte	0
 1165 0086 49       		.uleb128 0x49
 1166 0087 13       		.uleb128 0x13
 1167 0088 2F       		.uleb128 0x2f
 1168 0089 0B       		.uleb128 0xb
 1169 008a 00       		.byte	0
 1170 008b 00       		.byte	0
 1171 008c 0D       		.uleb128 0xd
 1172 008d 2E       		.uleb128 0x2e
 1173 008e 01       		.byte	0x1
 1174 008f 3F       		.uleb128 0x3f
 1175 0090 19       		.uleb128 0x19
 1176 0091 03       		.uleb128 0x3
 1177 0092 0E       		.uleb128 0xe
 1178 0093 3A       		.uleb128 0x3a
 1179 0094 0B       		.uleb128 0xb
 1180 0095 3B       		.uleb128 0x3b
 1181 0096 0B       		.uleb128 0xb
 1182 0097 27       		.uleb128 0x27
 1183 0098 19       		.uleb128 0x19
 1184 0099 11       		.uleb128 0x11
 1185 009a 01       		.uleb128 0x1
 1186 009b 12       		.uleb128 0x12
 1187 009c 06       		.uleb128 0x6
 1188 009d 40       		.uleb128 0x40
 1189 009e 18       		.uleb128 0x18
 1190 009f 9642     		.uleb128 0x2116
 1191 00a1 19       		.uleb128 0x19
 1192 00a2 01       		.uleb128 0x1
 1193 00a3 13       		.uleb128 0x13
 1194 00a4 00       		.byte	0
 1195 00a5 00       		.byte	0
 1196 00a6 0E       		.uleb128 0xe
 1197 00a7 34       		.uleb128 0x34
 1198 00a8 00       		.byte	0
 1199 00a9 03       		.uleb128 0x3
ARM GAS  C:\Users\d4hhm\AppData\Local\Temp\cceRi99j.s 			page 25


 1200 00aa 0E       		.uleb128 0xe
 1201 00ab 3A       		.uleb128 0x3a
 1202 00ac 0B       		.uleb128 0xb
 1203 00ad 3B       		.uleb128 0x3b
 1204 00ae 0B       		.uleb128 0xb
 1205 00af 49       		.uleb128 0x49
 1206 00b0 13       		.uleb128 0x13
 1207 00b1 02       		.uleb128 0x2
 1208 00b2 18       		.uleb128 0x18
 1209 00b3 00       		.byte	0
 1210 00b4 00       		.byte	0
 1211 00b5 0F       		.uleb128 0xf
 1212 00b6 2E       		.uleb128 0x2e
 1213 00b7 01       		.byte	0x1
 1214 00b8 3F       		.uleb128 0x3f
 1215 00b9 19       		.uleb128 0x19
 1216 00ba 03       		.uleb128 0x3
 1217 00bb 0E       		.uleb128 0xe
 1218 00bc 3A       		.uleb128 0x3a
 1219 00bd 0B       		.uleb128 0xb
 1220 00be 3B       		.uleb128 0x3b
 1221 00bf 0B       		.uleb128 0xb
 1222 00c0 27       		.uleb128 0x27
 1223 00c1 19       		.uleb128 0x19
 1224 00c2 11       		.uleb128 0x11
 1225 00c3 01       		.uleb128 0x1
 1226 00c4 12       		.uleb128 0x12
 1227 00c5 06       		.uleb128 0x6
 1228 00c6 40       		.uleb128 0x40
 1229 00c7 18       		.uleb128 0x18
 1230 00c8 9742     		.uleb128 0x2117
 1231 00ca 19       		.uleb128 0x19
 1232 00cb 01       		.uleb128 0x1
 1233 00cc 13       		.uleb128 0x13
 1234 00cd 00       		.byte	0
 1235 00ce 00       		.byte	0
 1236 00cf 10       		.uleb128 0x10
 1237 00d0 05       		.uleb128 0x5
 1238 00d1 00       		.byte	0
 1239 00d2 03       		.uleb128 0x3
 1240 00d3 0E       		.uleb128 0xe
 1241 00d4 3A       		.uleb128 0x3a
 1242 00d5 0B       		.uleb128 0xb
 1243 00d6 3B       		.uleb128 0x3b
 1244 00d7 0B       		.uleb128 0xb
 1245 00d8 49       		.uleb128 0x49
 1246 00d9 13       		.uleb128 0x13
 1247 00da 02       		.uleb128 0x2
 1248 00db 18       		.uleb128 0x18
 1249 00dc 00       		.byte	0
 1250 00dd 00       		.byte	0
 1251 00de 11       		.uleb128 0x11
 1252 00df 2E       		.uleb128 0x2e
 1253 00e0 01       		.byte	0x1
 1254 00e1 3F       		.uleb128 0x3f
 1255 00e2 19       		.uleb128 0x19
 1256 00e3 03       		.uleb128 0x3
ARM GAS  C:\Users\d4hhm\AppData\Local\Temp\cceRi99j.s 			page 26


 1257 00e4 0E       		.uleb128 0xe
 1258 00e5 3A       		.uleb128 0x3a
 1259 00e6 0B       		.uleb128 0xb
 1260 00e7 3B       		.uleb128 0x3b
 1261 00e8 0B       		.uleb128 0xb
 1262 00e9 49       		.uleb128 0x49
 1263 00ea 13       		.uleb128 0x13
 1264 00eb 11       		.uleb128 0x11
 1265 00ec 01       		.uleb128 0x1
 1266 00ed 12       		.uleb128 0x12
 1267 00ee 06       		.uleb128 0x6
 1268 00ef 40       		.uleb128 0x40
 1269 00f0 18       		.uleb128 0x18
 1270 00f1 9642     		.uleb128 0x2116
 1271 00f3 19       		.uleb128 0x19
 1272 00f4 01       		.uleb128 0x1
 1273 00f5 13       		.uleb128 0x13
 1274 00f6 00       		.byte	0
 1275 00f7 00       		.byte	0
 1276 00f8 12       		.uleb128 0x12
 1277 00f9 34       		.uleb128 0x34
 1278 00fa 00       		.byte	0
 1279 00fb 03       		.uleb128 0x3
 1280 00fc 0E       		.uleb128 0xe
 1281 00fd 3A       		.uleb128 0x3a
 1282 00fe 0B       		.uleb128 0xb
 1283 00ff 3B       		.uleb128 0x3b
 1284 0100 05       		.uleb128 0x5
 1285 0101 49       		.uleb128 0x49
 1286 0102 13       		.uleb128 0x13
 1287 0103 3F       		.uleb128 0x3f
 1288 0104 19       		.uleb128 0x19
 1289 0105 3C       		.uleb128 0x3c
 1290 0106 19       		.uleb128 0x19
 1291 0107 00       		.byte	0
 1292 0108 00       		.byte	0
 1293 0109 13       		.uleb128 0x13
 1294 010a 34       		.uleb128 0x34
 1295 010b 00       		.byte	0
 1296 010c 03       		.uleb128 0x3
 1297 010d 0E       		.uleb128 0xe
 1298 010e 3A       		.uleb128 0x3a
 1299 010f 0B       		.uleb128 0xb
 1300 0110 3B       		.uleb128 0x3b
 1301 0111 0B       		.uleb128 0xb
 1302 0112 49       		.uleb128 0x49
 1303 0113 13       		.uleb128 0x13
 1304 0114 3F       		.uleb128 0x3f
 1305 0115 19       		.uleb128 0x19
 1306 0116 02       		.uleb128 0x2
 1307 0117 18       		.uleb128 0x18
 1308 0118 00       		.byte	0
 1309 0119 00       		.byte	0
 1310 011a 00       		.byte	0
 1311              		.section	.debug_aranges,"",%progbits
 1312 0000 2C000000 		.4byte	0x2c
 1313 0004 0200     		.2byte	0x2
ARM GAS  C:\Users\d4hhm\AppData\Local\Temp\cceRi99j.s 			page 27


 1314 0006 00000000 		.4byte	.Ldebug_info0
 1315 000a 04       		.byte	0x4
 1316 000b 00       		.byte	0
 1317 000c 0000     		.2byte	0
 1318 000e 0000     		.2byte	0
 1319 0010 00000000 		.4byte	.LFB36
 1320 0014 1C010000 		.4byte	.LFE36-.LFB36
 1321 0018 00000000 		.4byte	.LFB37
 1322 001c 2C000000 		.4byte	.LFE37-.LFB37
 1323 0020 00000000 		.4byte	.LFB38
 1324 0024 D4000000 		.4byte	.LFE38-.LFB38
 1325 0028 00000000 		.4byte	0
 1326 002c 00000000 		.4byte	0
 1327              		.section	.debug_ranges,"",%progbits
 1328              	.Ldebug_ranges0:
 1329 0000 00000000 		.4byte	.LFB36
 1330 0004 1C010000 		.4byte	.LFE36
 1331 0008 00000000 		.4byte	.LFB37
 1332 000c 2C000000 		.4byte	.LFE37
 1333 0010 00000000 		.4byte	.LFB38
 1334 0014 D4000000 		.4byte	.LFE38
 1335 0018 00000000 		.4byte	0
 1336 001c 00000000 		.4byte	0
 1337              		.section	.debug_line,"",%progbits
 1338              	.Ldebug_line0:
 1339 0000 F4000000 		.section	.debug_str,"MS",%progbits,1
 1339      02007100 
 1339      00000201 
 1339      FB0E0D00 
 1339      01010101 
 1340              	.LASF81:
 1341 0000 4359424C 		.ascii	"CYBLE_EVT_L2CAP_CBFC_RX_CREDIT_IND\000"
 1341      455F4556 
 1341      545F4C32 
 1341      4341505F 
 1341      43424643 
 1342              	.LASF22:
 1343 0023 4359424C 		.ascii	"CYBLE_EVT_STACK_BUSY_STATUS\000"
 1343      455F4556 
 1343      545F5354 
 1343      41434B5F 
 1343      42555359 
 1344              	.LASF10:
 1345 003f 75696E74 		.ascii	"uint16\000"
 1345      313600
 1346              	.LASF80:
 1347 0046 4359424C 		.ascii	"CYBLE_EVT_L2CAP_CBFC_DATA_READ\000"
 1347      455F4556 
 1347      545F4C32 
 1347      4341505F 
 1347      43424643 
 1348              	.LASF92:
 1349 0065 4359424C 		.ascii	"CYBLE_ERROR_MEMORY_ALLOCATION_FAILED\000"
 1349      455F4552 
 1349      524F525F 
 1349      4D454D4F 
 1349      52595F41 
ARM GAS  C:\Users\d4hhm\AppData\Local\Temp\cceRi99j.s 			page 28


 1350              	.LASF126:
 1351 008a 4359424C 		.ascii	"CYBLE_GAPP_DISC_DATA_T\000"
 1351      455F4741 
 1351      50505F44 
 1351      4953435F 
 1351      44415441 
 1352              	.LASF34:
 1353 00a1 4359424C 		.ascii	"CYBLE_EVT_GAP_CONNECTION_UPDATE_COMPLETE\000"
 1353      455F4556 
 1353      545F4741 
 1353      505F434F 
 1353      4E4E4543 
 1354              	.LASF79:
 1355 00ca 4359424C 		.ascii	"CYBLE_EVT_L2CAP_CBFC_DISCONN_CNF\000"
 1355      455F4556 
 1355      545F4C32 
 1355      4341505F 
 1355      43424643 
 1356              	.LASF113:
 1357 00eb 4359424C 		.ascii	"CYBLE_ERROR_UNSUPPORTED_FEATURE_OR_PARAMETER_VALUE\000"
 1357      455F4552 
 1357      524F525F 
 1357      554E5355 
 1357      50504F52 
 1358              	.LASF39:
 1359 011e 4359424C 		.ascii	"CYBLE_EVT_GAP_OOB_GENERATED_NOTIFICATION\000"
 1359      455F4556 
 1359      545F4741 
 1359      505F4F4F 
 1359      425F4745 
 1360              	.LASF59:
 1361 0147 4359424C 		.ascii	"CYBLE_EVT_GATTC_READ_MULTI_RSP\000"
 1361      455F4556 
 1361      545F4741 
 1361      5454435F 
 1361      52454144 
 1362              	.LASF64:
 1363 0166 4359424C 		.ascii	"CYBLE_EVT_GATTS_EXEC_WRITE_REQ\000"
 1363      455F4556 
 1363      545F4741 
 1363      5454535F 
 1363      45584543 
 1364              	.LASF76:
 1365 0185 4359424C 		.ascii	"CYBLE_EVT_L2CAP_CBFC_CONN_IND\000"
 1365      455F4556 
 1365      545F4C32 
 1365      4341505F 
 1365      43424643 
 1366              	.LASF19:
 1367 01a3 4359424C 		.ascii	"CYBLE_EVT_TIMEOUT\000"
 1367      455F4556 
 1367      545F5449 
 1367      4D454F55 
 1367      5400
 1368              	.LASF4:
 1369 01b5 6C6F6E67 		.ascii	"long int\000"
 1369      20696E74 
ARM GAS  C:\Users\d4hhm\AppData\Local\Temp\cceRi99j.s 			page 29


 1369      00
 1370              	.LASF112:
 1371 01be 4359424C 		.ascii	"CYBLE_ERROR_HARDWARE_FAILURE\000"
 1371      455F4552 
 1371      524F525F 
 1371      48415244 
 1371      57415245 
 1372              	.LASF137:
 1373 01db 72616E67 		.ascii	"range_value\000"
 1373      655F7661 
 1373      6C756500 
 1374              	.LASF102:
 1375 01e7 4359424C 		.ascii	"CYBLE_ERROR_L2CAP_PSM_WRONG_ENCODING\000"
 1375      455F4552 
 1375      524F525F 
 1375      4C324341 
 1375      505F5053 
 1376              	.LASF93:
 1377 020c 4359424C 		.ascii	"CYBLE_ERROR_INSUFFICIENT_RESOURCES\000"
 1377      455F4552 
 1377      524F525F 
 1377      494E5355 
 1377      46464943 
 1378              	.LASF21:
 1379 022f 4359424C 		.ascii	"CYBLE_EVT_HCI_STATUS\000"
 1379      455F4556 
 1379      545F4843 
 1379      495F5354 
 1379      41545553 
 1380              	.LASF35:
 1381 0244 4359424C 		.ascii	"CYBLE_EVT_GAPC_SCAN_START_STOP\000"
 1381      455F4556 
 1381      545F4741 
 1381      50435F53 
 1381      43414E5F 
 1382              	.LASF84:
 1383 0263 4359424C 		.ascii	"CYBLE_EVT_PENDING_FLASH_WRITE\000"
 1383      455F4556 
 1383      545F5045 
 1383      4E44494E 
 1383      475F464C 
 1384              	.LASF101:
 1385 0281 4359424C 		.ascii	"CYBLE_ERROR_SEC_FAILED\000"
 1385      455F4552 
 1385      524F525F 
 1385      5345435F 
 1385      4641494C 
 1386              	.LASF33:
 1387 0298 4359424C 		.ascii	"CYBLE_EVT_GAP_ENCRYPT_CHANGE\000"
 1387      455F4556 
 1387      545F4741 
 1387      505F454E 
 1387      43525950 
 1388              	.LASF132:
 1389 02b5 50726573 		.ascii	"Pressure_int\000"
 1389      73757265 
 1389      5F696E74 
ARM GAS  C:\Users\d4hhm\AppData\Local\Temp\cceRi99j.s 			page 30


 1389      00
 1390              	.LASF37:
 1391 02c2 4359424C 		.ascii	"CYBLE_EVT_GAP_NUMERIC_COMPARISON_REQUEST\000"
 1391      455F4556 
 1391      545F4741 
 1391      505F4E55 
 1391      4D455249 
 1392              	.LASF142:
 1393 02eb 63617073 		.ascii	"capsense_value\000"
 1393      656E7365 
 1393      5F76616C 
 1393      756500
 1394              	.LASF6:
 1395 02fa 6C6F6E67 		.ascii	"long long int\000"
 1395      206C6F6E 
 1395      6720696E 
 1395      7400
 1396              	.LASF0:
 1397 0308 7369676E 		.ascii	"signed char\000"
 1397      65642063 
 1397      68617200 
 1398              	.LASF18:
 1399 0314 4359424C 		.ascii	"CYBLE_EVT_STACK_ON\000"
 1399      455F4556 
 1399      545F5354 
 1399      41434B5F 
 1399      4F4E00
 1400              	.LASF109:
 1401 0327 4359424C 		.ascii	"CYBLE_ERROR_DEVICE_ALREADY_EXISTS\000"
 1401      455F4552 
 1401      524F525F 
 1401      44455649 
 1401      43455F41 
 1402              	.LASF96:
 1403 0349 4359424C 		.ascii	"CYBLE_ERROR_NO_DEVICE_ENTITY\000"
 1403      455F4552 
 1403      524F525F 
 1403      4E4F5F44 
 1403      45564943 
 1404              	.LASF25:
 1405 0366 4359424C 		.ascii	"CYBLE_EVT_GAP_AUTH_REQ\000"
 1405      455F4556 
 1405      545F4741 
 1405      505F4155 
 1405      54485F52 
 1406              	.LASF57:
 1407 037d 4359424C 		.ascii	"CYBLE_EVT_GATTC_READ_RSP\000"
 1407      455F4556 
 1407      545F4741 
 1407      5454435F 
 1407      52454144 
 1408              	.LASF145:
 1409 0396 433A5C55 		.ascii	"C:\\Users\\d4hhm\\Documents\\Care-support-system\\S"
 1409      73657273 
 1409      5C643468 
 1409      686D5C44 
 1409      6F63756D 
ARM GAS  C:\Users\d4hhm\AppData\Local\Temp\cceRi99j.s 			page 31


 1410 03c4 6C617665 		.ascii	"lave\\Design01.cydsn\000"
 1410      5C446573 
 1410      69676E30 
 1410      312E6379 
 1410      64736E00 
 1411              	.LASF140:
 1412 03d8 50726573 		.ascii	"Pressure\000"
 1412      73757265 
 1412      00
 1413              	.LASF121:
 1414 03e1 4359424C 		.ascii	"CYBLE_ERROR_INVALID_STATE\000"
 1414      455F4552 
 1414      524F525F 
 1414      494E5641 
 1414      4C49445F 
 1415              	.LASF62:
 1416 03fb 4359424C 		.ascii	"CYBLE_EVT_GATTS_WRITE_CMD_REQ\000"
 1416      455F4556 
 1416      545F4741 
 1416      5454535F 
 1416      57524954 
 1417              	.LASF127:
 1418 0419 5764745F 		.ascii	"Wdt_Callback\000"
 1418      43616C6C 
 1418      6261636B 
 1418      00
 1419              	.LASF30:
 1420 0426 4359424C 		.ascii	"CYBLE_EVT_GAPP_ADVERTISEMENT_START_STOP\000"
 1420      455F4556 
 1420      545F4741 
 1420      50505F41 
 1420      44564552 
 1421              	.LASF107:
 1422 044e 4359424C 		.ascii	"CYBLE_ERROR_L2CAP_PSM_NOT_IN_RANGE\000"
 1422      455F4552 
 1422      524F525F 
 1422      4C324341 
 1422      505F5053 
 1423              	.LASF9:
 1424 0471 75696E74 		.ascii	"uint8\000"
 1424      3800
 1425              	.LASF65:
 1426 0477 4359424C 		.ascii	"CYBLE_EVT_GATTC_EXEC_WRITE_RSP\000"
 1426      455F4556 
 1426      545F4741 
 1426      5454435F 
 1426      45584543 
 1427              	.LASF13:
 1428 0496 646F7562 		.ascii	"double\000"
 1428      6C6500
 1429              	.LASF90:
 1430 049d 4359424C 		.ascii	"CYBLE_ERROR_INVALID_PARAMETER\000"
 1430      455F4552 
 1430      524F525F 
 1430      494E5641 
 1430      4C49445F 
 1431              	.LASF136:
ARM GAS  C:\Users\d4hhm\AppData\Local\Temp\cceRi99j.s 			page 32


 1432 04bb 7469636B 		.ascii	"tick\000"
 1432      00
 1433              	.LASF11:
 1434 04c0 75696E74 		.ascii	"uint32\000"
 1434      333200
 1435              	.LASF88:
 1436 04c7 4359424C 		.ascii	"CYBLE_EVT_MAX\000"
 1436      455F4556 
 1436      545F4D41 
 1436      5800
 1437              	.LASF89:
 1438 04d5 4359424C 		.ascii	"CYBLE_ERROR_OK\000"
 1438      455F4552 
 1438      524F525F 
 1438      4F4B00
 1439              	.LASF48:
 1440 04e4 4359424C 		.ascii	"CYBLE_EVT_GATTC_ERROR_RSP\000"
 1440      455F4556 
 1440      545F4741 
 1440      5454435F 
 1440      4552524F 
 1441              	.LASF73:
 1442 04fe 4359424C 		.ascii	"CYBLE_EVT_L2CAP_CONN_PARAM_UPDATE_REQ\000"
 1442      455F4556 
 1442      545F4C32 
 1442      4341505F 
 1442      434F4E4E 
 1443              	.LASF138:
 1444 0524 54656D70 		.ascii	"TempC\000"
 1444      4300
 1445              	.LASF83:
 1446 052a 4359424C 		.ascii	"CYBLE_EVT_L2CAP_CBFC_DATA_WRITE_IND\000"
 1446      455F4556 
 1446      545F4C32 
 1446      4341505F 
 1446      43424643 
 1447              	.LASF125:
 1448 054e 61647644 		.ascii	"advDataLen\000"
 1448      6174614C 
 1448      656E00
 1449              	.LASF45:
 1450 0559 4359424C 		.ascii	"CYBLE_EVT_GAP_SCAN_REQ_RECVD\000"
 1450      455F4556 
 1450      545F4741 
 1450      505F5343 
 1450      414E5F52 
 1451              	.LASF7:
 1452 0576 6C6F6E67 		.ascii	"long long unsigned int\000"
 1452      206C6F6E 
 1452      6720756E 
 1452      7369676E 
 1452      65642069 
 1453              	.LASF70:
 1454 058d 4359424C 		.ascii	"CYBLE_EVT_GATTC_STOP_CMD_COMPLETE\000"
 1454      455F4556 
 1454      545F4741 
 1454      5454435F 
ARM GAS  C:\Users\d4hhm\AppData\Local\Temp\cceRi99j.s 			page 33


 1454      53544F50 
 1455              	.LASF135:
 1456 05af 696E6974 		.ascii	"initialized\000"
 1456      69616C69 
 1456      7A656400 
 1457              	.LASF94:
 1458 05bb 4359424C 		.ascii	"CYBLE_ERROR_OOB_NOT_AVAILABLE\000"
 1458      455F4552 
 1458      524F525F 
 1458      4F4F425F 
 1458      4E4F545F 
 1459              	.LASF85:
 1460 05d9 4359424C 		.ascii	"CYBLE_EVT_LE_PING_AUTH_TIMEOUT\000"
 1460      455F4556 
 1460      545F4C45 
 1460      5F50494E 
 1460      475F4155 
 1461              	.LASF103:
 1462 05f8 4359424C 		.ascii	"CYBLE_ERROR_L2CAP_PSM_ALREADY_REGISTERED\000"
 1462      455F4552 
 1462      524F525F 
 1462      4C324341 
 1462      505F5053 
 1463              	.LASF5:
 1464 0621 6C6F6E67 		.ascii	"long unsigned int\000"
 1464      20756E73 
 1464      69676E65 
 1464      6420696E 
 1464      7400
 1465              	.LASF44:
 1466 0633 4359424C 		.ascii	"CYBLE_EVT_GAP_CONN_ESTB\000"
 1466      455F4556 
 1466      545F4741 
 1466      505F434F 
 1466      4E4E5F45 
 1467              	.LASF60:
 1468 064b 4359424C 		.ascii	"CYBLE_EVT_GATTS_WRITE_REQ\000"
 1468      455F4556 
 1468      545F4741 
 1468      5454535F 
 1468      57524954 
 1469              	.LASF52:
 1470 0665 4359424C 		.ascii	"CYBLE_EVT_GATTC_XCHNG_MTU_RSP\000"
 1470      455F4556 
 1470      545F4741 
 1470      5454435F 
 1470      5843484E 
 1471              	.LASF69:
 1472 0683 4359424C 		.ascii	"CYBLE_EVT_GATTS_DATA_SIGNED_CMD_REQ\000"
 1472      455F4556 
 1472      545F4741 
 1472      5454535F 
 1472      44415441 
 1473              	.LASF72:
 1474 06a7 4359424C 		.ascii	"CYBLE_EVT_GATTC_LONG_PROCEDURE_END\000"
 1474      455F4556 
 1474      545F4741 
ARM GAS  C:\Users\d4hhm\AppData\Local\Temp\cceRi99j.s 			page 34


 1474      5454435F 
 1474      4C4F4E47 
 1475              	.LASF106:
 1476 06ca 4359424C 		.ascii	"CYBLE_ERROR_L2CAP_CHANNEL_NOT_FOUND\000"
 1476      455F4552 
 1476      524F525F 
 1476      4C324341 
 1476      505F4348 
 1477              	.LASF129:
 1478 06ee 6576656E 		.ascii	"event\000"
 1478      7400
 1479              	.LASF118:
 1480 06f4 4359424C 		.ascii	"CYBLE_ERROR_NTF_DISABLED\000"
 1480      455F4552 
 1480      524F525F 
 1480      4E54465F 
 1480      44495341 
 1481              	.LASF17:
 1482 070d 4359424C 		.ascii	"CYBLE_EVT_HOST_INVALID\000"
 1482      455F4556 
 1482      545F484F 
 1482      53545F49 
 1482      4E56414C 
 1483              	.LASF55:
 1484 0724 4359424C 		.ascii	"CYBLE_EVT_GATTC_FIND_INFO_RSP\000"
 1484      455F4556 
 1484      545F4741 
 1484      5454435F 
 1484      46494E44 
 1485              	.LASF23:
 1486 0742 4359424C 		.ascii	"CYBLE_EVT_MEMORY_REQUEST\000"
 1486      455F4556 
 1486      545F4D45 
 1486      4D4F5259 
 1486      5F524551 
 1487              	.LASF141:
 1488 075b 74656D70 		.ascii	"temp_humi\000"
 1488      5F68756D 
 1488      6900
 1489              	.LASF26:
 1490 0765 4359424C 		.ascii	"CYBLE_EVT_GAP_PASSKEY_ENTRY_REQUEST\000"
 1490      455F4556 
 1490      545F4741 
 1490      505F5041 
 1490      53534B45 
 1491              	.LASF31:
 1492 0789 4359424C 		.ascii	"CYBLE_EVT_GAP_DEVICE_CONNECTED\000"
 1492      455F4556 
 1492      545F4741 
 1492      505F4445 
 1492      56494345 
 1493              	.LASF139:
 1494 07a8 48756D69 		.ascii	"Humidity\000"
 1494      64697479 
 1494      00
 1495              	.LASF134:
 1496 07b1 6379426C 		.ascii	"cyBle_discoveryData\000"
ARM GAS  C:\Users\d4hhm\AppData\Local\Temp\cceRi99j.s 			page 35


 1496      655F6469 
 1496      73636F76 
 1496      65727944 
 1496      61746100 
 1497              	.LASF144:
 1498 07c5 6D61696E 		.ascii	"main.c\000"
 1498      2E6300
 1499              	.LASF46:
 1500 07cc 4359424C 		.ascii	"CYBLE_EVT_GAP_AUTH_REQ_REPLY_ERR\000"
 1500      455F4556 
 1500      545F4741 
 1500      505F4155 
 1500      54485F52 
 1501              	.LASF143:
 1502 07ed 474E5520 		.ascii	"GNU C11 5.4.1 20160609 (release) [ARM/embedded-5-br"
 1502      43313120 
 1502      352E342E 
 1502      31203230 
 1502      31363036 
 1503 0820 616E6368 		.ascii	"anch revision 237715] -mcpu=cortex-m0 -mthumb -g -O"
 1503      20726576 
 1503      6973696F 
 1503      6E203233 
 1503      37373135 
 1504 0853 30202D66 		.ascii	"0 -ffunction-sections -ffat-lto-objects\000"
 1504      66756E63 
 1504      74696F6E 
 1504      2D736563 
 1504      74696F6E 
 1505              	.LASF49:
 1506 087b 4359424C 		.ascii	"CYBLE_EVT_GATT_CONNECT_IND\000"
 1506      455F4556 
 1506      545F4741 
 1506      54545F43 
 1506      4F4E4E45 
 1507              	.LASF75:
 1508 0896 4359424C 		.ascii	"CYBLE_EVT_L2CAP_COMMAND_REJ\000"
 1508      455F4556 
 1508      545F4C32 
 1508      4341505F 
 1508      434F4D4D 
 1509              	.LASF24:
 1510 08b2 4359424C 		.ascii	"CYBLE_EVT_GAPC_SCAN_PROGRESS_RESULT\000"
 1510      455F4556 
 1510      545F4741 
 1510      50435F53 
 1510      43414E5F 
 1511              	.LASF47:
 1512 08d6 4359424C 		.ascii	"CYBLE_EVT_GAP_SMP_LOC_P256_KEYS_GEN_AND_SET_COMPLET"
 1512      455F4556 
 1512      545F4741 
 1512      505F534D 
 1512      505F4C4F 
 1513 0909 4500     		.ascii	"E\000"
 1514              	.LASF117:
 1515 090b 4359424C 		.ascii	"CYBLE_ERROR_MAX\000"
 1515      455F4552 
ARM GAS  C:\Users\d4hhm\AppData\Local\Temp\cceRi99j.s 			page 36


 1515      524F525F 
 1515      4D415800 
 1516              	.LASF114:
 1517 091b 4359424C 		.ascii	"CYBLE_ERROR_FLASH_WRITE\000"
 1517      455F4552 
 1517      524F525F 
 1517      464C4153 
 1517      485F5752 
 1518              	.LASF54:
 1519 0933 4359424C 		.ascii	"CYBLE_EVT_GATTC_READ_BY_TYPE_RSP\000"
 1519      455F4556 
 1519      545F4741 
 1519      5454435F 
 1519      52454144 
 1520              	.LASF16:
 1521 0954 73697A65 		.ascii	"sizetype\000"
 1521      74797065 
 1521      00
 1522              	.LASF29:
 1523 095d 4359424C 		.ascii	"CYBLE_EVT_GAP_AUTH_FAILED\000"
 1523      455F4556 
 1523      545F4741 
 1523      505F4155 
 1523      54485F46 
 1524              	.LASF61:
 1525 0977 4359424C 		.ascii	"CYBLE_EVT_GATTC_WRITE_RSP\000"
 1525      455F4556 
 1525      545F4741 
 1525      5454435F 
 1525      57524954 
 1526              	.LASF42:
 1527 0991 4359424C 		.ascii	"CYBLE_EVT_GAPC_DIRECT_ADV_REPORT\000"
 1527      455F4556 
 1527      545F4741 
 1527      50435F44 
 1527      49524543 
 1528              	.LASF40:
 1529 09b2 4359424C 		.ascii	"CYBLE_EVT_GAP_DATA_LENGTH_CHANGE\000"
 1529      455F4556 
 1529      545F4741 
 1529      505F4441 
 1529      54415F4C 
 1530              	.LASF28:
 1531 09d3 4359424C 		.ascii	"CYBLE_EVT_GAP_AUTH_COMPLETE\000"
 1531      455F4556 
 1531      545F4741 
 1531      505F4155 
 1531      54485F43 
 1532              	.LASF133:
 1533 09ef 61706952 		.ascii	"apiResult\000"
 1533      6573756C 
 1533      7400
 1534              	.LASF123:
 1535 09f9 4359424C 		.ascii	"CYBLE_API_RESULT_T\000"
 1535      455F4150 
 1535      495F5245 
 1535      53554C54 
ARM GAS  C:\Users\d4hhm\AppData\Local\Temp\cceRi99j.s 			page 37


 1535      5F5400
 1536              	.LASF66:
 1537 0a0c 4359424C 		.ascii	"CYBLE_EVT_GATTC_HANDLE_VALUE_NTF\000"
 1537      455F4556 
 1537      545F4741 
 1537      5454435F 
 1537      48414E44 
 1538              	.LASF119:
 1539 0a2d 4359424C 		.ascii	"CYBLE_ERROR_IND_DISABLED\000"
 1539      455F4552 
 1539      524F525F 
 1539      494E445F 
 1539      44495341 
 1540              	.LASF77:
 1541 0a46 4359424C 		.ascii	"CYBLE_EVT_L2CAP_CBFC_CONN_CNF\000"
 1541      455F4556 
 1541      545F4C32 
 1541      4341505F 
 1541      43424643 
 1542              	.LASF53:
 1543 0a64 4359424C 		.ascii	"CYBLE_EVT_GATTC_READ_BY_GROUP_TYPE_RSP\000"
 1543      455F4556 
 1543      545F4741 
 1543      5454435F 
 1543      52454144 
 1544              	.LASF12:
 1545 0a8b 666C6F61 		.ascii	"float\000"
 1545      7400
 1546              	.LASF99:
 1547 0a91 4359424C 		.ascii	"CYBLE_ERROR_TX_POWER_READ\000"
 1547      455F4552 
 1547      524F525F 
 1547      54585F50 
 1547      4F574552 
 1548              	.LASF120:
 1549 0aab 4359424C 		.ascii	"CYBLE_ERROR_CHAR_IS_NOT_DISCOVERED\000"
 1549      455F4552 
 1549      524F525F 
 1549      43484152 
 1549      5F49535F 
 1550              	.LASF1:
 1551 0ace 756E7369 		.ascii	"unsigned char\000"
 1551      676E6564 
 1551      20636861 
 1551      7200
 1552              	.LASF38:
 1553 0adc 4359424C 		.ascii	"CYBLE_EVT_GAP_KEYPRESS_NOTIFICATION\000"
 1553      455F4556 
 1553      545F4741 
 1553      505F4B45 
 1553      59505245 
 1554              	.LASF2:
 1555 0b00 73686F72 		.ascii	"short int\000"
 1555      7420696E 
 1555      7400
 1556              	.LASF67:
 1557 0b0a 4359424C 		.ascii	"CYBLE_EVT_GATTC_HANDLE_VALUE_IND\000"
ARM GAS  C:\Users\d4hhm\AppData\Local\Temp\cceRi99j.s 			page 38


 1557      455F4556 
 1557      545F4741 
 1557      5454435F 
 1557      48414E44 
 1558              	.LASF86:
 1559 0b2b 4359424C 		.ascii	"CYBLE_EVT_HCI_PKT\000"
 1559      455F4556 
 1559      545F4843 
 1559      495F504B 
 1559      5400
 1560              	.LASF95:
 1561 0b3d 4359424C 		.ascii	"CYBLE_ERROR_NO_CONNECTION\000"
 1561      455F4552 
 1561      524F525F 
 1561      4E4F5F43 
 1561      4F4E4E45 
 1562              	.LASF63:
 1563 0b57 4359424C 		.ascii	"CYBLE_EVT_GATTS_PREP_WRITE_REQ\000"
 1563      455F4556 
 1563      545F4741 
 1563      5454535F 
 1563      50524550 
 1564              	.LASF124:
 1565 0b76 61647644 		.ascii	"advData\000"
 1565      61746100 
 1566              	.LASF115:
 1567 0b7e 4359424C 		.ascii	"CYBLE_ERROR_LL_SAME_TRANSACTION_COLLISION\000"
 1567      455F4552 
 1567      524F525F 
 1567      4C4C5F53 
 1567      414D455F 
 1568              	.LASF68:
 1569 0ba8 4359424C 		.ascii	"CYBLE_EVT_GATTS_HANDLE_VALUE_CNF\000"
 1569      455F4556 
 1569      545F4741 
 1569      5454535F 
 1569      48414E44 
 1570              	.LASF97:
 1571 0bc9 4359424C 		.ascii	"CYBLE_ERROR_REPEATED_ATTEMPTS\000"
 1571      455F4552 
 1571      524F525F 
 1571      52455045 
 1571      41544544 
 1572              	.LASF43:
 1573 0be7 4359424C 		.ascii	"CYBLE_EVT_GAP_SMP_NEGOTIATED_AUTH_INFO\000"
 1573      455F4556 
 1573      545F4741 
 1573      505F534D 
 1573      505F4E45 
 1574              	.LASF122:
 1575 0c0e 4359424C 		.ascii	"CYBLE_ERROR_STACK_BUSY\000"
 1575      455F4552 
 1575      524F525F 
 1575      53544143 
 1575      4B5F4255 
 1576              	.LASF15:
 1577 0c25 6C6F6E67 		.ascii	"long double\000"
ARM GAS  C:\Users\d4hhm\AppData\Local\Temp\cceRi99j.s 			page 39


 1577      20646F75 
 1577      626C6500 
 1578              	.LASF14:
 1579 0c31 63686172 		.ascii	"char\000"
 1579      00
 1580              	.LASF100:
 1581 0c36 4359424C 		.ascii	"CYBLE_ERROR_BT_ON_NOT_COMPLETED\000"
 1581      455F4552 
 1581      524F525F 
 1581      42545F4F 
 1581      4E5F4E4F 
 1582              	.LASF32:
 1583 0c56 4359424C 		.ascii	"CYBLE_EVT_GAP_DEVICE_DISCONNECTED\000"
 1583      455F4556 
 1583      545F4741 
 1583      505F4445 
 1583      56494345 
 1584              	.LASF8:
 1585 0c78 756E7369 		.ascii	"unsigned int\000"
 1585      676E6564 
 1585      20696E74 
 1585      00
 1586              	.LASF71:
 1587 0c85 4359424C 		.ascii	"CYBLE_EVT_GATTS_READ_CHAR_VAL_ACCESS_REQ\000"
 1587      455F4556 
 1587      545F4741 
 1587      5454535F 
 1587      52454144 
 1588              	.LASF82:
 1589 0cae 4359424C 		.ascii	"CYBLE_EVT_L2CAP_CBFC_TX_CREDIT_IND\000"
 1589      455F4556 
 1589      545F4C32 
 1589      4341505F 
 1589      43424643 
 1590              	.LASF110:
 1591 0cd1 4359424C 		.ascii	"CYBLE_ERROR_FLASH_WRITE_NOT_PERMITED\000"
 1591      455F4552 
 1591      524F525F 
 1591      464C4153 
 1591      485F5752 
 1592              	.LASF105:
 1593 0cf6 4359424C 		.ascii	"CYBLE_ERROR_L2CAP_CONNECTION_ENTITY_NOT_FOUND\000"
 1593      455F4552 
 1593      524F525F 
 1593      4C324341 
 1593      505F434F 
 1594              	.LASF27:
 1595 0d24 4359424C 		.ascii	"CYBLE_EVT_GAP_PASSKEY_DISPLAY_REQUEST\000"
 1595      455F4556 
 1595      545F4741 
 1595      505F5041 
 1595      53534B45 
 1596              	.LASF20:
 1597 0d4a 4359424C 		.ascii	"CYBLE_EVT_HARDWARE_ERROR\000"
 1597      455F4556 
 1597      545F4841 
 1597      52445741 
ARM GAS  C:\Users\d4hhm\AppData\Local\Temp\cceRi99j.s 			page 40


 1597      52455F45 
 1598              	.LASF3:
 1599 0d63 73686F72 		.ascii	"short unsigned int\000"
 1599      7420756E 
 1599      7369676E 
 1599      65642069 
 1599      6E7400
 1600              	.LASF91:
 1601 0d76 4359424C 		.ascii	"CYBLE_ERROR_INVALID_OPERATION\000"
 1601      455F4552 
 1601      524F525F 
 1601      494E5641 
 1601      4C49445F 
 1602              	.LASF51:
 1603 0d94 4359424C 		.ascii	"CYBLE_EVT_GATTS_XCNHG_MTU_REQ\000"
 1603      455F4556 
 1603      545F4741 
 1603      5454535F 
 1603      58434E48 
 1604              	.LASF130:
 1605 0db2 6576656E 		.ascii	"eventParam\000"
 1605      74506172 
 1605      616D00
 1606              	.LASF58:
 1607 0dbd 4359424C 		.ascii	"CYBLE_EVT_GATTC_READ_BLOB_RSP\000"
 1607      455F4556 
 1607      545F4741 
 1607      5454435F 
 1607      52454144 
 1608              	.LASF116:
 1609 0ddb 4359424C 		.ascii	"CYBLE_ERROR_CONTROLLER_BUSY\000"
 1609      455F4552 
 1609      524F525F 
 1609      434F4E54 
 1609      524F4C4C 
 1610              	.LASF128:
 1611 0df7 53746163 		.ascii	"StackEventHandler\000"
 1611      6B457665 
 1611      6E744861 
 1611      6E646C65 
 1611      7200
 1612              	.LASF111:
 1613 0e09 4359424C 		.ascii	"CYBLE_ERROR_MIC_AUTH_FAILED\000"
 1613      455F4552 
 1613      524F525F 
 1613      4D49435F 
 1613      41555448 
 1614              	.LASF104:
 1615 0e25 4359424C 		.ascii	"CYBLE_ERROR_L2CAP_PSM_NOT_REGISTERED\000"
 1615      455F4552 
 1615      524F525F 
 1615      4C324341 
 1615      505F5053 
 1616              	.LASF56:
 1617 0e4a 4359424C 		.ascii	"CYBLE_EVT_GATTC_FIND_BY_TYPE_VALUE_RSP\000"
 1617      455F4556 
 1617      545F4741 
ARM GAS  C:\Users\d4hhm\AppData\Local\Temp\cceRi99j.s 			page 41


 1617      5454435F 
 1617      46494E44 
 1618              	.LASF98:
 1619 0e71 4359424C 		.ascii	"CYBLE_ERROR_GAP_ROLE\000"
 1619      455F4552 
 1619      524F525F 
 1619      4741505F 
 1619      524F4C45 
 1620              	.LASF36:
 1621 0e86 4359424C 		.ascii	"CYBLE_EVT_GAP_KEYINFO_EXCHNGE_CMPLT\000"
 1621      455F4556 
 1621      545F4741 
 1621      505F4B45 
 1621      59494E46 
 1622              	.LASF78:
 1623 0eaa 4359424C 		.ascii	"CYBLE_EVT_L2CAP_CBFC_DISCONN_IND\000"
 1623      455F4556 
 1623      545F4C32 
 1623      4341505F 
 1623      43424643 
 1624              	.LASF74:
 1625 0ecb 4359424C 		.ascii	"CYBLE_EVT_L2CAP_CONN_PARAM_UPDATE_RSP\000"
 1625      455F4556 
 1625      545F4C32 
 1625      4341505F 
 1625      434F4E4E 
 1626              	.LASF131:
 1627 0ef1 6D61696E 		.ascii	"main\000"
 1627      00
 1628              	.LASF41:
 1629 0ef6 4359424C 		.ascii	"CYBLE_EVT_GAP_ENHANCE_CONN_COMPLETE\000"
 1629      455F4556 
 1629      545F4741 
 1629      505F454E 
 1629      48414E43 
 1630              	.LASF50:
 1631 0f1a 4359424C 		.ascii	"CYBLE_EVT_GATT_DISCONNECT_IND\000"
 1631      455F4556 
 1631      545F4741 
 1631      54545F44 
 1631      4953434F 
 1632              	.LASF108:
 1633 0f38 4359424C 		.ascii	"CYBLE_ERROR_GATT_DB_INVALID_ATTR_HANDLE\000"
 1633      455F4552 
 1633      524F525F 
 1633      47415454 
 1633      5F44425F 
 1634              	.LASF87:
 1635 0f60 4359424C 		.ascii	"CYBLE_EVT_FLASH_CORRUPT\000"
 1635      455F4556 
 1635      545F464C 
 1635      4153485F 
 1635      434F5252 
 1636              		.ident	"GCC: (GNU Tools for ARM Embedded Processors) 5.4.1 20160609 (release) [ARM/embedded-5-bran
